===== New sim =====
===== New sim =====
1.26562, 1
1.08181, 1
0.976333, 1
0.853122, 1
0.940261, 1
0.881466, 1
0.819511, 1
0.760471, 1
0.694092, 1
0.292161, 1
3.51287, 0
8.02654, 0
6.63152, 1
6.75767, 1
6.77327, 1
6.81769, 1
47.0648, 0
47.1148, 0
46.8182, 0
46.948, 0
46.9243, 0
34.7898, 0
34.7505, 0
34.71, 0
34.6759, 0
34.6512, 0
28.4578, 0
28.5288, 0
28.5267, 0
1.78291, 1
3.81108, 1
28.5245, 0
28.5191, 0
36.6372, 0
36.5003, 0
36.4996, 0
36.4989, 0
36.4983, 0
===== New sim =====
===== New sim =====
1.87569, 1
2.19597, 1
1.32849, 1
1.14816, 1
1.14816, 1
1.14816, 1
0.955424, 1
1.27414, 1
1.20855, 1
1.20855, 1
1.21036, 1
1.08793, 1
1.05801, 1
0.997207, 1
0.29046, 1
0.290993, 1
0.288908, 1
0.288908, 1
1.29252, 1
1.15355, 1
1.11799, 1
1.09025, 1
0.511304, 1
3.56509, 1
1.14883, 1
1.082, 1
1.04387, 1
1.0254, 1
0.872246, 1
1.32425, 1
52.3672, 0
===== New sim =====
===== New sim =====
1.33997, 1
1.1205, 1
1.06448, 1
1.06448, 1
0.987258, 1
0.644551, 1
1.66834, 1
1.43582, 1
0.76431, 1
0.214601, 1
0.214601, 1
0.214601, 1
2.19074, 1
2.28358, 1
52.5454, 0
52.2245, 0
52.3513, 0
52.3689, 0
52.3151, 0
49.7531, 0
49.6837, 0
49.6119, 0
49.5424, 0
49.4614, 0
0.839683, 1
4.00156, 1
1.31434, 1
0.751317, 1
0.652619, 1
0.622096, 1
1.64229, 1
0.907498, 1
0.907498, 1
0.907498, 1
===== New sim =====
===== New sim =====
1.3142, 1
1.49209, 1
1.15796, 1
1.1287, 1
1.29256, 1
1.10147, 1
1.10147, 1
1.10147, 1
0.965469, 1
0.464536, 1
0.511792, 1
0.644963, 1
1.93748, 1
2.7802, 1
20.3969, 0
20.4761, 0
20.6105, 0
20.692, 0
20.7906, 0
27.7754, 0
29.1426, 0
28.3726, 0
28.6961, 0
28.7908, 0
55.7523, 0
56.9867, 0
56.419, 0
1.03321, 1
3.38391, 1
56.3446, 0
56.3613, 0
0.135963, 1
0.383454, 1
0.381143, 1
0.379106, 1
0.637818, 1
1.16113, 1
1.19683, 1
1.1394, 1
===== New sim =====
===== New sim =====
8.65324, 0
9.18667, 0
9.2284, 0
9.31275, 0
9.38494, 0
50.7106, 0
49.6752, 0
50.1233, 0
50.2833, 0
50.0734, 0
40.1444, 0
40.2381, 0
40.1079, 0
39.9563, 0
39.8506, 0
34.1942, 0
34.2292, 0
34.2589, 0
34.2856, 0
34.3097, 0
1.19143, 1
1.83421, 1
24.6518, 0
25.3538, 0
25.8251, 0
25.2733, 0
25.4587, 0
59.2152, 0
59.1877, 0
59.1856, 0
59.1837, 0
59.1775, 0
2.88756, 1
2.08846, 1
31.0162, 0
30.9034, 0
30.9567, 0
30.9585, 0
30.9348, 0
===== New sim =====
===== New sim =====
1.24578, 1
1.06643, 1
1.0312, 1
0.983812, 1
0.898097, 1
0.86804, 1
3.57954, 1
4.69229, 1
4.20349, 1
4.20349, 1
3.87572, 1
3.67991, 1
1.35746, 1
1.21616, 1
1.18164, 1
0.865785, 1
1.3491, 1
1.17032, 1
1.17032, 1
1.17032, 1
1.3783, 1
1.33236, 1
1.05319, 1
1.79583, 1
0.524477, 1
0.847194, 1
0.653591, 1
0.337566, 1
1.25451, 1
1.10976, 1
1.07827, 1
0.993626, 1
===== New sim =====
===== New sim =====
0.872609, 1
1.41714, 1
1.07539, 1
0.902372, 1
48.802, 0
49.6167, 0
49.1477, 0
49.3082, 0
49.2382, 0
70.2078, 0
70.5283, 0
70.4989, 0
70.3967, 0
70.4257, 0
7.72559, 1
4.66715, 1
61.2176, 0
61.2202, 0
61.2137, 0
61.2127, 0
61.2076, 0
51.4995, 0
50.9783, 0
51.203, 0
51.3595, 0
51.2252, 0
25.9123, 0
26.1657, 0
0.43935, 1
1.63106, 1
0.614897, 1
0.463932, 1
70.0631, 0
1.06957, 1
1.01843, 1
1.02078, 1
0.896618, 1
1.25587, 1
1.11691, 1
1.09856, 1
1.07394, 1
0.518612, 1
0.278321, 1
===== New sim =====
===== New sim =====
1.20936, 1
1.05846, 1
0.997187, 1
0.968887, 1
0.913371, 1
0.840623, 1
33.1591, 0
33.1874, 0
33.2072, 0
33.2376, 0
33.2574, 0
1.7504, 1
4.03131, 1
0.764654, 1
1.11908, 1
1.4103, 1
1.77432, 1
4.79525, 1
4.25781, 1
0.911662, 1
1.67767, 1
1.0056, 1
0.931325, 1
0.870698, 1
0.52534, 1
26.2342, 0
25.9595, 0
26.2115, 0
26.165, 0
26.1536, 0
69.9264, 0
69.6348, 0
69.9749, 0
69.8559, 0
69.8427, 0
46.8445, 0
===== New sim =====
===== New sim =====
0.818456, 1
3.34954, 1
1.24389, 1
1.11466, 1
1.11466, 1
1.11466, 1
35.4453, 0
36.3507, 0
36.5742, 0
36.6171, 0
36.512, 0
48.8935, 0
48.3848, 0
48.1665, 0
48.5025, 0
48.3821, 0
0.906575, 1
3.63091, 1
1.25972, 1
1.0848, 1
1.0848, 1
1.0848, 1
1.22708, 1
1.00697, 1
1.00697, 1
1.00697, 1
1.35431, 1
1.17423, 1
1.17423, 1
1.17423, 1
21.9521, 0
21.5962, 0
21.6716, 0
21.643, 0
21.5626, 0
27.7997, 0
===== New sim =====
===== New sim =====
1.43917, 1
1.16905, 1
1.08264, 1
1.10018, 1
1.23847, 1
1.05617, 1
1.05617, 1
1.05617, 1
0.582309, 1
0.319739, 1
0.302738, 1
0.376969, 1
0.986354, 1
1.88292, 1
1.14126, 1
1.81742, 1
0.255225, 1
0.255446, 1
46.4179, 0
1.31878, 1
1.17235, 1
1.12279, 1
1.09974, 1
1.10754, 1
1.92043, 1
0.915041, 1
0.632918, 1
21.4511, 0
===== New sim =====
===== New sim =====
0.550483, 1
3.39381, 1
5.68283, 1
5.70441, 1
5.75681, 1
5.74459, 1
46.9071, 0
46.459, 0
46.5918, 0
46.4518, 0
46.4673, 0
1.26193, 1
1.11825, 1
1.0878, 1
1.04787, 1
0.998591, 1
0.370141, 1
0.370141, 1
0.370141, 1
1.49725, 1
1.58933, 1
43.0121, 0
43.2538, 0
43.2285, 0
43.2268, 0
43.2259, 0
33.1743, 0
33.8461, 0
34.1525, 0
33.653, 0
33.8696, 0
20.152, 0
20.315, 0
20.4126, 0
20.5046, 0
20.6076, 0
===== New sim =====
===== New sim =====
1.33316, 1
1.14129, 1
1.08582, 1
1.00311, 1
0.936188, 1
0.912339, 1
1.23881, 1
1.1701, 1
1.1701, 1
1.1701, 1
0.921511, 1
1.83059, 1
1.1987, 1
1.10505, 1
1.03541, 1
1.00376, 1
0.691575, 1
1.50098, 1
0.946669, 1
1.69563, 1
25.4623, 0
25.6651, 0
25.3135, 0
25.4784, 0
25.5641, 0
1.20931, 1
1.08256, 1
1.05482, 1
0.908173, 1
54.3644, 0
54.4919, 0
===== New sim =====
===== New sim =====
1.36433, 1
1.20264, 1
1.16395, 1
1.16395, 1
25.4603, 0
25.4683, 0
25.4695, 0
25.4682, 0
25.4681, 0
1.04967, 1
1.71506, 1
1.39055, 1
1.26676, 1
1.14691, 1
0.81986, 1
0.421042, 1
0.421892, 1
0.421892, 1
0.421892, 1
1.52473, 1
1.92138, 1
1.30328, 1
1.14759, 1
1.14759, 1
1.14759, 1
0.504369, 1
0.833642, 1
0.992643, 1
1.05664, 1
37.988, 0
===== New sim =====
===== New sim =====
1.87405, 1
1.34437, 1
1.11222, 1
1.31095, 1
1.252, 1
1.252, 1
1.27357, 1
1.02696, 1
1.01736, 1
1.01736, 1
51.0144, 0
0.569153, 1
1.53368, 1
0.613226, 1
4.6627, 1
1.44471, 1
1.74562, 1
0.932616, 1
0.358693, 1
25.8752, 0
1.63874, 1
2.19485, 1
2.03146, 1
5.28789, 1
3.39684, 1
3.84471, 1
4.09013, 1
4.43492, 1
35.6109, 0
35.4891, 0
35.8476, 0
35.6267, 0
35.6225, 0
===== New sim =====
===== New sim =====
1.27942, 1
1.08212, 1
1.01764, 1
1.01764, 1
85.5361, 0
1.00162, 1
0.367025, 1
0.367025, 1
0.367025, 1
1.39739, 1
1.47832, 1
1.18361, 1
3.68966, 1
35.9146, 0
36.6019, 0
36.3362, 0
36.3367, 0
36.3373, 0
71.7674, 0
71.7324, 0
71.6981, 0
71.6799, 0
71.6571, 0
22.7678, 0
22.5739, 0
22.6577, 0
22.6971, 0
22.8241, 0
1.40957, 1
1.89695, 1
1.12381, 1
1.76719, 1
0.779177, 1
0.403202, 1
===== New sim =====
===== New sim =====
1.14799, 1
2.46873, 1
1.26787, 1
1.09939, 1
1.09939, 1
1.09939, 1
1.15401, 1
1.27041, 1
1.17518, 1
0.463134, 1
1.21308, 1
1.17367, 1
1.13934, 1
1.15857, 1
0.724641, 1
0.487695, 1
50.0651, 0
0.904848, 1
0.605258, 1
0.605258, 1
0.605258, 1
1.85321, 1
4.61829, 1
8.92555, 1
8.2156, 1
8.42014, 1
8.88913, 1
33.5964, 0
34.1062, 0
34.1751, 0
34.2193, 0
34.2797, 0
===== New sim =====
===== New sim =====
1.75041, 1
1.75276, 1
8.25578, 1
8.30737, 1
8.33175, 1
8.33175, 1
50.7524, 0
24.9689, 0
25.476, 0
25.079, 0
25.1677, 0
37.3688, 0
38.6103, 0
38.0083, 0
37.9701, 0
38.2159, 0
0.703489, 1
5.22298, 1
1.25456, 1
1.50834, 1
0.987839, 1
0.705208, 1
0.705208, 1
0.705208, 1
1.03996, 1
1.40409, 1
1.80691, 1
1.1432, 1
21.1186, 0
0.423751, 1
0.624302, 1
0.833744, 1
0.718166, 1
===== New sim =====
===== New sim =====
1.27756, 1
1.15182, 1
1.02349, 1
1.02349, 1
0.990227, 1
1.80286, 1
1.11116, 1
1.89557, 1
0.52195, 1
0.46877, 1
0.46877, 1
0.46877, 1
0.814691, 1
4.74884, 1
0.607741, 1
0.900384, 1
0.858241, 1
0.636168, 1
0.764495, 1
1.67294, 1
2.75926, 1
1.24792, 1
1.04973, 1
1.94916, 1
1.133, 1
1.57957, 1
1.22557, 1
0.764312, 1
0.529035, 1
0.587565, 1
46.8851, 0
===== New sim =====
===== New sim =====
2.06901, 1
3.69806, 1
0.972694, 1
1.08861, 1
0.937437, 1
0.937437, 1
0.892183, 1
1.24953, 1
1.10344, 1
0.659242, 1
1.17254, 1
1.19824, 1
1.06825, 1
1.06825, 1
1.32774, 1
1.21288, 1
1.14791, 1
1.12125, 1
1.29852, 1
1.17577, 1
1.14161, 1
0.971181, 1
1.02612, 1
1.52179, 1
1.20594, 1
3.48496, 1
1.32979, 1
1.12478, 1
1.10541, 1
1.09428, 1
26.2207, 0
25.1934, 0
25.7119, 0
===== New sim =====
===== New sim =====
6.25928, 1
6.36006, 1
6.52127, 1
6.41567, 1
55.9495, 0
55.5995, 0
56.0924, 0
55.8664, 0
55.9255, 0
66.6466, 0
67.1923, 0
67.0096, 0
66.8476, 0
66.9419, 0
1.63232, 1
1.7129, 1
2.69525, 1
3.28328, 1
3.82359, 1
4.76366, 1
0.967722, 1
4.13069, 1
56.8597, 0
55.3027, 0
55.7392, 0
55.9738, 0
55.6834, 0
55.7586, 0
56.0224, 0
55.8634, 0
===== New sim =====
===== New sim =====
1.91131, 1
4.02454, 1
1.83057, 1
2.98829, 1
0.24478, 1
0.244557, 1
0.243791, 1
0.243791, 1
30.8431, 0
30.7534, 0
30.7465, 0
30.7467, 0
30.7465, 0
47.2663, 0
47.2404, 0
47.2735, 0
47.2786, 0
47.278, 0
26.0811, 0
26.0786, 0
26.0793, 0
26.0793, 0
26.0793, 0
1.28315, 1
1.09962, 1
1.09962, 1
1.09962, 1
1.16966, 1
1.36538, 1
0.854579, 1
0.791837, 1
1.20155, 1
1.13728, 1
2.5601, 1
3.53374, 1
0.868861, 1
0.713949, 1
42.0443, 0
0.283774, 1
1.04984, 1
0.858678, 1
0.778036, 1
===== New sim =====
===== New sim =====
1.75685, 1
2.68188, 1
1.08577, 1
0.392994, 1
0.518134, 1
0.518134, 1
33.648, 0
0.684133, 1
0.391664, 1
0.391664, 1
0.391664, 1
2.09322, 1
4.79313, 1
1.2082, 1
1.94762, 1
1.07716, 1
1.03041, 1
0.917514, 1
0.790266, 1
1.18358, 1
1.76468, 1
4.0938, 1
3.54367, 1
3.72915, 1
4.09078, 1
56.6676, 0
56.7329, 0
56.6679, 0
56.5351, 0
56.4526, 0
===== New sim =====
===== New sim =====
1.32369, 1
1.13055, 1
1.07225, 1
1.07225, 1
64.8369, 0
0.547901, 1
0.387901, 1
0.387901, 1
0.387901, 1
1.31091, 1
1.13289, 1
1.10252, 1
1.10252, 1
2.13905, 1
2.89779, 1
1.27825, 1
1.04147, 1
1.04147, 1
1.04147, 1
0.795915, 1
1.35962, 1
1.32366, 1
0.627122, 1
0.736783, 1
0.502732, 1
28.227, 0
1.95613, 1
0.756455, 1
2.37553, 1
0.707313, 1
1.25254, 1
0.860002, 1
0.78633, 1
0.69986, 1
0.616232, 1
0.922685, 1
0.558688, 1
0.432912, 1
0.327673, 1
0.776933, 1
0.776933, 1
0.776933, 1
===== New sim =====
===== New sim =====
1.43229, 1
4.56654, 1
0.457783, 1
0.610507, 1
0.610507, 1
0.610507, 1
1.33562, 1
1.15578, 1
1.15578, 1
1.15578, 1
1.4858, 1
2.14665, 1
1.21905, 1
1.10778, 1
1.04119, 1
1.01015, 1
11.9861, 0
11.6331, 0
11.6306, 0
11.7984, 0
11.7693, 0
38.7334, 0
37.3978, 0
38.3121, 0
38.3274, 0
38.3252, 0
1.2933, 1
1.65792, 1
0.861264, 1
1.22091, 1
===== New sim =====
===== New sim =====
1.36827, 1
1.44872, 1
1.27747, 1
1.10848, 1
1.07594, 1
1.07594, 1
30.8282, 0
29.2276, 0
30.1006, 0
30.0021, 0
29.6945, 0
34.7991, 0
34.7472, 0
34.7024, 0
34.6703, 0
34.6412, 0
1.01661, 1
1.84801, 1
0.436298, 1
0.414133, 1
0.414581, 1
0.414581, 1
1.41842, 1
3.92808, 1
0.731039, 1
0.453375, 1
0.342141, 1
0.342927, 1
0.870388, 1
0.845808, 1
25.5161, 0
===== New sim =====
===== New sim =====
1.03683, 1
1.93322, 1
1.2974, 1
1.12625, 1
1.12625, 1
1.12625, 1
84.6166, 0
84.3116, 0
84.7755, 0
84.7138, 0
84.5433, 0
12.8903, 0
12.7495, 0
12.6079, 1
12.5116, 1
12.5116, 1
12.5116, 1
1.39992, 1
1.61629, 1
0.910615, 1
2.48905, 1
0.900079, 1
0.341143, 1
0.344497, 1
0.378397, 1
0.456378, 1
2.2233, 1
1.0844, 1
0.8818, 1
0.878484, 1
0.58328, 1
11.7367, 1
10.2166, 1
10.2166, 1
10.2166, 1
25.7141, 0
25.7925, 0
===== New sim =====
===== New sim =====
1.29488, 1
1.24074, 1
1.16013, 1
1.16013, 1
73.7725, 0
1.35614, 1
1.13686, 1
1.13686, 1
1.13686, 1
0.368188, 1
0.0693609, 1
50.7058, 0
50.3446, 0
50.6222, 0
50.6205, 0
50.9768, 0
0.772609, 1
1.61777, 1
0.747001, 1
0.144564, 1
0.144564, 1
0.144564, 1
1.37594, 1
1.01095, 1
1.35501, 1
1.74964, 1
===== New sim =====
===== New sim =====
1.05637, 1
5.04375, 1
0.39614, 1
0.682532, 1
0.62515, 1
0.62515, 1
58.353, 0
58.2765, 0
58.2503, 0
58.2129, 0
58.1576, 0
47.3298, 0
49.214, 0
48.21, 0
48.3322, 0
48.5031, 0
57.633, 0
57.6251, 0
57.6181, 0
57.6163, 0
57.611, 0
39.0507, 0
36.7365, 0
36.4624, 0
36.5342, 0
36.5953, 0
38.8031, 0
39.1672, 0
38.8883, 0
38.9601, 0
39.0133, 0
1.49208, 1
1.6631, 1
28.5899, 0
29.086, 0
28.8244, 0
0.421008, 0
0.918986, 1
0.80292, 1
1.35442, 1
0.989479, 1
0.958665, 1
0.987025, 1
===== New sim =====
===== New sim =====
0.862547, 1
1.03096, 1
1.48314, 1
1.52676, 1
2.58791, 1
2.60954, 1
1.42792, 1
0.898161, 1
0.408764, 1
0.675084, 1
0.204303, 1
0.254663, 1
0.254663, 1
0.254663, 1
0.553182, 1
0.274703, 1
0.274703, 1
0.274703, 1
1.51543, 1
0.170049, 1
0.170049, 1
0.170049, 1
1.11554, 1
1.33595, 1
0.937636, 1
0.577356, 1
1.26787, 1
1.12591, 1
1.03582, 1
0.900833, 1
===== New sim =====
===== New sim =====
0.199358, 1
0.182614, 1
0.181842, 1
0.181842, 1
91.3896, 0
22.8845, 0
22.5107, 0
21.5154, 0
22.2606, 0
1.23594, 1
1.0923, 1
1.0923, 1
1.0923, 1
21.0917, 0
20.6604, 0
20.518, 0
20.7264, 0
20.7383, 0
69.9443, 0
70.2979, 0
70.1845, 0
70.1371, 0
70.2065, 0
43.596, 0
43.2361, 0
43.2261, 0
43.3147, 0
43.2125, 0
7.93119, 1
4.2815, 1
37.5763, 0
37.5296, 0
37.5151, 0
37.5151, 0
37.5151, 0
===== New sim =====
===== New sim =====
1.41251, 1
1.34458, 1
1.06558, 1
1.60505, 1
0.469152, 1
0.773991, 1
0.773991, 1
0.773991, 1
1.22911, 1
1.10025, 1
1.07051, 1
1.0229, 1
1.38867, 1
1.29956, 1
1.29956, 1
1.29956, 1
2.02178, 1
3.23197, 1
1.52189, 1
1.81197, 1
8.4919, 0
6.65727, 1
6.12293, 1
0.347731, 1
2.6794, 1
1.7901, 1
0.678149, 1
0.175752, 1
0.617833, 1
0.861175, 1
0.62346, 1
0.42744, 1
0.41779, 1
===== New sim =====
===== New sim =====
1.36268, 1
1.17331, 1
1.02525, 1
1.02525, 1
0.975483, 1
1.30249, 1
1.30902, 1
1.16167, 1
1.16167, 1
1.16167, 1
0.903594, 1
1.63003, 1
0.373174, 1
0.696537, 1
0.807334, 1
0.858057, 1
1.59636, 1
0.924816, 1
0.422942, 1
0.419163, 1
1.61311, 1
4.16939, 1
2.42302, 1
2.74234, 1
30.8405, 0
0.695355, 1
0.95021, 1
30.7341, 0
===== New sim =====
===== New sim =====
1.24999, 1
1.09023, 1
1.01618, 1
1.01618, 1
54.9204, 0
1.2477, 1
1.10775, 1
1.06994, 1
0.404173, 1
1.09027, 1
0.473772, 1
0.484305, 1
0.484305, 1
2.02921, 1
4.25621, 1
1.4804, 1
1.54984, 1
1.23827, 1
1.07871, 1
0.588211, 1
0.443217, 1
1.11566, 1
1.30517, 1
1.38483, 1
1.33387, 1
1.3086, 1
1.12247, 1
===== New sim =====
===== New sim =====
1.22162, 1
1.06145, 1
0.998157, 1
0.928912, 1
0.900925, 1
0.84801, 1
0.767589, 1
0.756025, 1
0.552209, 1
1.29189, 1
18.3976, 0
19.6691, 0
19.5404, 0
19.6724, 0
19.7809, 0
37.514, 0
37.5076, 0
37.5074, 0
37.5067, 0
37.5064, 0
46.5667, 0
46.5958, 0
46.5893, 0
46.5995, 0
46.5719, 0
11.3645, 0
11.5053, 0
11.696, 0
11.6096, 0
11.6421, 1
11.689, 1
1.16433, 1
2.95066, 1
1.60948, 1
4.81358, 1
0.742427, 1
1.30301, 1
1.35366, 1
1.28208, 1
===== New sim =====
===== New sim =====
1.20953, 1
1.0809, 1
0.99206, 1
0.99206, 1
0.937751, 1
1.17473, 1
0.800561, 1
1.22607, 1
1.22607, 1
1.22607, 1
1.44676, 1
4.45566, 1
1.06353, 1
1.75238, 1
0.859314, 1
0.366546, 1
1.16332, 1
0.707563, 1
0.585084, 1
0.849531, 1
0.672725, 1
0.437208, 1
0.904894, 1
1.64333, 1
0.674575, 1
1.15284, 1
0.79515, 1
0.969219, 1
49.1157, 0
7.34089, 1
5.52426, 1
22.8228, 0
22.2675, 0
===== New sim =====
===== New sim =====
0.229901, 1
0.228744, 1
0.228299, 1
0.228299, 1
25.3412, 0
1.32293, 1
1.14923, 1
1.10313, 1
1.10313, 1
1.3117, 1
0.682071, 1
0.675583, 1
0.675583, 1
20.1107, 0
19.5648, 0
19.5428, 0
19.6938, 0
19.7971, 0
25.6271, 0
25.8176, 0
25.819, 0
25.8181, 0
25.8169, 0
63.5651, 0
64.3313, 0
63.3346, 0
63.7448, 0
63.7675, 0
0.804243, 1
1.56299, 1
0.504312, 1
1.20976, 1
1.15627, 1
1.6777, 1
38.7992, 0
1.06887, 1
1.51531, 1
1.37328, 1
1.23878, 1
1.19956, 1
1.16635, 1
===== New sim =====
===== New sim =====
1.16446, 1
0.999113, 1
0.999113, 1
0.999113, 1
1.30487, 1
1.17668, 1
1.10366, 1
0.518775, 1
0.957468, 1
4.62605, 1
0.515977, 1
0.848729, 1
0.816119, 1
0.646168, 1
0.684911, 1
1.29946, 1
1.31523, 1
1.18849, 1
1.04137, 1
1.14334, 1
1.00155, 1
1.00155, 1
1.47478, 1
3.96392, 1
17.1406, 0
14.9897, 0
14.7718, 0
14.8724, 0
14.9654, 0
46.5013, 0
46.5945, 0
46.5516, 0
46.5354, 0
46.5385, 0
===== New sim =====
===== New sim =====
0.696341, 1
1.21316, 1
1.12153, 1
0.996087, 1
0.424028, 1
0.948128, 1
0.948128, 1
0.948128, 1
1.33707, 1
1.19151, 1
1.19151, 1
1.19151, 1
0.917217, 1
5.01998, 1
0.817916, 1
0.4848, 1
0.449276, 1
0.498917, 1
1.42347, 1
0.817094, 1
0.471387, 1
0.849523, 1
0.709088, 1
0.398063, 1
0.437504, 1
0.701106, 1
1.17819, 1
2.07483, 1
1.03095, 1
0.735015, 1
0.483141, 1
0.536108, 1
3.36433, 1
4.50618, 1
2.14804, 1
3.19889, 1
===== New sim =====
===== New sim =====
2.20721, 1
1.98115, 1
0.359126, 1
0.231761, 1
0.231761, 1
0.231761, 1
1.28178, 1
1.09007, 1
1.09007, 1
1.09007, 1
0.829453, 1
1.42214, 1
0.893744, 1
0.696102, 1
0.696102, 1
0.696102, 1
1.29552, 1
1.10296, 1
1.10296, 1
1.10296, 1
1.23497, 1
1.1792, 1
1.12211, 1
1.08564, 1
0.987516, 1
1.43698, 1
1.00666, 1
1.15737, 1
52.645, 0
0.33965, 1
0.582547, 1
0.411336, 1
0.168212, 1
===== New sim =====
===== New sim =====
0.270823, 1
0.268991, 1
0.268185, 1
0.268185, 1
0.267377, 1
0.3644, 1
0.920858, 1
1.10014, 1
1.02179, 1
1.02179, 1
0.823681, 1
1.64535, 1
0.930665, 1
1.43345, 1
1.3252, 1
1.21101, 1
67.2187, 0
1.09399, 1
0.38941, 1
25.4026, 0
0.924488, 1
0.65642, 1
0.548039, 1
0.535146, 1
1.3275, 1
1.22139, 1
1.15306, 1
1.12016, 1
===== New sim =====
===== New sim =====
1.30372, 0
1.01573, 1
1.56207, 1
24.9967, 0
26.1024, 0
26.152, 0
25.7794, 0
26.0395, 0
29.3571, 0
28.9484, 0
29.1012, 0
29.421, 0
29.2575, 0
49.8884, 0
49.808, 0
49.7388, 0
49.6798, 0
49.6249, 0
57.2566, 0
57.6213, 0
57.9322, 0
57.6052, 0
57.6708, 0
1.64329, 1
4.23166, 1
34.3586, 0
33.667, 0
32.7247, 0
33.5899, 0
33.4099, 0
16.2631, 0
18.143, 0
18.1019, 1
18.0401, 1
17.9994, 0
55.3151, 0
55.3651, 0
55.405, 0
55.4289, 0
55.4797, 0
1.32591, 1
1.21386, 1
26.9656, 0
3.56135, 1
3.62679, 1
===== New sim =====
===== New sim =====
1.26971, 1
3.25618, 1
0.816768, 1
0.674057, 1
0.347128, 1
0.347128, 1
13.241, 0
12.8955, 1
12.8069, 1
12.7711, 0
1.27785, 1
1.13486, 1
1.13486, 1
1.13486, 1
4.52293, 1
4.49812, 1
4.49812, 1
4.49812, 1
17.4591, 0
16.4764, 0
16.9477, 0
17.0687, 0
16.9847, 0
59.0273, 0
58.2807, 0
58.2783, 0
58.2796, 0
58.2848, 0
42.7448, 0
42.869, 0
42.9058, 0
===== New sim =====
===== New sim =====
1.33134, 1
1.13741, 1
1.07362, 1
1.07362, 1
21.2093, 0
0.429774, 1
0.776347, 1
0.776347, 1
0.776347, 1
14.0251, 1
14.1318, 1
14.1727, 1
14.1727, 1
0.236368, 1
4.40434, 1
1.29051, 1
1.13691, 1
1.10796, 1
1.04634, 1
2.7551, 1
2.71051, 1
1.41055, 1
1.7749, 1
0.467155, 1
0.999591, 1
1.12017, 1
1.74763, 1
1.24354, 1
1.56586, 1
===== New sim =====
===== New sim =====
1.0532, 1
0.9661, 1
0.941978, 1
0.941978, 1
68.0987, 0
1.29037, 1
1.06478, 1
1.06478, 1
1.06478, 1
0.682446, 1
0.479514, 1
0.479514, 1
0.479514, 1
1.3197, 1
1.15778, 1
1.12865, 1
1.05914, 1
1.2054, 1
1.04904, 1
1.04904, 1
1.04904, 1
1.58324, 1
1.88113, 1
24.7962, 0
23.5157, 0
22.8165, 0
23.764, 0
23.3898, 0
46.6141, 0
46.8537, 0
46.8161, 0
46.8241, 0
46.8197, 0
===== New sim =====
===== New sim =====
1.25161, 1
1.20984, 1
1.15192, 1
1.15192, 1
70.0495, 0
1.11405, 1
0.971314, 1
0.918652, 1
0.92273, 1
1.57135, 1
0.477809, 1
0.0525002, 1
0.430775, 1
0.799271, 1
1.79077, 1
6.40742, 1
6.68205, 1
6.87132, 1
7.1335, 1
1.37806, 1
4.08974, 1
1.18362, 1
1.12258, 1
47.7137, 0
===== New sim =====
===== New sim =====
0.707365, 1
1.29664, 1
1.09962, 1
1.51637, 1
1.21486, 1
1.05958, 1
0.991711, 1
0.991711, 1
47.8781, 0
0.606417, 1
1.43657, 1
1.43657, 1
1.43657, 1
1.00902, 1
3.76167, 1
1.2008, 1
0.556701, 1
0.556701, 1
0.556701, 1
29.0291, 0
29.9271, 0
29.7786, 0
29.4957, 0
29.6634, 0
1.74131, 1
4.26309, 1
0.398417, 1
0.399483, 1
0.399528, 1
0.463709, 1
0.765519, 1
0.414154, 1
0.662482, 1
0.675979, 1
1.02429, 1
1.05095, 1
0.853515, 1
0.65465, 1
===== New sim =====
===== New sim =====
1.16589, 1
3.82485, 1
0.796822, 1
1.44309, 1
1.40139, 1
1.40139, 1
1.30559, 1
1.20217, 1
1.13624, 1
1.17016, 1
0.720846, 1
1.02549, 1
1.0438, 1
1.0438, 1
35.2004, 0
35.825, 0
35.6104, 0
35.7024, 0
35.8211, 0
46.781, 0
46.694, 0
47.0137, 0
46.8482, 0
46.8837, 0
67.7343, 0
67.7475, 0
67.749, 0
67.7534, 0
67.7703, 0
2.46653, 1
4.41083, 1
1.64534, 1
2.15098, 1
1.42469, 1
1.22187, 1
0.591359, 1
0.540107, 1
1.23485, 1
2.1753, 1
===== New sim =====
===== New sim =====
5.95405, 1
5.89507, 1
5.92467, 1
5.92467, 1
5.94184, 1
5.94895, 1
21.9296, 0
20.9059, 0
21.0544, 0
21.1097, 0
21.11, 0
1.07424, 1
1.7866, 1
0.663735, 1
0.4755, 1
0.914961, 1
0.826671, 1
0.826671, 1
0.826671, 1
1.31279, 1
1.17266, 1
1.13651, 1
1.06808, 1
2.26337, 1
2.00807, 1
1.67614, 1
0.524678, 1
0.408153, 1
0.743516, 1
===== New sim =====
===== New sim =====
1.32047, 1
1.16851, 1
1.12863, 1
1.0699, 1
1.02195, 1
0.983487, 1
1.17472, 1
0.982182, 1
0.966945, 1
0.968922, 1
1.34385, 1
1.63116, 1
0.501208, 1
0.476268, 1
0.483278, 1
0.284164, 1
1.26355, 1
1.08688, 1
1.08688, 1
1.08688, 1
0.31501, 1
0.314036, 1
0.313212, 1
0.31314, 1
4.17911, 1
4.97764, 1
5.2835, 1
5.56945, 1
28.5741, 0
28.9204, 0
===== New sim =====
===== New sim =====
1.46661, 1
3.90248, 1
1.35383, 1
1.23075, 1
1.23075, 1
1.23075, 1
0.606436, 1
0.480218, 1
0.253622, 1
0.253622, 1
0.637173, 1
2.86451, 1
1.67863, 1
1.33775, 1
0.774788, 1
0.290806, 1
1.20746, 1
1.09608, 1
1.05249, 1
1.02694, 1
0.424196, 1
0.804398, 1
1.13827, 1
0.767252, 1
4.36024, 1
4.25393, 1
26.3262, 0
25.7406, 0
25.7517, 0
25.7524, 0
25.7641, 0
29.0327, 0
28.893, 0
28.7646, 0
28.7359, 0
28.6812, 0
===== New sim =====
===== New sim =====
1.11473, 1
1.43615, 1
1.25189, 1
1.98033, 1
1.39695, 1
1.01468, 1
0.414291, 1
0.356624, 1
0.355875, 1
0.355875, 1
1.53482, 1
1.89113, 1
0.822604, 1
1.26641, 1
1.20887, 1
1.08335, 1
2.19671, 1
1.36986, 1
2.38981, 1
3.27094, 1
1.09644, 1
1.01407, 1
0.702213, 1
0.738094, 1
0.170058, 1
0.169494, 1
0.169255, 1
0.169163, 1
20.9895, 0
20.1888, 0
20.1667, 0
20.4608, 0
20.4578, 0
41.4567, 0
42.1893, 0
42.0158, 0
41.8588, 0
41.9465, 0
===== New sim =====
===== New sim =====
0.201659, 1
0.200824, 1
0.200945, 1
0.200004, 1
0.200014, 1
0.19932, 1
0.812148, 1
0.408616, 1
0.38019, 1
0.38019, 1
1.44532, 1
1.95379, 1
1.31824, 1
1.224, 1
1.17629, 1
1.14048, 1
9.59909, 1
9.25338, 1
9.04358, 1
9.06749, 1
1.60706, 1
1.88125, 1
1.8758, 1
1.18523, 1
1.18523, 1
0.600671, 1
1.74696, 1
1.56529, 1
48.2605, 0
46.8329, 0
46.8321, 0
46.8315, 0
46.831, 0
===== New sim =====
===== New sim =====
1.22171, 1
1.15722, 1
0.940645, 1
0.812164, 1
0.940645, 1
0.813266, 1
0.812164, 1
0.72134, 1
0.697029, 1
0.685379, 1
1.26147, 1
1.15632, 1
1.1233, 1
1.04333, 1
1.21597, 1
1.15487, 1
1.11752, 1
1.26687, 1
55.5791, 0
55.9388, 0
55.7778, 0
55.7474, 0
55.7051, 0
30.5434, 0
30.5428, 0
30.5421, 0
30.5415, 0
30.5413, 0
0.871254, 1
1.8709, 1
55.0531, 0
0.643272, 1
0.835351, 1
55.0098, 0
55.0972, 0
54.764, 0
30.8511, 0
54.7213, 0
===== New sim =====
===== New sim =====
1.62921, 1
2.83583, 1
1.16639, 1
0.508751, 1
0.629302, 1
0.629302, 1
39.7911, 0
34.7952, 0
34.749, 0
34.7094, 0
34.6753, 0
29.0847, 0
29.7551, 0
29.6733, 0
29.7683, 0
29.9587, 0
44.3373, 0
44.066, 0
44.0658, 0
43.9859, 0
43.8919, 0
37.5681, 0
37.3668, 0
37.236, 0
37.1496, 0
36.9918, 0
44.1175, 0
43.3055, 0
43.6588, 0
43.3868, 0
43.4174, 0
1.0896, 1
1.53037, 1
1.2461, 1
0.723325, 1
0.529795, 1
0.591156, 1
0.617662, 1
1.59131, 1
===== New sim =====
===== New sim =====
0.701797, 1
3.83234, 1
23.3092, 0
23.2461, 0
23.2782, 0
23.3612, 0
23.4204, 0
59.5492, 0
59.7637, 0
59.6871, 0
59.6272, 0
59.6337, 0
18.1958, 0
18.1394, 0
18.037, 0
17.9143, 0
17.7753, 0
29.3205, 0
29.4686, 0
29.6678, 0
29.7223, 0
29.8193, 0
1.42984, 1
1.96561, 1
0.201367, 1
0.317575, 1
0.319112, 1
0.316614, 1
29.0947, 0
29.3878, 0
29.387, 0
29.3867, 0
29.3864, 0
1.20258, 1
1.91459, 1
1.0179, 1
1.57094, 1
1.33865, 1
1.23002, 1
1.14659, 1
1.10759, 1
===== New sim =====
===== New sim =====
0.380831, 1
0.371472, 1
0.369386, 1
0.369386, 1
21.9284, 0
0.914106, 1
1.05466, 1
0.974577, 1
1.23964, 1
1.17855, 1
1.0779, 1
1.0779, 1
1.0779, 1
1.98109, 1
3.32876, 1
23.0506, 0
22.9255, 0
23.5644, 0
23.1794, 0
23.3132, 0
12.4411, 1
11.0982, 1
11.078, 1
11.078, 1
2.5257, 1
4.06335, 1
2.62915, 1
2.71583, 1
31.1591, 0
31.1585, 0
31.1591, 0
31.1588, 0
31.1591, 0
28.705, 0
28.355, 0
27.9614, 0
28.2492, 0
28.2454, 0
===== New sim =====
===== New sim =====
1.65895, 1
1.03752, 1
1.03752, 1
1.28293, 1
0.619249, 1
1.30066, 1
1.35771, 1
1.16557, 1
1.11943, 1
1.11943, 1
1.30384, 1
1.25276, 1
1.20288, 1
1.25543, 1
1.0631, 1
0.944468, 1
0.917037, 1
0.875909, 1
35.5115, 0
36.0462, 0
35.3008, 0
35.5868, 0
35.7167, 0
44.4257, 0
44.1031, 0
44.4352, 0
44.3161, 0
44.3569, 0
52.1652, 0
52.1256, 0
52.126, 0
52.13, 0
52.1315, 0
===== New sim =====
===== New sim =====
1.56449, 1
2.54614, 1
1.20062, 1
1.08707, 1
1.08707, 1
1.08707, 1
1.65389, 1
0.685056, 1
0.0634119, 1
0.399911, 1
0.985934, 1
4.05844, 1
0.913456, 1
0.717174, 1
0.717174, 1
0.717174, 1
1.50222, 1
0.414046, 1
0.414046, 1
0.414046, 1
1.23139, 1
1.094, 1
1.05533, 1
0.983624, 1
===== New sim =====
===== New sim =====
1.61593, 1
1.81887, 1
0.522452, 1
0.719264, 1
0.719264, 1
0.719264, 1
1.30972, 1
1.05184, 1
1.05184, 1
1.05184, 1
6.0108, 1
6.05153, 1
22.0614, 0
22.1025, 0
22.1061, 0
22.1044, 0
22.111, 0
33.7352, 0
33.6062, 0
33.6198, 0
33.6213, 0
33.6226, 0
45.0437, 0
43.433, 0
43.4252, 0
43.4344, 0
43.4414, 0
37.3019, 0
36.543, 0
36.6248, 0
36.662, 0
36.5597, 0
0.374914, 1
0.37444, 1
0.374906, 1
0.372933, 1
0.730728, 1
1.47845, 1
1.77401, 1
4.84763, 1
1.09159, 1
===== New sim =====
===== New sim =====
===== New sim =====
===== New sim =====
8.85799, 0
8.93846, 1
9.01248, 1
9.03532, 1
9.03532, 1
45.5225, 0
49.2851, 0
49.4229, 0
49.3834, 0
49.3455, 0
10.7247, 1
10.8086, 1
10.8543, 1
10.8543, 1
1.27486, 1
4.68954, 1
1.25452, 1
1.1652, 1
59.0958, 0
1.52692, 1
1.4376, 1
1.04373, 1
1.20994, 1
0.838873, 1
0.788784, 1
0.995547, 1
4.04684, 1
0.844279, 1
3.68292, 1
0.755241, 1
0.900613, 1
0.581875, 1
0.473457, 1
1.2546, 1
1.08961, 1
1.08219, 1
0.973671, 1
===== New sim =====
===== New sim =====
1.27468, 1
1.23037, 1
1.04205, 1
1.0385, 1
0.671467, 1
0.243577, 1
0.243119, 1
0.243119, 1
0.965348, 1
1.91111, 1
0.822032, 1
1.73487, 1
1.48802, 1
1.99688, 1
0.535742, 1
0.448453, 1
0.449231, 1
0.448967, 1
0.583556, 1
0.480676, 1
0.480676, 1
0.480676, 1
35.6465, 0
36.8034, 0
36.0222, 0
36.5183, 0
36.5401, 0
49.0636, 0
48.9939, 0
48.7551, 0
48.7018, 0
48.7656, 0
===== New sim =====
===== New sim =====
1.2405, 1
1.01153, 1
0.975353, 1
0.975353, 1
35.4526, 0
1.00446, 1
1.2062, 1
1.15642, 1
0.889325, 1
1.18268, 1
4.26161, 1
3.32928, 1
4.0749, 1
25.4993, 0
24.9185, 0
24.9599, 0
25.181, 0
25.2434, 0
33.793, 0
34.5888, 0
34.6932, 0
34.7976, 0
34.6292, 0
31.0838, 0
31.2086, 0
31.1991, 0
31.1977, 0
31.196, 0
30.1474, 0
30.2521, 0
30.3529, 0
30.5079, 0
1.23249, 1
1.20992, 1
1.12802, 1
1.17613, 1
32.0919, 0
33.2161, 0
33.4945, 0
33.941, 0
33.5695, 0
===== New sim =====
===== New sim =====
26.7239, 0
26.1562, 0
26.0927, 0
26.1933, 0
26.2943, 0
28.6183, 0
28.7158, 0
28.384, 0
28.5396, 0
28.6555, 0
37.2425, 0
36.6635, 0
36.9082, 0
36.8341, 0
36.7488, 0
48.4382, 0
48.3531, 0
48.2506, 0
48.176, 0
48.1218, 0
1.19235, 1
1.06609, 1
1.03617, 1
0.992003, 1
0.809911, 1
0.838691, 1
1.19176, 1
1.28016, 1
1.35042, 1
1.13102, 1
1.04133, 1
1.00745, 1
1.83682, 1
4.73149, 1
1.55449, 1
0.537448, 1
0.268867, 1
0.463005, 1
56.4944, 0
56.7848, 0
56.6692, 0
56.6346, 0
56.5392, 0
40.7072, 0
===== New sim =====
===== New sim =====
1.33408, 1
1.32151, 1
1.1888, 1
1.1888, 1
1.07061, 1
0.441823, 1
0.69955, 1
4.52116, 1
0.630892, 1
0.689081, 1
0.689081, 1
0.689081, 1
1.30399, 1
1.19386, 1
1.17122, 1
1.11333, 1
0.940792, 1
0.533752, 1
0.638033, 1
0.580928, 1
0.705008, 1
0.90814, 1
1.39685, 1
1.54948, 1
1.35937, 1
1.23926, 1
1.16279, 1
1.12582, 1
===== New sim =====
===== New sim =====
1.47382, 1
1.30362, 1
1.30362, 1
1.267, 1
1.2035, 1
1.19373, 1
0.692068, 1
0.500347, 1
0.500347, 1
0.500347, 1
1.33723, 1
0.721182, 1
0.721182, 1
0.721182, 1
1.24637, 1
1.11496, 1
1.06377, 1
1.04183, 1
14.5831, 1
14.7402, 1
14.7186, 0
14.7952, 1
44.6643, 0
47.4745, 0
47.4615, 0
47.4984, 0
47.4403, 0
1.31218, 1
1.19668, 1
1.15748, 1
1.11542, 1
===== New sim =====
===== New sim =====
1.37698, 1
1.18462, 1
1.151, 1
1.08182, 1
1.02615, 1
0.954666, 1
1.27241, 1
1.15435, 1
1.06884, 1
0.931209, 1
0.60092, 1
1.22299, 1
1.56628, 1
1.63577, 1
1.16127, 1
3.44613, 1
10.0154, 0
8.71834, 0
9.8732, 0
9.54036, 0
9.4173, 0
1.58593, 1
0.202467, 1
0.202394, 1
0.202302, 1
1.01758, 1
0.491467, 1
0.679826, 1
0.626894, 1
1.09333, 1
1.50809, 1
1.29974, 1
1.30829, 1
===== New sim =====
===== New sim =====
===== New sim =====
===== New sim =====
1.69132, 1
1.22765, 1
1.14082, 1
0.767578, 1
56.7388, 0
56.6133, 0
56.5708, 0
56.3791, 0
56.4252, 0
1.12844, 1
4.46306, 1
13.7239, 1
13.6454, 1
13.6129, 1
13.6129, 1
0.259453, 1
0.255623, 1
0.255623, 1
0.255623, 1
3.76084, 1
4.78034, 1
72.2783, 0
72.8386, 0
72.7227, 0
72.6428, 0
72.6449, 0
0.648434, 1
2.31672, 1
8.26174, 1
8.33991, 1
8.38079, 1
8.45147, 1
73.2482, 0
===== New sim =====
===== New sim =====
0.202663, 1
0.199173, 1
0.198904, 1
0.198904, 1
42.0023, 0
1.20234, 1
1.12715, 1
1.09262, 1
0.729684, 1
2.2306, 1
4.47844, 1
23.0453, 0
22.8341, 0
23.519, 0
23.1067, 0
23.2796, 0
12.2774, 0
11.1909, 0
11.4639, 1
11.6024, 1
11.6114, 1
11.6114, 1
43.997, 0
43.9449, 0
43.8879, 0
43.8355, 0
43.7996, 0
0.279933, 1
1.87627, 1
0.610353, 1
0.478005, 1
0.304174, 1
0.273568, 1
1.22355, 1
1.15223, 1
30.179, 0
===== New sim =====
===== New sim =====
1.52846, 1
2.28065, 1
1.27093, 1
1.11702, 1
1.11702, 1
1.11702, 1
0.329566, 1
0.339585, 1
0.339585, 1
0.339585, 1
1.28894, 1
1.46759, 1
1.46888, 1
0.744384, 1
0.502338, 1
0.817154, 1
0.13547, 1
0.134989, 1
0.134602, 1
0.134597, 1
1.38407, 1
1.9164, 1
1.03289, 1
0.81201, 1
0.535216, 1
0.518853, 1
0.765769, 1
1.04591, 1
0.997145, 1
0.938788, 1
0.775274, 1
1.80671, 1
0.600129, 1
0.529632, 1
0.529632, 1
0.529632, 1
===== New sim =====
===== New sim =====
===== New sim =====
===== New sim =====
1.34135, 1
1.11198, 1
1.01249, 1
1.01249, 1
0.906558, 1
1.34642, 1
42.4844, 0
42.4344, 0
42.403, 0
42.3528, 0
42.3126, 0
49.8306, 0
49.7616, 0
49.6385, 0
49.6413, 0
49.5787, 0
1.21709, 1
1.08154, 1
1.04323, 1
0.622687, 1
0.960328, 1
1.30887, 1
1.25561, 1
1.13774, 1
1.19736, 1
1.03774, 1
1.03774, 1
1.03774, 1
1.00498, 1
1.76613, 1
1.31868, 1
1.14452, 1
===== New sim =====
===== New sim =====
1.29377, 1
1.13933, 1
1.03936, 1
1.03936, 1
0.961291, 1
0.592231, 1
54.6202, 0
54.5822, 0
54.5651, 0
54.5348, 0
54.5121, 0
30.8659, 0
30.9762, 0
30.9296, 0
30.9386, 0
30.9636, 0
38.4601, 0
38.8418, 0
39.518, 0
38.9434, 0
39.1131, 0
1.36361, 1
1.19121, 1
1.19121, 1
1.19121, 1
1.17514, 1
0.287342, 1
0.210379, 1
0.310073, 1
1.4291, 1
3.49221, 1
1.28704, 1
1.52698, 1
22.8016, 0
0.824369, 1
0.892965, 1
34.3753, 0
0.38448, 1
0.381801, 1
34.1447, 0
0.409891, 1
0.409504, 1
===== New sim =====
===== New sim =====
0.340546, 1
0.339199, 1
0.338592, 1
0.337827, 1
0.337111, 1
0.336862, 1
0.376283, 1
3.4732, 1
0.432893, 1
0.408078, 1
0.408078, 1
0.408078, 1
1.77222, 1
1.90967, 1
1.37429, 1
1.65165, 1
1.26872, 1
1.14318, 1
1.12054, 1
1.09731, 1
1.70847, 1
0.632112, 1
0.632112, 1
0.632112, 1
1.29844, 1
2.17148, 1
1.56606, 1
1.30476, 1
===== New sim =====
===== New sim =====
===== New sim =====
===== New sim =====
1.33207, 1
1.36812, 1
1.17811, 1
1.07528, 1
1.34311, 1
1.22907, 1
1.1552, 1
1.13862, 1
1.03379, 1
0.465276, 1
0.465276, 1
0.465276, 1
0.860229, 1
4.44078, 1
2.45663, 1
1.76011, 1
0.876031, 1
0.278072, 1
0.643919, 1
0.72907, 1
1.23589, 1
1.27741, 1
1.96292, 1
1.53657, 1
1.78509, 1
3.76105, 1
0.725396, 1
0.766174, 1
0.689434, 1
0.534426, 1
29.4908, 0
29.5755, 0
29.5247, 0
29.43, 0
29.4, 0
===== New sim =====
===== New sim =====
2.37155, 1
2.52019, 1
20.9678, 0
21.1566, 0
20.9542, 0
20.9784, 0
21.1608, 0
39.5914, 0
39.9821, 0
39.8089, 0
39.8005, 0
39.6676, 0
59.1068, 0
59.0387, 0
58.9949, 0
58.9506, 0
58.9218, 0
23.0466, 0
22.813, 0
22.7413, 0
22.6245, 0
22.5291, 0
53.5224, 0
53.5044, 0
53.4866, 0
53.4754, 0
53.4646, 0
1.27514, 1
4.55448, 1
1.25536, 1
2.96324, 1
6.04346, 1
5.63375, 1
5.44462, 1
5.44462, 1
1.23452, 1
1.1662, 1
75.4489, 0
1.23872, 1
1.09264, 1
1.06071, 1
0.778188, 1
===== New sim =====
===== New sim =====
1.26241, 1
1.78406, 1
1.51772, 1
1.57337, 1
1.35259, 1
1.51862, 1
33.6739, 0
33.6182, 0
33.1759, 0
33.1908, 0
33.2963, 0
43.8006, 0
43.9284, 0
43.8776, 0
43.8156, 0
43.7716, 0
42.1354, 0
42.1048, 0
42.036, 0
41.9989, 0
41.9684, 0
1.35543, 1
1.2207, 1
1.18429, 1
0.714079, 1
0.515517, 1
0.940316, 1
0.940316, 1
0.940316, 1
0.921992, 1
1.60136, 1
2.23352, 1
6.03692, 1
0.714273, 1
0.533945, 1
0.422674, 1
0.453732, 1
1.15961, 1
0.633792, 1
0.431212, 1
0.551206, 1
1.05608, 1
1.02375, 1
0.974289, 1
0.711469, 1
===== New sim =====
===== New sim =====
1.11664, 1
1.58562, 1
1.69978, 1
1.69978, 1
65.6429, 0
0.608123, 1
0.401815, 1
0.401815, 1
0.401815, 1
40.8616, 0
40.6621, 0
40.6831, 0
40.651, 0
40.6629, 0
0.52515, 1
4.46162, 1
1.34239, 1
3.50749, 1
1.02803, 1
1.43072, 1
2.8536, 1
4.96368, 1
1.9472, 1
0.669843, 1
0.669843, 1
0.669843, 1
0.977525, 1
1.7118, 1
3.25644, 1
4.02111, 1
1.23619, 1
1.09986, 1
1.06762, 1
0.897509, 1
0.722629, 1
0.480248, 1
0.517533, 1
0.585514, 1
1.34714, 1
1.17942, 1
1.14822, 1
1.07781, 1
===== New sim =====
===== New sim =====
1.23189, 1
1.06846, 1
0.999257, 1
0.973439, 1
0.921517, 1
0.844608, 1
1.10079, 1
1.20438, 1
1.24318, 1
1.20727, 1
1.39201, 1
4.27549, 1
0.533436, 1
0.44774, 1
0.44774, 1
0.44774, 1
0.912585, 1
0.633728, 1
0.721468, 1
0.939549, 1
0.839487, 1
0.509862, 1
0.509862, 1
0.509862, 1
0.972555, 1
1.5082, 1
1.36926, 1
1.23456, 1
44.1383, 0
13.5418, 0
13.1322, 0
13.0208, 0
13.4457, 0
===== New sim =====
===== New sim =====
0.267287, 1
0.265139, 1
0.265364, 1
0.264678, 1
0.264601, 1
0.273892, 1
1.06979, 1
0.684191, 1
0.684191, 1
0.684191, 1
1.65393, 1
5.63769, 1
10.7512, 0
9.50914, 1
8.01542, 1
42.4444, 0
42.1874, 0
41.5825, 0
42.08, 0
41.8853, 0
0.311048, 1
0.371506, 1
45.0326, 0
0.904907, 1
0.659807, 1
0.620508, 1
0.635075, 1
3.099, 1
3.39032, 1
29.6039, 0
29.5098, 0
===== New sim =====
===== New sim =====
0.547428, 1
4.87711, 1
1.34926, 1
1.24603, 1
1.17847, 1
1.09725, 1
0.672865, 1
0.927703, 1
0.927703, 1
0.927703, 1
1.29668, 1
1.20315, 1
1.14303, 1
1.137, 1
1.21964, 1
1.96353, 1
0.428446, 1
0.441056, 1
0.441588, 1
0.441588, 1
0.8796, 1
0.716816, 1
0.716816, 1
0.716816, 1
1.18751, 1
0.602926, 1
0.794554, 1
1.54543, 1
0.755951, 1
0.351137, 1
===== New sim =====
===== New sim =====
1.28994, 1
1.10279, 1
1.05184, 1
1.05184, 1
30.2475, 0
1.7025, 1
1.44052, 1
28.2751, 0
28.5512, 0
28.2243, 0
28.3589, 0
28.3325, 0
45.1326, 0
45.0845, 0
45.0359, 0
44.9659, 0
44.9499, 0
18.2916, 0
18.1203, 1
17.9973, 1
17.9973, 0
17.9973, 0
17.8961, 0
17.8095, 0
52.9867, 0
53.3238, 0
53.0722, 0
52.9556, 0
52.9488, 0
1.26477, 1
1.13054, 1
1.10061, 1
1.03833, 1
1.33496, 1
1.22738, 1
55.7027, 0
0.953394, 1
1.44323, 1
1.6328, 1
3.8703, 1
1.28787, 1
1.17505, 1
0.663642, 1
1.1458, 1
1.22269, 1
1.07892, 1
0.741224, 1
1.71992, 1
===== New sim =====
===== New sim =====
1.3453, 1
1.1684, 1
1.09044, 1
1.09044, 1
1.02089, 1
1.50214, 1
0.416158, 1
0.817197, 1
0.900059, 1
0.919604, 1
1.19443, 1
1.85703, 1
1.25115, 1
1.09053, 1
1.09053, 1
1.09053, 1
0.776143, 1
1.46336, 1
1.15298, 1
1.18995, 1
1.10748, 1
1.67884, 1
0.426414, 1
0.477482, 1
0.492681, 1
0.585722, 1
1.02064, 1
1.09174, 1
34.3044, 0
1.85797, 1
2.18859, 1
===== New sim =====
===== New sim =====
1.09774, 1
2.96757, 1
1.35184, 1
1.17525, 1
1.13744, 1
1.13744, 1
1.21198, 1
0.669123, 1
0.798588, 1
0.798588, 1
1.469, 1
0.514558, 1
0.514558, 1
0.514558, 1
8.35529, 1
7.9761, 1
43.5778, 0
43.2995, 0
43.1301, 0
43.3163, 0
43.2929, 0
54.9466, 0
54.8343, 0
54.9453, 0
54.9095, 0
54.7845, 0
49.2264, 0
49.2439, 0
49.2528, 0
1.31955, 1
1.18322, 1
49.2672, 0
1.14661, 1
1.0883, 1
49.2761, 0
11.6887, 0
11.7364, 0
11.7379, 0
11.7377, 0
11.7384, 0
===== New sim =====
===== New sim =====
1.26087, 1
1.1015, 1
1.04675, 1
0.968483, 1
0.937467, 1
0.884465, 1
1.4599, 1
1.20588, 1
1.07878, 1
1.00121, 1
2.07458, 1
4.03145, 1
1.33336, 1
1.06755, 1
0.986725, 1
0.883173, 1
1.04455, 1
0.468455, 1
0.468455, 1
0.468455, 1
1.46896, 1
1.88617, 1
26.6922, 0
26.7543, 0
26.8089, 0
===== New sim =====
===== New sim =====
1.14745, 1
2.75109, 1
1.07791, 1
1.13536, 1
1.13536, 1
1.13536, 1
1.3937, 1
1.27657, 1
1.23947, 1
1.24111, 1
1.44611, 1
2.23112, 1
1.51889, 1
1.4264, 1
0.448094, 1
1.97269, 1
1.21497, 1
0.910119, 1
0.120952, 1
0.485222, 1
0.485222, 1
0.485222, 1
1.9411, 1
4.67203, 1
1.11891, 1
0.980986, 1
0.980986, 1
0.980986, 1
1.8132, 1
0.744683, 1
1.56422, 1
2.58003, 1
0.565727, 1
0.902756, 1
0.953589, 1
0.751049, 1
===== New sim =====
===== New sim =====
1.59035, 1
2.55705, 1
1.26758, 1
0.906879, 1
0.855276, 1
0.853988, 1
0.656284, 1
0.946527, 1
0.908862, 1
0.908862, 1
1.30646, 1
1.24854, 1
35.3166, 0
1.36176, 1
3.07297, 1
0.835135, 1
0.607726, 1
0.607726, 1
0.607726, 1
1.10528, 1
0.504187, 1
0.504187, 1
0.504187, 1
1.28486, 1
1.7588, 1
0.733083, 1
1.46087, 1
===== New sim =====
===== New sim =====
1.48173, 1
1.4226, 1
1.19338, 1
1.07431, 1
0.820477, 1
1.20507, 1
1.31429, 1
1.35121, 1
2.07995, 1
4.26554, 1
35.1131, 0
32.7374, 0
33.0585, 0
33.5371, 0
33.3402, 0
43.6743, 0
43.7812, 0
43.6357, 0
43.6207, 0
43.5978, 0
===== New sim =====
===== New sim =====
1.26033, 1
0.966561, 1
0.938379, 1
0.938379, 1
35.4396, 0
0.257014, 1
0.735624, 1
1.10227, 1
1.13786, 1
1.23613, 1
1.05785, 1
1.02855, 1
0.968806, 1
1.031, 1
1.66054, 1
35.3957, 0
37.4088, 0
36.0978, 0
36.4849, 0
13.293, 1
13.6556, 1
49.5935, 0
49.7024, 0
===== New sim =====
===== New sim =====
0.931355, 1
1.63278, 1
0.939139, 1
1.51301, 1
0.932014, 1
1.19882, 1
1.1427, 1
1.1427, 1
1.41107, 1
0.401654, 1
0.401654, 1
0.401654, 1
1.19022, 1
1.89709, 1
0.708362, 1
0.478266, 1
0.478266, 1
0.478266, 1
1.37394, 1
0.502302, 1
0.502302, 1
0.502302, 1
1.00109, 1
0.929953, 1
0.929953, 1
0.929953, 1
1.33287, 1
1.29277, 1
64.5986, 0
0.44263, 1
0.442111, 1
0.442111, 1
0.442111, 1
0.738587, 1
1.25336, 1
1.42355, 1
1.06292, 1
===== New sim =====
===== New sim =====
1.36232, 1
1.18003, 1
1.08273, 1
1.08273, 1
0.974045, 1
2.82899, 1
1.47889, 1
0.919212, 1
0.55093, 1
1.13145, 1
1.36508, 1
1.2126, 1
1.2126, 1
1.2126, 1
0.83265, 1
1.44401, 1
1.44401, 1
1.44401, 1
1.13246, 1
1.86712, 1
1.30214, 1
1.16083, 1
1.1233, 1
1.05081, 1
11.2817, 1
===== New sim =====
===== New sim =====
1.43743, 1
1.63006, 1
1.3802, 1
0.355423, 1
0.252767, 1
0.252767, 1
80.6204, 0
80.6776, 0
81.1857, 0
80.8033, 0
80.8295, 0
1.38499, 1
1.79442, 1
0.384752, 1
1.22893, 1
1.18969, 1
0.78315, 1
0.948895, 1
0.910684, 1
31.5149, 0
0.721569, 1
0.977235, 1
1.08701, 1
1.05565, 1
1.30012, 1
1.95774, 1
0.475677, 1
0.938151, 1
0.60713, 1
0.421272, 1
1.46586, 1
1.15935, 1
1.00932, 1
0.828737, 1
1.05352, 1
0.838672, 1
===== New sim =====
===== New sim =====
===== New sim =====
===== New sim =====
1.2611, 1
1.07951, 1
1.00041, 1
1.00041, 1
53.7879, 0
21.3813, 0
21.7069, 0
21.2899, 1
21.4927, 1
21.6259, 1
21.6259, 1
0.701634, 1
1.544, 1
1.24862, 1
1.10818, 1
1.0773, 1
1.01928, 1
1.28879, 1
1.08441, 1
1.0639, 1
1.02803, 1
1.77045, 1
1.28851, 1
0.835439, 1
0.710268, 1
0.801844, 1
1.29599, 1
0.722113, 1
0.521115, 1
43.1243, 0
===== New sim =====
===== New sim =====
1.67067, 1
3.89597, 1
1.32125, 1
1.14454, 1
1.14454, 1
1.14454, 1
1.02377, 1
0.557699, 1
0.562084, 1
0.386532, 1
0.432117, 1
1.57585, 1
0.656508, 1
0.379524, 1
0.379524, 1
0.379524, 1
1.29946, 1
1.14864, 1
1.12325, 1
1.06679, 1
1.1592, 1
1.01323, 1
1.01323, 1
1.01323, 1
1.32399, 1
1.24477, 1
52.2865, 0
1.05824, 1
0.511949, 1
0.545486, 1
0.542134, 1
0.231611, 1
0.23044, 1
0.229716, 1
0.229716, 1
28.9354, 0
===== New sim =====
===== New sim =====
1.12449, 1
4.20479, 1
1.89121, 1
1.88638, 1
0.488351, 1
1.18983, 1
1.18983, 1
1.18983, 1
0.973373, 1
1.78015, 1
1.26837, 1
1.15377, 1
1.0891, 1
1.05875, 1
1.74247, 1
0.419792, 1
0.419792, 1
0.419792, 1
1.29859, 1
1.10034, 1
1.10034, 1
1.10034, 1
===== New sim =====
===== New sim =====
1.67528, 1
1.14901, 1
1.0841, 1
1.74125, 1
1.32278, 1
0.728722, 1
0.583208, 1
0.74138, 1
0.348517, 1
0.340366, 1
0.340366, 1
0.340366, 1
1.19959, 1
1.11242, 1
1.04517, 1
1.11806, 1
8.37965, 1
8.51321, 1
8.54407, 1
8.60683, 1
50.5141, 0
50.7921, 0
50.7055, 0
50.6594, 0
50.7177, 0
62.1352, 0
63.4578, 0
63.57, 0
63.0596, 0
63.321, 0
1.33332, 1
1.23186, 1
1.19419, 1
0.165457, 1
0.963749, 1
0.583497, 1
48.7213, 0
1.26775, 1
1.04831, 1
===== New sim =====
===== New sim =====
