1.09571, 1
1.8601, 1
0.697612, 0
0.263779, 1
0.260171, 0
0.260066, 0
0.252624, 1
0.244399, 1
0.233106, 1
0.233106, 1
3.70769, 0
3.98209, 0
3.22679, 0
3.65039, 1
3.6314, 1
3.6314, 1
3.6314, 1
0.746658, 1
0.226148, 1
0.276299, 1
0.276299, 1
0.849423, 1
0.752608, 1
0.727096, 1
0.704931, 1
4.89378, 1
5.4915, 1
0.590889, 1
1.16749, 0
0.822418, 1
0.64209, 1
0.600142, 0
0.600142, 0
0.527484, 0
0.473445, 1
0.386453, 0
0.960454, 0
0.803073, 0
0.728544, 1
0.610862, 1
0.512828, 1
0.512828, 1
0.512828, 1
0.512828, 1
0.828515, 0
0.689019, 0
0.613614, 1
0.482202, 1
0.482202, 1
0.482202, 1
6.59043, 0
6.31362, 0
6.48027, 0
6.56373, 0
6.54952, 0
0.155373, 0
0.155359, 0
0.155355, 0
0.155353, 0
0.155322, 0
0.934185, 0
0.841147, 1
0.743983, 1
0.720542, 1
0.730305, 0
0.808712, 0
0.716973, 0
0.654989, 0
0.517236, 0
0.469989, 0
===== New sim =====
0.927054, 1
0.861502, 1
0.815271, 1
0.815271, 1
9.97073, 1
9.84945, 1
9.84945, 1
9.84945, 1
0.535165, 1
0.401283, 1
0.392643, 1
0.550788, 1
4.73326, 1
4.77389, 1
4.82319, 1
4.6535, 1
0.916191, 1
0.921821, 1
0.921821, 1
0.921821, 1
6.27406, 1
4.98885, 1
0.915722, 1
0.223639, 1
0.263192, 1
0.451534, 1
0.730172, 1
0.27707, 1
0.313624, 1
0.353282, 1
0.360086, 1
0.352717, 1
0.351915, 1
0.351915, 1
0.934915, 1
0.899241, 1
0.88176, 1
0.825987, 1
0.904932, 1
0.787365, 1
0.787365, 1
0.787365, 1
0.714268, 1
0.548775, 1
0.548775, 1
0.548775, 1
===== New sim =====
0.705351, 1
3.97713, 1
6.82643, 1
6.25929, 1
6.25929, 1
6.25929, 1
0.77932, 1
0.984175, 1
1.26647, 1
1.09433, 1
6.56746, 1
6.95327, 1
6.84786, 1
6.84786, 1
1.71121, 1
3.30817, 1
4.36778, 1
3.93634, 1
0.196453, 1
0.191853, 1
0.190627, 1
0.190612, 1
0.72337, 1
1.20663, 1
0.962065, 1
0.774595, 1
0.774595, 1
0.774595, 1
0.944344, 1
0.841364, 1
0.800808, 1
0.285602, 1
0.954869, 1
0.861644, 1
0.835298, 1
0.867618, 1
6.58474, 1
6.75544, 1
6.75544, 1
6.75544, 1
===== New sim =====
0.932102, 1
0.846711, 1
0.822079, 1
0.797479, 1
0.202391, 1
0.200091, 1
0.199842, 1
0.199842, 1
0.968457, 1
0.81981, 1
0.792458, 1
0.766127, 1
0.669091, 1
0.582146, 1
0.539988, 1
0.510461, 1
0.940972, 1
0.818562, 1
0.795592, 1
0.761674, 1
0.691776, 1
0.393912, 1
0.322472, 1
0.322472, 1
6.28137, 1
5.96404, 1
0.822614, 1
0.253816, 1
0.253816, 1
0.253816, 1
9.22492, 1
9.23592, 1
9.23592, 1
9.23592, 1
1.07928, 1
1.03943, 1
0.441552, 1
0.441811, 1
0.441853, 1
0.453624, 1
===== New sim =====
0.851573, 1
0.750081, 1
0.722258, 1
0.696368, 1
0.57126, 1
0.328031, 1
1.00532, 1
1.52261, 1
0.184224, 1
0.236865, 1
0.204725, 1
0.204725, 1
7.99357, 1
8.0841, 1
8.0841, 1
8.0841, 1
0.687925, 1
0.909248, 1
0.909248, 1
0.909248, 1
0.947753, 1
0.78158, 1
0.771171, 1
0.772367, 1
7.89856, 1
7.96996, 1
8.09592, 1
8.17498, 1
7.06813, 1
7.24944, 1
7.24944, 1
7.24944, 1
1.02832, 1
1.11067, 1
9.05477, 1
10.4364, 1
8.10643, 1
9.14233, 1
7.19478, 1
7.6816, 1
7.59429, 1
7.59429, 1
===== New sim =====
0.943087, 1
0.808426, 1
0.808426, 1
0.808426, 1
8.15483, 1
7.95867, 1
0.724674, 1
0.505977, 1
0.505977, 1
0.505977, 1
0.838813, 1
1.12948, 1
5.87736, 1
5.85292, 1
5.85944, 1
5.87237, 1
0.851053, 1
0.719477, 1
0.719477, 1
0.719477, 1
0.483885, 1
0.945519, 1
0.772301, 1
0.772301, 1
9.87134, 1
9.8321, 1
9.82397, 1
9.80997, 1
0.930844, 1
0.879126, 1
0.865139, 1
0.804738, 1
0.885226, 1
0.801796, 1
0.761133, 1
0.761133, 1
1.99886, 1
1.76053, 1
0.668946, 1
0.501966, 1
0.458946, 1
0.464068, 1
===== New sim =====
0.910591, 1
0.898497, 1
0.883291, 1
0.871788, 1
0.625842, 1
1.09758, 1
0.644394, 1
0.49152, 1
0.300646, 1
0.245162, 1
7.06648, 1
6.99031, 1
6.974, 1
6.92961, 1
1.72864, 1
1.52271, 1
0.481174, 1
0.513255, 1
0.932639, 1
0.840859, 1
0.788749, 1
0.636898, 1
1.44389, 1
1.37123, 1
0.488164, 1
0.588038, 1
0.895567, 1
0.418616, 1
0.418568, 1
0.418568, 1
0.766404, 1
0.847902, 1
0.83906, 1
0.818167, 1
0.630797, 1
0.416766, 1
0.296515, 1
0.296515, 1
0.981692, 1
1.09562, 1
0.841338, 1
0.734893, 1
0.734893, 1
0.734893, 1
===== New sim =====
0.955253, 1
0.839204, 1
0.839204, 1
0.839204, 1
0.809171, 1
0.684208, 1
0.640028, 1
0.619806, 1
0.887462, 1
0.446445, 1
0.325565, 1
0.44975, 1
0.93683, 1
0.557823, 1
0.455905, 1
0.443518, 1
0.883341, 1
0.76131, 1
0.738474, 1
0.738474, 1
0.851265, 1
0.402233, 1
0.402902, 1
0.402911, 1
0.90382, 1
0.914587, 1
0.895037, 1
0.838095, 1
0.529191, 1
0.576127, 1
0.613525, 1
0.294975, 1
0.927785, 1
0.87903, 1
0.79705, 1
0.217998, 1
0.468929, 1
0.663633, 1
0.650115, 1
0.614469, 1
0.894937, 1
0.824829, 1
0.800618, 1
0.756185, 1
===== New sim =====
1.43165, 1
4.77603, 1
1.07102, 1
0.390816, 1
0.462676, 1
0.462676, 1
0.954454, 1
0.798971, 1
0.798971, 1
0.798971, 1
0.46004, 1
0.503171, 1
0.503171, 1
0.503171, 1
0.591536, 1
3.9423, 1
0.953636, 1
0.793914, 1
0.793914, 1
0.793914, 1
6.20113, 1
5.68872, 1
0.390847, 1
0.478244, 1
0.478244, 1
0.478244, 1
1.14081, 1
1.55807, 1
7.58565, 1
7.51552, 1
7.45789, 1
7.45789, 1
0.969894, 1
1.3454, 1
6.1712, 1
6.0722, 1
6.08226, 1
6.09745, 1
0.121737, 1
0.117278, 1
0.117278, 1
0.117278, 1
===== New sim =====
0.954397, 1
0.86341, 1
0.808653, 1
0.808653, 1
0.946222, 1
0.855546, 1
0.80389, 1
0.527788, 1
6.47188, 1
6.22133, 1
6.22133, 1
6.22133, 1
7.76523, 1
7.95449, 1
8.02916, 1
8.02916, 1
0.885695, 1
0.814104, 1
0.766873, 1
0.74232, 1
0.947, 1
0.826736, 1
0.80379, 1
0.80379, 1
0.648961, 1
0.405032, 1
0.402611, 1
0.458714, 1
0.916596, 1
0.817309, 1
0.79034, 1
0.770628, 1
0.809461, 1
0.720012, 1
0.720012, 1
0.720012, 1
3.62194, 1
3.61157, 1
3.61157, 1
3.61157, 1
0.595252, 1
0.251399, 1
0.202222, 1
0.265915, 1
===== New sim =====
0.843343, 1
0.770649, 1
0.732435, 1
0.78762, 1
0.432659, 1
0.628562, 1
0.975363, 1
1.05662, 1
0.290398, 1
0.351797, 1
0.352908, 1
0.354868, 1
1.41124, 1
0.625626, 1
0.457455, 1
0.391083, 1
0.311267, 1
0.486574, 1
1.482, 1
1.48387, 1
0.500124, 1
0.629773, 1
0.431405, 1
0.431405, 1
0.936696, 1
0.800036, 1
0.780696, 1
0.767705, 1
0.913439, 1
1.58117, 1
0.628187, 1
0.585848, 1
0.585848, 1
0.585848, 1
0.610601, 1
1.17433, 1
9.02312, 1
9.24308, 1
9.22787, 1
9.19662, 1
===== New sim =====
0.948755, 1
0.879108, 1
0.833095, 1
0.833095, 1
10.461, 1
10.3735, 1
10.3259, 1
10.3113, 1
1.00404, 1
2.85821, 1
0.93632, 1
4.00483, 1
8.48283, 1
8.3443, 1
8.30351, 1
8.30351, 1
1.06633, 1
3.9436, 1
8.13174, 1
8.53425, 1
8.44437, 1
8.33069, 1
0.528807, 1
0.928336, 1
0.556354, 1
0.434838, 1
0.508447, 1
0.839454, 1
0.803375, 1
0.803375, 1
10.5935, 1
10.5234, 1
10.5234, 1
10.5234, 1
0.490594, 1
0.405345, 1
0.405852, 1
0.405852, 1
0.369691, 1
1.22039, 1
===== New sim =====
0.88928, 1
0.788901, 1
0.728779, 1
0.728779, 1
0.807957, 1
0.532469, 1
0.658299, 1
0.925276, 1
0.458924, 1
0.422595, 1
0.422595, 1
0.422595, 1
12.0886, 0
10.1541, 0
10.2372, 1
10.2233, 1
10.2163, 1
10.2163, 1
6.53664, 1
7.09534, 1
7.11707, 1
7.11707, 1
0.701912, 1
0.481371, 1
0.334418, 1
0.354182, 1
9.88279, 1
9.8377, 1
9.82517, 1
9.81086, 1
0.630575, 1
0.42659, 1
0.42663, 1
0.42663, 1
8.54903, 1
8.48564, 1
8.4682, 1
8.45249, 1
0.738204, 1
0.42105, 1
0.42227, 1
0.420677, 1
0.750157, 1
0.201474, 1
0.201474, 1
0.201474, 1
===== New sim =====
1.39192, 1
4.42393, 1
9.90441, 0
9.84249, 1
9.79179, 1
9.76202, 1
9.76202, 1
9.74344, 1
9.74344, 1
5.7758, 1
5.16862, 1
0.687811, 1
0.967956, 1
0.906746, 1
0.906746, 1
0.892543, 1
0.788068, 1
0.767297, 1
0.767297, 1
0.877279, 1
0.737614, 1
0.737614, 1
0.737614, 1
0.6652, 1
0.632811, 1
0.632811, 1
0.632811, 1
1.20142, 1
3.84376, 1
0.943476, 1
0.825137, 1
0.825137, 1
0.825137, 1
5.37709, 1
4.97572, 1
0.362896, 1
0.777462, 1
0.607805, 1
0.258084, 1
0.839062, 1
0.567886, 1
0.456462, 1
0.415519, 1
===== New sim =====
1.04389, 1
3.7335, 1
9.11119, 0
8.93089, 1
9.10131, 1
9.09349, 1
9.03427, 1
1.32325, 1
0.700759, 1
0.423651, 1
0.422957, 1
0.468759, 1
1.38449, 1
0.763378, 1
4.61363, 1
8.34096, 1
8.45286, 1
8.4069, 1
8.4069, 1
0.821758, 1
0.436198, 1
0.436355, 1
0.436355, 1
0.950058, 1
0.873599, 1
0.820717, 1
0.820717, 1
9.43485, 1
9.33199, 1
9.33199, 1
9.33199, 1
1.24481, 1
0.875484, 1
0.113166, 1
0.113166, 1
0.388343, 1
0.335659, 1
0.329725, 1
0.336935, 1
0.420781, 1
0.42025, 1
0.42025, 1
0.42025, 1
===== New sim =====
0.892028, 1
0.792193, 1
0.768935, 1
0.746417, 1
0.542728, 1
0.622471, 1
0.569746, 1
0.456441, 1
0.903566, 1
0.790539, 1
0.748744, 1
0.748744, 1
0.949261, 1
0.857787, 1
0.79733, 1
0.79733, 1
0.965715, 1
0.38211, 1
0.404243, 1
0.404243, 1
0.856412, 1
0.791032, 1
0.791032, 1
0.791032, 1
0.940061, 1
0.830532, 1
0.811558, 1
0.776604, 1
1.00764, 1
2.95711, 1
0.836741, 1
0.722748, 1
0.722748, 1
0.722748, 1
9.89482, 0
9.83808, 0
9.78077, 0
9.74009, 0
9.71235, 0
0.471389, 1
0.195746, 1
0.195463, 1
0.195479, 1
0.633916, 1
1.03622, 1
0.690383, 1
0.407998, 1
===== New sim =====
6.42957, 1
6.49875, 1
6.51394, 1
6.52696, 1
0.862799, 1
0.772329, 1
0.750692, 1
0.729906, 1
0.931455, 1
0.872791, 1
0.85187, 1
0.825328, 1
0.433469, 1
0.723537, 1
0.848767, 1
0.814284, 1
0.850983, 1
0.785757, 1
0.748911, 1
2.00581, 1
0.97125, 1
2.32252, 1
0.505853, 1
0.554131, 1
0.554131, 1
0.554131, 1
0.746292, 1
0.722024, 1
0.722024, 1
0.722024, 1
0.951686, 1
1.25667, 1
0.254225, 1
0.14283, 1
26.3737, 0
25.9655, 0
25.8972, 0
25.7432, 0
25.8151, 0
25.9095, 0
25.2804, 0
25.5733, 0
25.5803, 0
25.4626, 0
38.1111, 0
===== New sim =====
0.960888, 1
3.69863, 1
8.55564, 0
8.42666, 1
8.31182, 1
8.3249, 1
8.3249, 1
8.35316, 1
8.65901, 1
0.916715, 1
0.449652, 1
0.38547, 1
0.38547, 1
9.448, 1
9.32762, 1
9.32762, 1
9.32762, 1
0.118052, 1
0.489732, 1
0.489732, 1
0.489732, 1
0.848067, 1
0.727556, 1
0.727556, 1
0.727556, 1
0.809064, 1
0.723693, 1
0.700196, 1
0.661095, 1
0.869978, 1
0.740971, 1
0.740971, 1
0.740971, 1
0.907274, 1
0.842922, 1
0.798835, 1
0.768453, 1
0.449584, 1
2.81273, 1
0.252326, 1
1.10211, 1
10.0615, 1
9.15981, 1
0.737556, 1
0.653992, 1
0.653992, 1
0.653992, 1
===== New sim =====
0.862187, 1
0.739465, 1
0.725479, 1
0.711223, 1
10.3621, 1
10.357, 1
10.296, 1
10.2644, 1
0.332657, 1
0.327494, 1
0.327494, 1
0.327494, 1
7.52083, 1
7.59204, 1
7.61131, 1
7.61131, 1
0.861872, 1
0.395451, 1
0.386578, 1
0.454657, 1
0.91836, 1
0.803756, 1
0.781205, 1
0.759654, 1
0.962516, 1
0.797043, 1
0.780084, 1
0.780084, 1
6.43226, 1
6.12767, 1
6.11798, 1
6.11798, 1
0.882391, 1
1.69337, 1
0.687086, 1
1.95179, 1
9.30562, 0
9.21276, 0
9.23884, 0
9.21013, 1
9.20851, 1
9.22887, 1
9.22887, 1
===== New sim =====
3.3495, 1
3.38342, 1
3.40031, 1
3.3681, 1
0.540234, 1
0.476148, 1
0.443083, 1
0.443083, 1
0.917634, 1
0.795991, 1
0.795991, 1
0.795991, 1
0.946138, 1
0.824883, 1
0.824883, 1
0.824883, 1
0.803279, 1
0.759982, 1
0.759982, 1
0.759982, 1
10.208, 1
10.3637, 1
38.2438, 0
38.1675, 0
38.0302, 0
37.9934, 0
37.8574, 0
34.2778, 0
34.5804, 0
34.5782, 0
34.5777, 0
34.5765, 0
32.1679, 0
32.1661, 0
32.1642, 0
32.1623, 0
32.1614, 0
1.99768, 1
3.05599, 1
2.90597, 1
2.68311, 1
25.6543, 0
25.2118, 0
25.5906, 0
25.6106, 0
25.6058, 0
21.9501, 0
24.1103, 0
24.5477, 0
24.5551, 0
24.4877, 0
11.4086, 0
11.6754, 1
11.6755, 1
11.6755, 1
11.6755, 1
11.6755, 1
11.6755, 1
===== New sim =====
0.857857, 1
0.723413, 1
0.708595, 1
0.708595, 1
1.02825, 1
1.01713, 1
0.965526, 1
0.793512, 1
0.861241, 1
0.769652, 1
0.750857, 1
0.714122, 1
0.446009, 1
0.506893, 1
0.243472, 1
0.153923, 1
0.900706, 1
0.658388, 1
0.90772, 1
1.06042, 1
0.925533, 1
0.79147, 1
0.79147, 1
0.79147, 1
0.622328, 1
1.21796, 1
7.22822, 1
7.18887, 1
7.1652, 1
7.15203, 1
1.02844, 1
1.44881, 1
0.924919, 1
1.02563, 1
9.37117, 1
9.29418, 1
0.818449, 1
0.435603, 1
0.435603, 1
0.435603, 1
0.9527, 1
0.860696, 1
0.818887, 1
0.814621, 1
===== New sim =====
0.909407, 1
0.811421, 1
0.788133, 1
0.765935, 1
7.35444, 1
7.29992, 1
7.26983, 1
7.26983, 1
1.76368, 1
1.4529, 1
8.99464, 1
8.92983, 1
8.92983, 1
8.92983, 1
0.860918, 1
0.782396, 1
0.782396, 1
0.782396, 1
10.2286, 1
10.3757, 1
10.4508, 1
10.4508, 1
1.97893, 1
2.63873, 1
0.951018, 1
0.855595, 1
0.82375, 1
0.794607, 1
0.401718, 1
0.401582, 1
0.401582, 1
0.401582, 1
0.85468, 1
1.36372, 1
0.410142, 1
0.652933, 1
0.690187, 1
0.690187, 1
0.770764, 1
0.91766, 1
0.771808, 1
0.382043, 1
===== New sim =====
1.32845, 1
3.86046, 1
0.932525, 1
0.778357, 1
0.674769, 1
0.66607, 1
0.968307, 1
0.854764, 1
0.823714, 1
0.771499, 1
0.749094, 1
0.391436, 1
0.391436, 1
0.391436, 1
0.879137, 1
0.724929, 1
0.724929, 1
0.724929, 1
0.942893, 1
0.891775, 1
0.820761, 1
0.876628, 1
0.909152, 1
1.06101, 1
0.934362, 1
0.794794, 1
0.764611, 1
0.764611, 1
6.49745, 1
6.1513, 1
5.72249, 1
5.72249, 1
0.508137, 1
0.881536, 1
0.881536, 1
0.881536, 1
1.26066, 1
1.11007, 1
1.31767, 1
1.43292, 1
0.43017, 1
0.436367, 1
0.925976, 1
0.810136, 1
0.783558, 1
0.783558, 1
===== New sim =====
0.847967, 1
0.723205, 1
0.723205, 1
0.723205, 1
0.82489, 1
0.682913, 1
0.682913, 1
0.682913, 1
0.841593, 1
0.766901, 1
0.73077, 1
0.73077, 1
0.847208, 1
0.923181, 1
0.806582, 1
0.784311, 1
0.61188, 1
0.451733, 1
0.39818, 1
0.399119, 1
0.400702, 1
0.399777, 1
6.19574, 1
5.78699, 1
5.77829, 1
5.77829, 1
0.84228, 1
0.811057, 1
0.751305, 1
0.71605, 1
1.06221, 1
1.41527, 1
0.527559, 1
0.832792, 1
0.880149, 1
0.880149, 1
0.683639, 1
4.44471, 1
0.183755, 1
0.943989, 1
0.954826, 1
0.954826, 1
===== New sim =====
0.922941, 1
0.820629, 1
0.798988, 1
0.748737, 1
1.13666, 1
2.78221, 1
0.850943, 1
0.779088, 1
0.758288, 1
0.7185, 1
9.24238, 1
9.16837, 1
9.12115, 1
9.05534, 1
6.31337, 0
6.49999, 1
6.35837, 1
6.35837, 1
6.35837, 1
1.78379, 1
1.90228, 1
6.13416, 1
3.91202, 1
0.635124, 1
0.408067, 1
0.408067, 1
0.408067, 1
0.849204, 1
0.800535, 1
0.732186, 1
0.442311, 1
0.553525, 1
0.331978, 1
0.331978, 1
0.331978, 1
0.443004, 1
0.443787, 1
0.443787, 1
0.443787, 1
0.854382, 1
0.784997, 1
0.749508, 1
0.749508, 1
===== New sim =====
1.33725, 1
4.59996, 1
0.525348, 1
0.427739, 1
0.433496, 1
0.433496, 1
7.36555, 1
7.26613, 1
7.26613, 1
7.26613, 1
1.86629, 1
1.74023, 1
1.13705, 1
1.19078, 1
0.933935, 1
0.8127, 1
0.779423, 1
0.779423, 1
0.311906, 1
0.308542, 1
0.308542, 1
0.308542, 1
0.746748, 1
0.280271, 1
0.294656, 1
0.394744, 1
0.221945, 1
0.222381, 1
0.221921, 1
0.221726, 1
0.870265, 1
0.775673, 1
0.728784, 1
0.728784, 1
1.01405, 1
0.364991, 1
0.364991, 1
0.364991, 1
0.952298, 1
0.858542, 1
0.83734, 1
0.827205, 1
0.13682, 1
0.242923, 1
0.237196, 1
0.237196, 1
===== New sim =====
1.05897, 1
3.77629, 1
0.854547, 1
0.784953, 1
0.742107, 1
0.71695, 1
0.900692, 1
0.842257, 1
0.803347, 1
0.803347, 1
0.866275, 1
0.732467, 1
0.732467, 1
0.732467, 1
10.2451, 0
10.2284, 0
10.2253, 0
10.2184, 0
10.211, 0
0.927826, 1
0.885907, 1
0.885907, 1
0.885907, 1
0.698763, 1
1.67966, 1
0.504377, 1
0.719503, 1
0.692853, 1
0.655691, 1
0.52664, 1
2.77371, 1
0.947492, 1
0.838847, 1
0.809055, 1
0.776783, 1
0.986415, 1
0.887909, 1
0.827855, 1
0.611976, 1
7.05578, 1
6.78624, 1
6.78624, 1
6.78624, 1
===== New sim =====
4.91657, 1
4.82875, 1
4.79512, 1
4.7816, 1
0.543773, 1
1.01061, 1
0.929471, 1
0.742959, 1
0.471966, 1
0.481767, 1
0.897055, 1
0.800132, 1
0.763171, 1
0.763171, 1
1.15832, 1
1.59014, 1
0.86405, 1
0.422547, 1
0.422547, 1
0.422547, 1
1.14458, 1
0.644431, 1
0.423296, 1
0.422148, 1
0.421404, 1
0.421954, 1
7.42919, 0
7.34251, 1
7.30007, 1
7.28893, 1
7.27346, 1
0.924269, 1
0.834145, 1
0.796787, 1
0.796787, 1
0.865788, 1
0.779169, 1
0.78075, 1
0.781744, 1
0.356693, 1
0.372751, 1
0.286596, 1
0.272229, 1
===== New sim =====
0.943731, 1
0.76936, 1
0.76936, 1
0.76936, 1
0.912236, 1
0.793033, 1
0.793033, 1
0.793033, 1
8.46804, 1
8.56807, 1
8.48907, 1
8.49512, 1
7.05184, 1
7.00705, 1
6.99356, 1
6.98169, 1
0.864572, 1
0.59013, 1
0.283402, 1
0.283402, 1
0.787947, 1
0.376757, 1
0.350052, 1
0.350052, 1
0.728906, 1
3.02481, 1
0.343516, 1
0.39412, 1
0.514818, 1
0.57225, 1
0.784776, 1
0.428946, 1
0.428946, 1
0.428946, 1
0.269534, 1
1.43507, 1
0.673297, 1
0.627931, 1
0.458237, 1
0.396021, 1
===== New sim =====
0.861947, 1
0.789898, 1
0.746328, 1
0.724866, 1
0.694664, 1
0.708039, 1
0.615842, 1
0.615842, 1
0.979027, 1
0.879557, 1
2.92976, 1
3.4098, 1
0.433806, 1
0.510593, 1
0.510593, 1
0.510593, 1
0.851573, 1
0.758575, 1
0.737643, 1
0.697131, 1
0.892204, 1
0.892204, 1
1.43193, 1
3.45117, 1
7.20471, 1
7.02513, 1
7.03561, 1
7.06056, 1
0.461309, 1
0.488859, 1
0.538528, 1
0.538528, 1
1.64491, 1
4.72546, 1
8.3705, 1
8.43431, 1
8.43431, 1
8.43431, 1
6.36801, 1
6.5126, 1
6.5126, 1
6.5126, 1
===== New sim =====
0.951196, 1
0.87033, 1
0.815468, 1
0.815468, 1
8.37661, 1
8.23615, 1
0.557071, 1
0.401131, 1
0.401978, 1
0.401959, 1
0.489845, 1
0.301451, 1
0.334877, 1
0.334877, 1
0.889254, 1
0.757346, 1
0.741566, 1
0.741566, 1
0.897731, 1
0.802896, 1
0.781602, 1
0.759132, 1
0.90884, 1
0.793201, 1
0.771298, 1
0.771298, 1
6.66945, 1
6.64343, 1
6.63886, 1
6.63334, 1
9.56991, 1
9.61539, 1
9.4292, 1
9.4292, 1
1.19535, 1
1.30541, 1
1.68369, 1
2.76126, 1
0.894833, 1
0.839693, 1
0.793451, 1
0.793451, 1
===== New sim =====
0.662291, 1
2.35073, 1
0.85441, 1
1.12202, 1
0.954783, 1
0.816769, 1
0.792929, 1
0.792929, 1
1.8319, 1
3.023, 1
0.882525, 1
0.761564, 1
0.761564, 1
0.761564, 1
0.881077, 1
0.760621, 1
0.721965, 1
0.690577, 1
0.843841, 1
0.771485, 1
0.736773, 1
0.707253, 1
0.628807, 1
1.44436, 1
0.989124, 1
1.03102, 1
0.628155, 1
0.466072, 1
0.466072, 1
0.466072, 1
0.512558, 1
0.420832, 1
0.417543, 1
0.417543, 1
0.967889, 1
0.859991, 1
0.834559, 1
0.807548, 1
0.703695, 1
0.419278, 1
0.419278, 1
0.419278, 1
===== New sim =====
0.831968, 1
0.765156, 1
0.724553, 1
0.580737, 1
0.504885, 1
0.625513, 1
0.436661, 1
0.281556, 1
0.961845, 1
1.2838, 1
0.758364, 1
0.470877, 1
0.260023, 1
0.260023, 1
0.675126, 1
0.359759, 1
0.340484, 1
0.340484, 1
0.967203, 1
0.85429, 1
0.830002, 1
0.784889, 1
7.32097, 1
7.30586, 1
7.30422, 1
7.30422, 1
0.50206, 1
0.367179, 1
0.342643, 1
0.339366, 1
0.939099, 1
0.855256, 1
0.80877, 1
0.52826, 1
0.969118, 1
0.825852, 1
0.805153, 1
0.805153, 1
0.950424, 1
0.950424, 1
21.8299, 0
4.07307, 1
4.00952, 1
4.00952, 1
4.00952, 1
===== New sim =====
0.968643, 1
0.860054, 1
0.835055, 1
0.81002, 1
0.961589, 1
0.831508, 1
0.831508, 1
0.831508, 1
0.953173, 1
0.807583, 1
0.807583, 1
0.807583, 1
0.857193, 1
0.771009, 1
0.750813, 1
0.73538, 1
0.686018, 1
0.537391, 1
0.530303, 1
0.523701, 1
0.0421512, 1
0.879189, 1
9.63036, 1
9.87817, 1
9.9338, 1
9.9338, 1
9.98102, 1
9.49158, 1
0.886383, 1
0.830999, 1
0.775778, 1
0.775778, 1
1.10012, 1
1.4144, 1
0.144762, 1
0.177793, 1
0.177793, 1
0.177793, 1
0.903889, 1
0.830686, 1
0.786091, 1
0.548336, 1
===== New sim =====
0.88661, 1
0.793967, 1
0.752532, 1
0.729176, 1
0.855762, 1
0.783794, 1
0.732372, 1
0.561653, 1
7.33753, 1
7.31702, 1
7.31097, 1
7.34293, 1
0.432063, 1
0.226983, 1
0.225449, 1
0.225449, 1
10.255, 0
10.2158, 1
10.1695, 1
10.1557, 1
10.1443, 1
0.379511, 1
0.231881, 1
0.117622, 1
0.147651, 1
0.903876, 1
0.759006, 1
3.62282, 1
3.43159, 1
3.43159, 1
3.43159, 1
0.835222, 1
0.962208, 1
0.820839, 1
0.716342, 1
0.714021, 1
0.714021, 1
0.81022, 1
0.893731, 1
0.913174, 1
0.904827, 1
0.274491, 1
0.917456, 1
0.64513, 1
0.441322, 1
===== New sim =====
3.41518, 1
4.78803, 1
0.968701, 1
0.422334, 1
0.482277, 1
0.537418, 1
4.82661, 1
4.02982, 1
0.952898, 1
0.825875, 1
0.796222, 1
0.775248, 1
9.6344, 0
9.20344, 1
8.98984, 1
9.02584, 1
9.13755, 1
0.653244, 1
1.79189, 1
0.425353, 1
0.42588, 1
0.42588, 1
0.42588, 1
0.2917, 1
1.27122, 1
0.943216, 1
0.97131, 1
0.957006, 1
0.957006, 1
11.0742, 1
10.1036, 1
9.91646, 1
9.91646, 1
0.316382, 1
2.12584, 1
0.598198, 1
0.626846, 1
0.467809, 1
0.331671, 1
0.479594, 1
0.851857, 1
0.813417, 1
0.579038, 1
===== New sim =====
0.959412, 1
0.885499, 1
0.837781, 1
0.814767, 1
0.900494, 1
0.783224, 1
0.761058, 1
0.761058, 1
8.14702, 1
7.86638, 1
7.90061, 1
8.02809, 1
1.37364, 1
0.511651, 1
0.511651, 1
0.511651, 1
7.31301, 1
7.29686, 1
7.28528, 1
7.28528, 1
0.630232, 1
0.237991, 1
0.268736, 1
0.268616, 1
10.1724, 1
10.143, 1
10.1368, 1
10.1228, 1
0.422213, 1
0.422187, 1
0.422212, 1
0.422193, 1
0.946109, 1
0.965359, 1
0.941306, 1
1.59949, 1
0.456195, 1
0.193205, 1
0.193959, 1
0.192281, 1
0.635268, 1
0.926358, 1
0.806669, 1
0.806669, 1
===== New sim =====
0.923404, 1
0.799633, 1
0.799633, 1
0.799633, 1
0.911194, 1
0.808881, 1
0.784157, 1
0.762169, 1
0.980114, 1
4.31677, 1
0.647947, 1
1.34165, 1
10.179, 1
10.2146, 1
10.2414, 1
10.2414, 1
1.32796, 1
1.57151, 1
4.98294, 1
5.22048, 1
9.42776, 1
9.37844, 1
9.37844, 1
9.37844, 1
0.184539, 1
0.181874, 1
0.182154, 1
0.180855, 1
0.31946, 1
1.57906, 1
0.883495, 1
0.724966, 1
0.591721, 1
0.475296, 1
0.625461, 1
0.476085, 1
0.476085, 1
0.476085, 1
0.886464, 1
0.753929, 1
0.753929, 1
0.753929, 1
===== New sim =====
10.2388, 0
10.2129, 0
10.193, 1
10.1789, 1
10.1789, 1
10.1789, 1
0.960822, 1
0.406567, 1
0.406708, 1
0.406708, 1
0.708171, 1
0.682178, 1
0.554919, 1
0.492234, 1
0.850554, 1
0.773894, 1
0.739605, 1
0.739605, 1
0.840647, 1
0.745222, 1
0.745222, 1
0.745222, 1
0.910622, 1
0.838009, 1
0.826377, 1
0.803832, 1
0.911408, 1
0.83238, 1
0.790572, 1
0.720398, 1
0.702624, 1
0.592829, 1
0.291725, 1
0.299587, 1
0.889477, 1
0.781082, 1
0.758347, 1
0.709899, 1
0.274284, 1
0.857617, 1
0.69697, 1
0.179009, 1
0.869438, 1
1.52112, 1
0.962969, 1
0.822294, 1
0.822294, 1
0.822294, 1
===== New sim =====
0.86615, 1
0.75817, 1
0.75817, 1
0.733967, 1
0.942343, 1
0.864251, 1
0.804494, 1
0.777875, 1
0.771002, 1
1.26958, 1
0.813653, 1
0.423743, 1
0.42565, 1
0.42565, 1
0.896762, 1
0.782334, 1
0.763283, 1
0.723955, 1
10.909, 0
10.4108, 1
9.86541, 1
10.3639, 1
10.3639, 1
10.3639, 1
10.3639, 1
0.899098, 1
0.761416, 1
0.761416, 1
0.761416, 1
0.892908, 1
0.327612, 1
0.327612, 1
0.327612, 1
0.913748, 1
0.756377, 1
0.735333, 1
0.735333, 1
0.754096, 1
0.547707, 1
0.547707, 1
0.547707, 1
0.906399, 1
0.803827, 1
0.775725, 1
0.749487, 1
===== New sim =====
10.577, 0
10.7724, 0
10.7053, 0
10.5738, 0
10.668, 0
9.83824, 1
10.3275, 1
10.2794, 1
10.2062, 1
0.880908, 1
0.863454, 1
0.818825, 1
0.425753, 1
0.925491, 1
0.762796, 1
0.746568, 1
0.746568, 1
0.782164, 1
1.7733, 1
0.384931, 1
0.452468, 1
0.452468, 1
0.452468, 1
===== New sim =====
0.968177, 1
0.844223, 1
0.844223, 1
0.844223, 1
0.867372, 1
0.745677, 1
0.745677, 1
0.745677, 1
6.63462, 1
6.94608, 1
7.1053, 1
7.32926, 1
1.87399, 1
0.461035, 1
1.45389, 1
2.64228, 1
8.01034, 0
8.46861, 0
8.27529, 1
8.26328, 1
8.26328, 1
8.26328, 1
37.1647, 0
36.9995, 0
37.0667, 0
36.8542, 0
36.7827, 0
43.3959, 0
42.8276, 0
42.6026, 0
42.9493, 0
42.8044, 0
0.970632, 1
0.905348, 1
0.864278, 1
0.840988, 1
5.60442, 1
5.35067, 1
5.31935, 1
5.31935, 1
0.852206, 1
0.745592, 1
0.703136, 1
0.693862, 1
0.0760323, 1
10.4863, 1
48.226, 0
48.2199, 0
48.035, 0
48.1254, 0
48.0009, 0
===== New sim =====
0.880008, 1
0.819409, 1
0.771471, 1
0.871633, 1
1.0807, 1
1.69466, 1
2.05577, 1
2.62312, 1
33.7322, 0
33.7341, 0
33.7341, 0
33.7342, 0
33.7358, 0
37.8956, 0
37.1671, 0
37.6895, 0
37.6031, 0
37.4815, 0
36.0262, 0
35.475, 0
35.4751, 0
35.4665, 0
35.4722, 0
44.071, 0
43.9626, 0
43.858, 0
43.7905, 0
43.7251, 0
63.8224, 0
63.8742, 0
63.3455, 0
63.4314, 0
63.5453, 0
0.997554, 1
1.01978, 1
0.471333, 1
0.34984, 1
0.272686, 1
0.237335, 1
0.895013, 1
0.80396, 1
0.740911, 1
0.716756, 1
0.333728, 1
0.326739, 1
0.326739, 1
0.326739, 1
===== New sim =====
0.895247, 1
0.810203, 1
0.783922, 1
0.741639, 1
0.897521, 1
0.794622, 1
0.773571, 1
0.753929, 1
1.05278, 1
0.516118, 1
0.441532, 1
0.442197, 1
0.786697, 1
0.444998, 1
0.446679, 1
0.482965, 1
0.914341, 1
0.818754, 1
0.769344, 1
0.769344, 1
0.674097, 1
0.370601, 1
0.322138, 1
0.285047, 1
0.731732, 1
0.785872, 1
0.735152, 1
0.740478, 1
0.894251, 1
1.54907, 1
9.83153, 1
9.7452, 1
9.72044, 1
9.69937, 1
10.4106, 1
10.076, 1
10.0467, 1
10.0876, 1
0.360833, 1
0.687337, 1
0.402285, 1
0.402285, 1
===== New sim =====
10.781, 0
10.746, 0
10.7433, 0
10.69, 0
10.6151, 0
9.89406, 0
10.2361, 1
9.87874, 1
9.98337, 1
9.98337, 1
9.98337, 1
9.98337, 1
1.13128, 1
4.47903, 1
0.948583, 1
1.11074, 1
0.676092, 1
0.745537, 1
0.638948, 1
0.638948, 1
0.927533, 1
0.820891, 1
0.771078, 1
0.731751, 1
0.591865, 1
0.627776, 1
0.489509, 1
0.411514, 1
1.14691, 1
2.0074, 1
0.911328, 1
0.811658, 1
0.787777, 1
0.766475, 1
0.766973, 1
1.28424, 1
7.85256, 0
8.33709, 0
8.25974, 0
8.29889, 0
38.6152, 0
34.1851, 0
34.6086, 0
33.7481, 0
34.1622, 0
34.1787, 0
14.9944, 0
===== New sim =====
===== New sim =====
10.2285, 0
10.2046, 0
10.1847, 1
10.1715, 1
10.1715, 1
10.1715, 1
1.30361, 1
3.88131, 1
0.552143, 1
0.817877, 1
0.726072, 1
0.726072, 1
0.99369, 1
1.73623, 1
0.559779, 1
1.21795, 1
0.951585, 1
0.942528, 1
0.379377, 1
0.361628, 1
11.0593, 1
10.1696, 1
9.9541, 1
9.9541, 1
0.375216, 1
2.42634, 1
0.632169, 1
0.781959, 1
0.60223, 1
0.415278, 1
0.94428, 1
0.818422, 1
0.818422, 1
0.818422, 1
0.583952, 1
0.417878, 1
0.410863, 1
0.410863, 1
0.92485, 1
0.838709, 1
0.779495, 1
0.779495, 1
0.247048, 1
0.568558, 1
0.580308, 1
0.567824, 1
===== New sim =====
1.63235, 1
4.5677, 1
0.13848, 1
0.687793, 1
0.505471, 1
0.332543, 1
0.836314, 1
0.409555, 1
0.409555, 1
0.409555, 1
0.961663, 1
0.883021, 1
0.800219, 1
0.800219, 1
0.950376, 1
0.821152, 1
0.821152, 1
0.821152, 1
0.20855, 1
0.64257, 1
0.669557, 1
0.669557, 1
0.848985, 1
0.754394, 1
0.726139, 1
0.713753, 1
0.751981, 1
0.626109, 1
0.280855, 1
0.351523, 1
10.1643, 1
10.4542, 1
0.268628, 1
0.259832, 1
0.260028, 1
0.260028, 1
0.961991, 1
0.839897, 1
0.799699, 1
0.619884, 1
1.39416, 1
2.51858, 1
===== New sim =====
0.922849, 1
0.778078, 1
0.778078, 1
0.778078, 1
0.869179, 1
0.749587, 1
0.749587, 1
0.749587, 1
0.869106, 1
0.810467, 1
0.793311, 1
0.752924, 1
0.867869, 1
0.794486, 1
0.756454, 1
0.738122, 1
10.4656, 0
10.2061, 1
10.1771, 1
10.1827, 1
10.1994, 1
5.5608, 1
5.803, 1
5.86369, 1
5.93156, 1
0.243271, 1
0.15968, 1
0.15931, 1
0.158713, 1
0.266957, 1
1.02542, 1
1.06449, 1
1.06449, 1
4.0946, 1
4.00225, 1
4.00225, 1
4.00225, 1
0.744053, 1
2.02885, 1
0.289375, 1
0.611541, 1
1.00359, 1
1.17356, 1
0.554115, 1
0.454416, 1
0.431974, 1
0.43259, 1
===== New sim =====
0.901024, 1
0.839704, 1
0.79518, 1
0.79518, 1
0.677182, 1
0.476651, 1
0.316691, 1
0.36517, 1
0.212784, 1
0.20247, 1
0.202549, 1
0.201296, 1
0.948261, 1
0.82335, 1
0.800142, 1
0.800142, 1
0.712894, 1
0.374212, 1
0.374212, 1
0.374212, 1
0.873957, 1
0.755652, 1
0.716686, 1
0.716686, 1
0.970093, 1
0.837435, 1
0.837435, 1
0.837435, 1
0.898023, 1
1.39603, 1
0.881605, 1
0.796449, 1
0.780086, 1
0.762365, 1
0.652935, 1
0.427585, 1
0.42782, 1
0.427439, 1
5.61301, 1
4.64701, 1
1.26495, 1
0.272694, 1
0.460533, 1
0.457222, 1
0.439122, 1
0.439122, 1
===== New sim =====
0.158114, 1
0.157179, 1
0.157724, 1
0.157724, 1
0.868755, 1
0.799195, 1
0.746765, 1
0.746765, 1
0.741313, 1
3.50592, 1
0.827972, 1
3.67495, 1
0.856585, 1
1.42602, 1
0.887295, 1
0.78311, 1
0.78311, 1
0.78311, 1
0.837636, 1
0.769914, 1
0.735066, 1
0.717115, 1
0.247897, 1
0.584224, 1
0.613984, 1
0.610076, 1
9.09924, 1
9.36307, 1
1.45046, 1
1.04774, 1
1.00422, 1
1.50932, 1
===== New sim =====
0.905839, 1
0.829703, 1
0.781719, 1
0.759031, 1
0.879972, 1
0.814761, 1
0.765099, 1
0.741837, 1
0.274698, 1
0.274905, 1
0.274905, 1
0.274905, 1
9.77872, 0
9.55908, 1
9.64825, 1
9.63982, 1
9.63982, 1
1.10245, 1
1.27918, 1
0.869031, 1
0.383338, 1
0.383338, 1
0.383338, 1
0.879876, 1
0.806927, 1
0.760809, 1
0.738931, 1
0.832676, 1
0.300351, 1
0.297434, 1
0.297434, 1
0.966227, 1
0.964829, 1
0.964829, 1
0.964829, 1
0.864131, 1
0.775892, 1
0.752375, 1
0.752375, 1
8.30763, 0
8.15138, 1
8.40557, 1
8.51029, 1
8.51029, 1
===== New sim =====
0.90729, 1
0.779112, 1
0.754224, 1
0.754224, 1
0.928158, 1
1.00163, 1
0.797631, 1
0.594723, 1
1.54425, 1
3.65216, 1
1.5356, 1
0.36655, 1
0.315846, 1
0.315846, 1
0.449237, 1
0.71291, 1
0.858489, 1
0.858489, 1
7.32438, 0
7.2962, 1
7.26936, 1
7.25959, 1
7.25959, 1
7.24776, 1
7.37207, 1
0.933833, 1
1.32807, 1
0.582961, 1
0.693028, 1
0.693028, 1
0.693028, 1
0.362712, 1
0.732103, 1
0.42566, 1
0.425257, 1
0.655083, 1
1.47009, 1
0.546854, 1
0.587593, 1
0.587593, 1
0.587593, 1
0.915148, 1
0.812116, 1
0.813481, 1
0.812041, 1
===== New sim =====
0.945469, 1
0.847694, 1
0.847694, 1
0.847694, 1
0.705082, 1
0.788038, 1
0.581968, 1
0.843187, 1
0.758881, 1
0.838918, 1
0.940182, 1
0.856073, 1
0.81167, 1
0.90259, 1
0.891877, 1
0.796892, 1
0.67534, 1
0.588242, 1
10.237, 0
10.1969, 1
10.1878, 1
10.1878, 1
10.1878, 1
0.660751, 1
1.28496, 1
0.90779, 1
0.793671, 1
0.785492, 1
0.758331, 1
0.729991, 1
0.665615, 1
0.421684, 1
0.421684, 1
0.447939, 1
0.445856, 1
0.446166, 1
0.446032, 1
0.536661, 1
0.651991, 1
0.855588, 1
0.855588, 1
1.03407, 1
2.00639, 1
===== New sim =====
0.276982, 1
0.270816, 1
0.269715, 1
0.269715, 1
0.237753, 1
0.289716, 1
0.287956, 1
0.337561, 1
1.01898, 1
1.64143, 1
9.67342, 1
9.23504, 1
9.15553, 1
9.30108, 1
0.938012, 1
0.800574, 1
0.800574, 1
0.800574, 1
9.1298, 1
9.16966, 1
9.17813, 1
9.18532, 1
0.513276, 1
0.469531, 1
0.427901, 1
0.427901, 1
0.868202, 1
0.801484, 1
0.746683, 1
0.571924, 1
5.92905, 1
5.37327, 1
0.962341, 1
0.403714, 1
0.404869, 1
0.404175, 1
0.210153, 1
===== New sim =====
===== New sim =====
0.882752, 1
0.815355, 1
0.740491, 1
0.680192, 1
0.581597, 1
0.67409, 1
0.378241, 1
0.378241, 1
10.2002, 0
10.1383, 1
10.1084, 1
10.1084, 1
10.1084, 1
0.897205, 1
0.738092, 1
0.352472, 1
0.315989, 1
0.299681, 1
0.299681, 1
0.912878, 1
0.930062, 1
0.930062, 1
0.930062, 1
0.955419, 1
0.882002, 1
0.844681, 1
0.695841, 1
1.65496, 1
1.62532, 1
0.626177, 1
0.687694, 1
0.49275, 1
0.313519, 1
0.620785, 1
0.462721, 1
0.447996, 1
0.464063, 1
0.887818, 1
0.571293, 1
0.623114, 1
0.767556, 1
0.440245, 1
0.349816, 1
0.30208, 1
0.30208, 1
===== New sim =====
0.863842, 1
0.771769, 1
0.749571, 1
0.727879, 1
10.1965, 1
10.2336, 1
10.2419, 1
10.2376, 1
8.6234, 1
8.75843, 1
8.89433, 1
8.89433, 1
1.1118, 1
1.74014, 1
0.890335, 1
0.816598, 1
0.775684, 1
0.753908, 1
0.912129, 1
0.874724, 1
0.874724, 1
0.874724, 1
0.925339, 1
0.795144, 1
0.773226, 1
0.773226, 1
0.232348, 1
0.231822, 1
0.231641, 1
0.231291, 1
0.84359, 1
1.34326, 1
0.726162, 1
2.5055, 1
0.212937, 1
0.207022, 1
0.207423, 1
0.205541, 1
6.35658, 0
6.39255, 1
6.46968, 1
6.64438, 1
6.77487, 1
===== New sim =====
1.17016, 1
4.5291, 1
6.70332, 1
6.66892, 1
6.66225, 1
6.6486, 1
0.795052, 1
0.447825, 1
0.466752, 1
0.457571, 1
6.06506, 0
5.25172, 1
5.46589, 1
5.6358, 1
5.6358, 1
0.770245, 1
0.381168, 1
0.414078, 1
0.414078, 1
0.934589, 1
0.809913, 1
0.785556, 1
0.785556, 1
1.03847, 1
2.80186, 1
0.968656, 1
0.890587, 1
0.871017, 1
0.829619, 1
0.923622, 1
0.816105, 1
0.780798, 1
0.780798, 1
1.08971, 1
1.30737, 1
0.800063, 1
0.732755, 1
0.727497, 1
0.727497, 1
7.46926, 1
7.60713, 1
0.437179, 1
0.477567, 1
0.351045, 1
0.351045, 1
===== New sim =====
8.17854, 0
8.07213, 0
8.00172, 1
7.94387, 1
7.94387, 1
7.94387, 1
0.623927, 1
0.559466, 1
0.741142, 1
0.448089, 1
0.423834, 1
0.423834, 1
0.272345, 1
0.588082, 1
0.55947, 1
0.542166, 1
0.860171, 1
0.741921, 1
0.720774, 1
0.720774, 1
0.566987, 1
0.24341, 1
0.267677, 1
0.267677, 1
0.70933, 1
1.19649, 1
7.44983, 1
7.16802, 1
6.9245, 1
6.94604, 1
0.305489, 1
0.30134, 1
0.30134, 1
0.30134, 1
9.25193, 1
9.02541, 1
9.02541, 1
9.02541, 1
0.337755, 1
0.309051, 1
0.269543, 1
0.269543, 1
0.947444, 1
0.847552, 1
0.812384, 1
0.767717, 1
===== New sim =====
0.930913, 1
0.786878, 1
0.786878, 1
0.786878, 1
0.729504, 1
0.680364, 1
0.483638, 1
0.447654, 1
0.8886, 1
0.769844, 1
0.769844, 1
0.769844, 1
0.939878, 1
0.81451, 1
0.81451, 1
0.81451, 1
9.32012, 1
9.26371, 1
10.0345, 1
10.2144, 1
10.2371, 1
10.2389, 1
5.96145, 1
6.00259, 1
6.06279, 1
6.18145, 1
0.632368, 1
1.39998, 1
0.936321, 1
0.802772, 1
0.802772, 1
0.802772, 1
6.93076, 1
6.52086, 1
6.27938, 1
6.23182, 1
0.866439, 1
0.866439, 1
49.4308, 0
0.797017, 1
0.474202, 1
0.556263, 1
0.556263, 1
===== New sim =====
10.6381, 0
10.7365, 0
10.6611, 0
10.5313, 0
10.5935, 0
9.85667, 0
10.2235, 1
9.91652, 1
9.9805, 1
9.9805, 1
9.9805, 1
9.9805, 1
0.97684, 1
0.402302, 1
0.359345, 1
0.498919, 1
7.73822, 1
8.08906, 1
0.415388, 1
0.415139, 1
0.415255, 1
0.415255, 1
1.25225, 1
1.58629, 1
0.824829, 1
0.592707, 1
0.291617, 1
0.296293, 1
0.622275, 1
1.31689, 1
6.25457, 1
6.68773, 1
9.37785, 1
9.67903, 1
9.70605, 1
9.70605, 1
0.707726, 1
0.361104, 1
0.218984, 1
0.218984, 1
0.923921, 1
0.79057, 1
0.774386, 1
0.756851, 1
0.950979, 1
0.884841, 1
0.831819, 1
0.811718, 1
===== New sim =====
0.864244, 1
0.746045, 1
0.746045, 1
0.746045, 1
0.834142, 1
0.7443, 1
0.722085, 1
0.677982, 1
0.437482, 1
1.14561, 1
8.60857, 1
8.62189, 1
8.47739, 1
8.4189, 1
0.614047, 1
0.60194, 1
0.57262, 1
0.457501, 1
0.95728, 1
0.825889, 1
0.825889, 1
0.825889, 1
0.902292, 1
0.827398, 1
0.764915, 1
0.764915, 1
0.894526, 1
0.792933, 1
0.769505, 1
0.746201, 1
1.02723, 1
4.65929, 1
6.13257, 0
6.08798, 1
6.07233, 1
6.06761, 1
6.06226, 1
0.987027, 1
1.69807, 1
0.744526, 1
0.460554, 1
0.466631, 1
0.466631, 1
===== New sim =====
10.242, 0
10.1429, 0
10.1851, 0
10.1161, 0
10.0751, 0
0.368588, 1
0.277673, 1
0.277673, 1
0.277673, 1
0.183173, 1
0.812576, 1
0.658651, 1
0.409189, 1
0.77933, 1
0.606978, 1
0.606978, 1
0.606978, 1
0.218815, 1
0.694008, 1
0.690716, 1
0.690716, 1
0.837182, 1
0.779671, 1
0.72417, 1
0.72417, 1
0.923589, 1
0.794827, 1
0.794827, 1
0.794827, 1
0.654056, 1
1.06947, 1
0.535404, 1
0.824014, 1
0.787867, 1
0.787867, 1
1.06524, 1
1.17942, 1
0.200589, 1
0.194032, 1
0.194032, 1
0.194032, 1
0.897679, 1
0.843595, 1
0.758732, 1
0.864893, 1
===== New sim =====
0.914606, 1
0.794973, 1
0.794973, 1
0.794973, 1
10.5193, 0
10.5363, 0
10.3987, 0
10.3265, 1
10.2832, 1
10.235, 1
10.235, 1
0.363037, 1
0.900555, 1
0.50143, 1
0.50143, 1
0.685126, 1
0.350412, 1
0.37619, 1
0.332574, 1
1.24084, 1
1.47832, 1
0.774717, 1
0.786141, 1
0.73256, 1
0.687309, 1
0.944204, 1
1.11804, 1
0.436598, 1
0.436598, 1
0.4283, 1
0.403154, 1
0.403125, 1
0.426459, 1
0.815959, 1
2.74146, 1
0.80248, 1
0.411378, 1
0.412093, 1
0.410955, 1
0.456697, 1
0.996445, 1
0.833448, 1
0.758474, 1
0.741116, 1
0.723061, 1
===== New sim =====
0.868157, 1
0.751479, 1
0.751479, 1
0.751479, 1
11.0707, 1
11.1799, 1
0.935017, 1
0.425514, 1
0.426607, 1
0.426583, 1
0.805656, 1
0.657458, 1
0.657458, 1
0.657458, 1
1.16192, 1
1.38472, 1
0.430963, 1
0.481909, 1
0.481909, 1
0.481909, 1
0.830389, 1
0.783576, 1
0.774199, 1
0.761177, 1
0.91941, 1
0.812438, 1
0.794315, 1
0.794315, 1
0.901048, 1
0.795746, 1
0.795746, 1
0.795746, 1
7.76272, 1
7.70482, 1
7.68876, 1
7.67163, 1
10.3849, 1
9.70125, 1
9.70125, 1
9.70125, 1
63.7835, 0
64.0748, 0
63.9042, 0
63.8526, 0
63.924, 0
===== New sim =====
0.918635, 1
0.831028, 1
0.799366, 1
0.799366, 1
0.97155, 1
0.444666, 1
0.444666, 1
0.444666, 1
4.83195, 1
3.51233, 1
0.520221, 1
0.807734, 1
0.751672, 1
0.751672, 1
4.935, 1
5.02879, 1
5.04686, 1
5.05999, 1
0.722894, 1
0.473729, 1
0.275004, 1
0.275004, 1
0.126693, 1
0.126322, 1
0.125934, 1
0.125934, 1
0.923638, 1
0.8324, 1
0.827621, 1
0.827621, 1
0.346798, 1
1.15126, 1
1.15126, 1
1.15126, 1
6.81463, 1
6.81659, 1
6.81659, 1
6.81659, 1
0.940558, 1
2.47691, 1
0.927657, 1
0.897137, 1
0.860921, 1
0.860921, 1
===== New sim =====
0.95368, 1
0.874704, 1
0.823696, 1
0.823696, 1
10.5792, 1
10.5228, 1
10.5006, 1
10.6994, 1
6.7215, 1
7.06107, 1
7.01736, 1
7.01736, 1
1.55093, 1
0.917471, 1
0.304459, 1
0.303104, 1
0.843668, 1
0.737751, 1
0.716129, 1
0.716129, 1
0.857156, 1
0.775888, 1
0.734997, 1
0.734997, 1
0.819196, 1
1.45556, 1
7.42619, 1
7.06549, 1
6.88143, 1
6.94358, 1
0.784945, 1
1.55393, 1
0.971798, 1
0.670401, 1
0.670401, 1
0.670401, 1
5.9214, 0
5.93802, 1
5.96021, 1
5.96603, 1
5.97125, 1
===== New sim =====
8.05429, 0
8.00601, 1
7.98593, 1
7.98075, 1
7.98075, 1
7.97046, 1
8.38461, 1
9.18758, 1
9.3916, 1
9.3916, 1
9.3916, 1
0.291616, 1
0.603249, 1
0.463135, 1
0.144542, 1
0.947242, 1
0.95067, 1
0.932413, 1
0.911527, 1
0.897022, 1
0.811939, 1
0.80028, 1
0.761786, 1
0.538733, 1
0.719792, 1
0.494224, 1
0.420856, 1
0.494875, 1
0.807962, 1
0.502252, 1
0.502252, 1
0.528447, 1
0.577053, 1
0.515234, 1
0.515234, 1
1.65889, 1
3.92283, 1
9.51355, 1
9.57321, 1
9.45148, 1
9.20035, 1
0.91584, 1
0.818984, 1
0.818984, 1
0.818984, 1
===== New sim =====
10.74, 0
10.6664, 0
10.5461, 0
10.602, 0
10.4977, 0
9.91825, 0
10.2419, 1
9.92297, 1
9.92297, 1
9.92297, 1
0.933828, 1
0.809808, 1
0.785609, 1
0.785609, 1
0.96535, 1
0.878135, 1
0.823667, 1
0.823667, 1
1.22303, 1
0.847567, 1
10.2728, 1
9.64913, 1
9.45081, 1
9.48305, 1
0.248367, 1
0.24636, 1
0.245424, 1
0.283567, 1
5.9552, 1
6.30272, 1
6.45147, 1
6.60953, 1
0.230201, 1
0.218429, 1
0.217895, 1
0.217451, 1
1.04771, 1
1.58171, 1
10.2345, 0
10.2261, 1
10.2181, 1
10.2181, 1
10.2181, 1
0.600027, 1
2.54342, 1
0.414418, 1
0.452644, 1
0.452644, 1
0.452644, 1
===== New sim =====
0.949839, 1
0.840026, 1
0.812313, 1
0.767587, 1
0.853335, 1
0.69018, 1
0.69018, 1
0.69018, 1
0.950836, 1
0.831039, 1
0.802111, 1
0.777235, 1
0.970603, 1
0.867266, 1
0.841259, 1
0.787745, 1
0.6971, 1
1.33451, 1
7.55586, 1
6.94622, 1
10.1983, 1
10.2105, 1
10.2204, 1
10.2204, 1
0.443254, 1
0.444687, 1
0.444297, 1
0.444297, 1
6.22512, 1
6.47503, 1
6.27755, 1
6.07666, 1
0.678093, 1
0.767365, 1
1.06603, 1
1.38295, 1
0.166283, 1
1.50232, 1
0.929627, 1
0.422847, 1
0.412241, 1
0.412241, 1
===== New sim =====
0.918406, 1
0.793074, 1
0.793074, 1
0.793074, 1
1.45172, 1
0.40514, 1
0.439011, 1
0.439011, 1
0.966673, 1
0.827105, 1
0.812847, 1
0.802329, 1
0.605295, 1
0.75272, 1
0.368856, 1
0.271059, 1
1.14654, 1
1.85767, 1
9.80077, 0
9.73433, 1
9.65619, 1
9.65619, 1
9.65619, 1
10.0046, 1
10.3228, 1
0.603281, 1
0.502743, 1
0.502743, 1
0.502743, 1
9.12337, 1
9.16196, 1
9.16196, 1
9.16196, 1
0.862904, 1
0.787911, 1
0.730318, 1
0.730318, 1
8.01133, 1
8.33273, 1
1.12815, 1
1.53973, 1
===== New sim =====
0.947602, 1
0.822245, 1
0.80326, 1
0.80326, 1
0.904244, 1
0.823074, 1
0.775564, 1
0.775564, 1
10.2223, 0
10.1715, 0
10.1002, 0
10.1366, 0
10.0683, 0
0.350752, 1
0.257942, 1
0.25589, 1
0.252685, 1
0.814471, 1
0.66436, 1
0.656746, 1
0.664933, 1
0.859797, 1
0.785789, 1
0.715083, 1
0.715083, 1
0.865551, 1
0.742584, 1
0.742584, 1
0.742584, 1
0.896193, 1
0.78056, 1
0.756367, 1
0.716763, 1
8.07879, 0
8.20406, 1
8.17951, 1
8.17024, 1
8.1646, 1
0.746329, 1
1.4849, 1
0.296063, 1
1.27488, 1
0.840462, 1
0.427598, 1
0.427598, 1
0.427598, 1
===== New sim =====
0.86377, 1
0.79095, 1
0.748344, 1
0.695017, 1
0.949553, 1
1.67715, 1
1.16301, 1
2.15936, 1
6.13884, 0
6.28816, 1
6.35878, 1
6.35878, 1
6.35878, 1
0.105288, 1
0.104141, 1
0.104141, 1
0.104141, 1
0.995794, 1
0.472483, 1
0.519418, 1
0.519418, 1
0.945177, 1
0.819205, 1
0.819205, 1
0.819205, 1
0.764197, 1
0.50845, 1
0.403437, 1
0.403437, 1
10.0986, 0
10.242, 0
10.1911, 0
10.1539, 0
10.1296, 0
0.326529, 1
0.260737, 1
0.260737, 1
0.260737, 1
1.40774, 1
0.408196, 1
0.408196, 1
0.408196, 1
0.797369, 1
1.0443, 1
0.968748, 1
0.81995, 1
0.81995, 1
0.81995, 1
===== New sim =====
0.839799, 1
0.718651, 1
0.699323, 1
0.699323, 1
1.14042, 1
1.16686, 1
0.788676, 1
0.45655, 1
0.45655, 1
0.45655, 1
1.0001, 1
1.66575, 1
0.570779, 1
0.797357, 1
0.579601, 1
0.326717, 1
0.420002, 1
1.00259, 1
8.49943, 1
8.52279, 1
8.48227, 1
8.48227, 1
0.947984, 1
0.841732, 1
0.81728, 1
0.793613, 1
8.37637, 1
8.31818, 1
0.630127, 1
0.419183, 1
0.419183, 1
0.419183, 1
0.498008, 1
0.926099, 1
0.926099, 1
0.926099, 1
0.903201, 1
0.794322, 1
0.794322, 1
0.794322, 1
0.762208, 1
1.33601, 1
0.880214, 1
0.771944, 1
0.771944, 1
0.771944, 1
===== New sim =====
0.99694, 1
1.68146, 1
1.01742, 1
0.894265, 1
1.03729, 1
1.03729, 1
0.552354, 1
0.916358, 1
0.828823, 1
0.828823, 1
10.2493, 1
10.1776, 1
10.1776, 1
10.1776, 1
9.37431, 1
9.63826, 1
9.5908, 1
9.50462, 1
10.3756, 1
10.0837, 1
10.0735, 1
10.1118, 1
8.55211, 0
8.99546, 1
8.825, 1
8.80664, 1
8.80664, 1
7.36389, 1
7.10926, 1
7.08901, 1
7.08586, 1
0.910362, 1
0.764518, 1
0.764518, 1
0.764518, 1
8.7111, 0
5.09643, 1
5.62974, 1
0.839676, 1
1.00136, 1
0.868076, 1
0.868076, 1
0.878071, 1
0.736153, 1
0.736153, 1
0.736153, 1
===== New sim =====
0.933094, 1
0.831208, 1
0.807069, 1
0.783561, 1
0.364095, 1
0.794244, 1
0.6586, 1
0.470771, 1
0.875864, 1
0.777041, 1
0.753768, 1
0.716222, 1
2.17083, 1
4.71622, 1
0.419218, 1
0.446594, 1
0.446594, 1
0.446594, 1
0.8336, 1
0.965806, 1
0.950528, 1
0.922281, 1
5.93387, 1
5.98959, 1
6.37351, 1
6.37351, 1
9.97138, 1
9.72016, 1
9.62566, 1
9.48561, 1
10.3464, 0
10.1375, 1
10.2508, 1
0.601985, 1
0.461416, 1
0.461416, 1
0.461416, 1
9.15774, 1
9.19175, 1
9.19851, 1
9.20443, 1
0.520408, 1
1.76668, 1
===== New sim =====
0.258755, 1
0.25706, 1
0.256773, 1
0.256202, 1
0.513398, 1
0.252605, 1
0.192686, 1
0.20316, 1
1.05745, 1
1.64163, 1
1.01491, 1
0.644875, 1
0.378639, 1
0.431084, 1
1.5522, 1
0.336833, 1
0.497244, 1
0.814804, 1
0.836088, 1
0.6847, 1
9.08065, 0
8.12724, 1
8.51619, 1
8.5614, 1
8.5663, 1
0.497766, 1
1.80672, 1
6.67362, 1
6.9104, 1
9.58595, 1
9.68915, 1
9.53366, 1
9.53366, 1
9.44909, 1
9.35094, 1
0.706625, 1
3.62877, 1
10.2408, 1
10.2321, 1
10.2317, 1
10.2308, 1
9.34946, 0
9.76591, 0
9.75862, 0
9.54826, 1
9.57744, 1
9.52935, 1
9.52935, 1
===== New sim =====
0.945803, 1
0.816207, 1
0.816207, 1
0.816207, 1
0.580914, 1
0.688033, 1
0.688033, 1
0.688033, 1
10.4542, 1
10.3694, 1
0.494274, 1
0.509045, 1
0.495363, 1
0.245174, 1
9.15328, 1
9.17415, 1
9.19066, 1
9.19871, 1
0.654278, 1
1.9829, 1
0.963598, 1
1.80488, 1
0.788295, 1
0.278722, 1
0.278722, 1
0.278722, 1
0.970714, 1
0.833505, 1
0.833505, 1
0.833505, 1
0.858819, 1
0.919963, 1
0.903779, 1
0.903779, 1
0.0508898, 1
10.4562, 1
21.8406, 0
22.465, 0
22.2003, 0
22.4715, 0
22.2924, 0
29.9686, 0
29.8754, 0
30.0508, 0
30.0197, 0
29.867, 0
===== New sim =====
0.8583, 1
0.785025, 1
0.720354, 1
0.866572, 1
0.844474, 1
0.584844, 1
0.584844, 1
0.584844, 1
0.276382, 1
0.275269, 1
0.274819, 1
0.274514, 1
0.922164, 1
0.383259, 1
0.433142, 1
0.433142, 1
0.87037, 1
0.750409, 1
0.750409, 1
0.750409, 1
0.760281, 1
0.714973, 1
0.505636, 1
0.461823, 1
5.93339, 1
5.96642, 1
5.96642, 1
5.96642, 1
0.792454, 1
0.477615, 1
0.477615, 1
0.477615, 1
0.458889, 1
0.348167, 1
0.348167, 1
0.348167, 1
7.51574, 1
7.52041, 1
8.15254, 1
7.88495, 1
7.88495, 1
7.88495, 1
7.7016, 1
7.66852, 1
===== New sim =====
0.92146, 1
0.85134, 1
0.800593, 1
0.614642, 1
0.544078, 1
0.621237, 1
0.384027, 1
0.270196, 1
0.848353, 1
0.758742, 1
0.737362, 1
0.702329, 1
6.53277, 0
5.97526, 1
6.04553, 1
5.30248, 1
5.30248, 1
10.0453, 1
9.7152, 1
9.60177, 1
9.58488, 1
14.3068, 1
14.5845, 1
14.614, 1
14.6382, 0
31.3283, 0
31.2095, 0
31.1241, 0
31.0281, 0
30.9635, 0
9.61107, 0
8.82844, 1
8.7308, 1
8.7308, 1
8.7308, 1
47.1756, 0
47.8976, 0
47.9936, 0
47.7948, 0
47.6794, 0
1.17469, 1
1.58603, 1
0.698519, 1
0.692009, 1
0.692009, 1
0.692009, 1
1.42621, 1
1.39011, 1
1.15978, 1
1.15978, 1
===== New sim =====
0.836367, 1
0.720065, 1
0.720065, 1
0.720065, 1
0.853816, 1
0.773253, 1
0.746784, 1
0.719207, 1
0.8002, 1
1.56802, 1
0.412681, 1
0.792893, 1
0.839485, 1
0.777455, 1
0.880043, 1
0.807588, 1
0.763962, 1
0.763962, 1
5.76245, 1
6.26517, 1
6.26517, 1
6.26517, 1
0.0958409, 1
0.126509, 1
14.2432, 0
14.3867, 0
14.2544, 1
14.2373, 1
14.2244, 1
14.2244, 1
14.2244, 1
14.2244, 1
45.5284, 0
46.0056, 0
45.8405, 0
45.7629, 0
45.8507, 0
14.7809, 0
14.7264, 0
14.6714, 0
14.6963, 0
14.6457, 0
10.2302, 1
10.1696, 1
10.1549, 1
10.1417, 1
0.671581, 1
0.64876, 1
0.665984, 1
0.622946, 1
===== New sim =====
0.213423, 1
0.204915, 1
0.204915, 1
0.204915, 1
0.864388, 1
0.753656, 1
0.730258, 1
0.730258, 1
0.880227, 1
0.747442, 1
0.747442, 1
0.747442, 1
6.51708, 0
6.33919, 1
6.49849, 1
6.49849, 1
6.49849, 1
0.915854, 1
0.312763, 1
0.312763, 1
0.312763, 1
9.4114, 1
9.34955, 1
9.31424, 1
9.21131, 1
0.909085, 1
0.819291, 1
0.779007, 1
0.774453, 1
0.423996, 1
0.442619, 1
0.443841, 1
0.44403, 1
2.59083, 1
3.94921, 1
0.790165, 1
2.02301, 1
0.626817, 1
0.238389, 1
0.235338, 1
0.235338, 1
===== New sim =====
1.1936, 1
2.33151, 1
0.415231, 1
0.424187, 1
0.424187, 1
0.424187, 1
0.788616, 1
0.639896, 1
0.619325, 1
0.619325, 1
6.88522, 1
6.91784, 1
6.86372, 1
6.82684, 1
0.524358, 1
0.518433, 1
0.518433, 1
0.518433, 1
0.866133, 1
0.73993, 1
0.73993, 1
0.73993, 1
0.624689, 1
0.442291, 1
0.442291, 1
0.442291, 1
0.633116, 1
0.704166, 1
0.544691, 1
0.544691, 1
0.940301, 1
0.875685, 1
0.831285, 1
1.00655, 1
0.561635, 1
0.524243, 1
0.58262, 1
0.642444, 1
0.831378, 1
0.757978, 1
0.747503, 1
0.727664, 1
===== New sim =====
1.75505, 1
4.20088, 1
0.890496, 1
0.78145, 1
0.781393, 1
0.781393, 1
0.958672, 1
0.876821, 1
0.824828, 1
0.824828, 1
10.4859, 1
11.2105, 1
0.618431, 1
0.490779, 1
0.456748, 1
0.456748, 1
0.826733, 1
0.720539, 1
0.720539, 1
0.720539, 1
0.64153, 1
0.735271, 1
0.452337, 1
0.334158, 1
0.901394, 1
0.822526, 1
0.799111, 1
0.774878, 1
0.359649, 1
1.16886, 1
0.819423, 1
1.6408, 1
0.801975, 1
0.436314, 1
0.437656, 1
0.437656, 1
0.412029, 1
0.411822, 1
0.412101, 1
0.411609, 1
===== New sim =====
21.9327, 0
21.9355, 0
21.9357, 0
21.9353, 0
21.9361, 0
41.5374, 0
42.0003, 0
41.9209, 0
41.8358, 0
41.7821, 0
21.8729, 0
21.7736, 0
21.7106, 0
21.6276, 0
21.5647, 0
29.2648, 0
28.9445, 0
28.7272, 0
28.644, 0
28.4936, 0
31.5703, 0
31.1103, 0
31.1015, 0
31.1082, 0
31.1053, 0
31.3977, 0
30.6251, 0
30.7101, 0
30.8896, 0
30.6852, 0
23.9401, 0
23.1424, 0
23.029, 0
23.3892, 0
43.0171, 0
28.7635, 0
29.0333, 0
29.0317, 0
29.0305, 0
29.0304, 0
15.9036, 1
16.5068, 1
43.2159, 0
42.9517, 0
42.5697, 0
42.9222, 0
47.641, 0
0.914585, 1
0.817701, 1
0.789805, 1
0.742029, 1
6.61039, 1
6.6666, 1
6.60561, 1
6.49072, 1
0.437654, 1
0.378896, 1
0.329505, 1
0.329505, 1
0.96876, 1
0.948975, 1
0.934839, 1
0.692965, 1
0.909739, 1
0.773428, 1
0.773428, 1
0.773428, 1
===== New sim =====
0.892876, 1
0.819588, 1
0.768836, 1
0.984897, 1
0.922555, 1
0.451852, 1
0.273591, 1
0.273591, 1
0.94414, 1
0.835984, 1
0.816366, 1
0.796321, 1
0.947845, 1
0.846528, 1
0.82965, 1
0.785593, 1
0.430357, 1
0.589355, 1
1.06138, 1
1.17098, 1
0.897822, 1
0.781263, 1
0.781263, 1
0.781263, 1
0.701017, 1
0.507255, 1
0.392182, 1
0.296874, 1
0.885139, 1
0.809379, 1
0.784483, 1
0.727469, 1
0.246355, 1
0.237819, 1
0.234613, 1
0.234613, 1
0.855703, 1
0.76817, 1
0.690022, 1
0.690022, 1
0.968843, 1
0.898986, 1
0.854639, 1
0.91166, 1
===== New sim =====
0.37008, 1
3.1791, 1
2.77344, 1
4.01776, 1
0.765729, 1
1.3198, 1
0.944237, 1
1.24504, 1
0.494598, 1
0.824436, 1
8.05066, 1
8.02015, 1
8.00402, 1
8.00402, 1
16.4755, 0
7.57977, 1
8.41623, 1
8.41623, 1
8.41623, 1
10.9847, 1
10.0155, 1
9.8993, 1
9.8993, 1
0.896177, 1
0.782894, 1
0.782894, 1
0.782894, 1
1.26772, 1
1.7665, 1
0.429473, 1
0.519712, 1
0.519712, 1
0.519712, 1
0.840159, 1
0.739944, 1
0.725317, 1
0.696955, 1
1.79299, 1
1.73595, 1
0.850272, 1
0.286374, 1
0.286374, 1
0.286374, 1
===== New sim =====
0.89928, 1
0.801736, 1
0.755439, 1
0.722899, 1
0.537563, 1
0.951289, 1
9.4099, 1
9.3341, 1
9.28598, 1
9.28598, 1
0.570792, 1
0.312092, 1
0.363877, 1
0.376737, 1
1.16075, 1
3.99746, 1
0.871974, 1
0.440871, 1
0.447428, 1
0.447665, 1
0.929889, 1
1.79087, 1
0.133484, 1
0.205835, 1
0.205299, 1
0.204596, 1
0.861345, 1
0.79648, 1
0.749129, 1
0.749129, 1
0.560383, 1
0.500203, 1
0.500203, 1
0.500203, 1
0.884365, 1
0.8047, 1
0.746583, 1
0.746583, 1
0.936258, 1
0.846109, 1
0.84013, 1
0.84013, 1
0.874049, 1
0.497674, 1
0.422986, 1
0.386035, 1
===== New sim =====
0.851069, 1
0.725683, 1
0.701208, 1
0.701208, 1
0.799663, 1
0.347154, 1
0.335003, 1
0.393076, 1
1.23647, 1
1.0218, 1
1.04824, 1
1.05466, 1
0.585045, 1
1.41293, 1
9.85633, 0
9.7733, 0
9.61335, 0
9.64679, 0
9.55792, 0
1.03381, 1
0.616607, 1
0.616607, 1
0.616607, 1
0.861968, 1
0.77329, 1
0.77329, 1
0.77329, 1
0.889407, 1
0.802426, 1
0.779631, 1
0.731962, 1
0.868792, 1
0.748281, 1
0.748281, 1
0.748281, 1
0.912127, 1
0.820928, 1
0.759034, 1
0.740298, 1
0.956354, 1
0.829064, 1
0.802819, 1
0.802819, 1
===== New sim =====
0.869464, 1
0.781555, 1
0.757045, 1
0.712949, 1
0.428597, 1
0.425417, 1
0.425756, 1
0.425756, 1
0.895352, 1
0.786062, 1
0.786062, 1
0.786062, 1
0.851569, 1
0.764718, 1
0.742732, 1
0.718166, 1
1.23377, 1
1.27074, 1
1.03912, 1
1.775, 1
7.45139, 0
7.18666, 0
7.06123, 0
7.15046, 0
34.3287, 0
13.2423, 0
14.4497, 0
13.9452, 0
14.1408, 0
14.1768, 0
22.0907, 0
21.2039, 0
21.4504, 0
21.5708, 0
21.417, 0
12.8192, 1
13.013, 0
12.9052, 0
12.8066, 1
12.8088, 1
12.8088, 1
12.8088, 1
20.6672, 0
20.2035, 0
20.2057, 0
20.2024, 0
20.2039, 0
31.203, 0
30.498, 0
30.7173, 0
30.4846, 0
30.5629, 0
===== New sim =====
0.963292, 1
1.6813, 1
0.52058, 1
0.450247, 1
0.450247, 1
0.450247, 1
0.511903, 1
0.378243, 1
0.382662, 1
0.382662, 1
0.365442, 1
0.365015, 1
0.364967, 1
0.358967, 1
8.1953, 1
8.44786, 1
8.507, 1
8.56653, 1
0.628555, 1
0.417837, 1
0.417837, 1
0.417837, 1
0.870164, 1
4.12355, 1
0.951571, 1
0.880666, 1
0.880666, 1
0.880666, 1
8.1321, 1
8.14388, 1
8.14388, 1
8.14388, 1
1.72222, 1
1.86702, 1
0.821797, 1
1.12819, 1
0.687135, 1
0.619247, 1
0.619247, 1
0.619247, 1
0.883737, 1
0.288205, 1
0.288205, 1
0.288205, 1
===== New sim =====
0.145781, 1
0.143445, 1
0.143598, 1
0.143598, 1
1.27329, 1
0.391983, 1
0.10732, 1
0.10732, 1
0.895893, 1
0.793035, 1
0.793035, 1
0.793035, 1
0.894522, 1
0.982186, 1
0.54291, 1
0.49061, 1
1.32137, 1
1.77432, 1
0.604138, 1
0.677068, 1
0.462255, 1
0.431334, 1
0.943109, 1
0.854405, 1
0.799486, 1
0.799486, 1
0.561732, 1
0.445436, 1
0.446467, 1
0.445185, 1
0.706498, 1
0.539808, 1
0.504642, 1
0.504642, 1
0.822162, 1
0.419534, 1
0.504531, 1
0.484806, 1
0.780699, 1
0.871826, 1
0.866523, 1
0.797486, 1
===== New sim =====
0.966506, 1
0.816287, 1
0.816287, 1
0.816287, 1
0.453864, 1
0.31879, 1
0.329247, 1
0.329247, 1
0.869936, 1
0.768219, 1
0.746699, 1
0.706526, 1
0.866238, 1
0.752732, 1
0.732689, 1
0.711212, 1
6.45948, 1
6.07704, 1
5.93316, 1
5.93316, 1
0.419136, 1
0.418594, 1
0.418594, 1
0.418594, 1
9.06522, 0
9.61113, 1
9.6035, 1
9.6035, 1
9.6035, 1
0.808878, 1
0.715151, 1
0.715151, 1
0.715151, 1
1.08242, 1
1.69539, 1
0.784589, 1
1.37356, 1
0.649947, 1
0.469231, 1
0.47755, 1
0.47755, 1
0.886049, 1
0.76937, 1
0.76937, 1
0.76937, 1
===== New sim =====
0.968657, 1
0.871288, 1
0.837717, 1
0.812475, 1
7.32486, 1
7.30087, 1
7.30087, 1
7.30087, 1
0.829494, 1
0.593497, 1
0.256732, 1
0.256732, 1
0.900005, 1
0.785159, 1
0.769504, 1
0.745915, 1
0.769612, 1
1.02855, 1
1.13374, 1
1.84766, 1
0.907227, 1
0.784449, 1
0.760934, 1
0.760934, 1
0.729712, 1
1.03315, 1
0.325202, 1
0.409844, 1
0.3945, 1
0.225511, 1
34.3864, 0
34.3747, 0
34.3728, 0
34.3708, 0
34.3684, 0
30.7566, 0
30.7476, 0
30.7072, 0
30.6897, 0
30.6677, 0
18.7443, 0
18.1645, 0
17.7083, 1
18.2021, 1
18.1465, 1
18.1465, 1
===== New sim =====
0.90091, 1
0.82564, 1
0.77597, 1
0.77597, 1
0.925762, 1
0.819739, 1
0.798057, 1
0.789565, 1
0.878579, 1
1.72737, 1
0.882018, 1
1.09537, 1
9.65563, 1
9.45828, 1
9.6996, 1
9.45828, 1
0.903732, 1
0.846339, 1
0.780275, 1
0.512237, 1
0.773071, 1
0.905169, 1
0.380841, 1
0.380841, 1
0.912613, 1
0.787646, 1
0.787646, 1
0.787646, 1
0.819734, 1
0.741744, 1
0.741744, 1
0.741744, 1
1.01997, 1
1.08829, 1
0.266772, 1
0.566302, 1
0.586237, 1
0.558143, 1
0.924029, 1
0.957371, 1
0.957371, 1
0.957371, 1
0.928561, 1
0.705757, 1
0.705757, 1
0.705757, 1
===== New sim =====
0.834517, 1
0.742397, 1
0.73193, 1
0.73193, 1
0.897116, 1
0.766664, 1
0.766664, 1
0.766664, 1
0.3581, 1
0.355396, 1
0.355396, 1
0.355396, 1
0.638781, 1
0.472745, 1
0.392868, 1
0.383615, 1
0.868274, 1
0.773253, 1
0.727023, 1
0.691577, 1
0.789359, 1
0.438646, 1
0.438646, 1
0.438646, 1
0.439978, 1
0.783859, 1
0.80778, 1
0.80778, 1
0.860694, 1
0.750696, 1
0.750696, 1
0.750696, 1
0.893633, 1
0.803631, 1
0.803631, 1
0.803631, 1
7.8035, 0
8.04887, 1
8.16944, 1
8.31836, 1
8.31836, 1
8.35807, 1
8.36028, 1
===== New sim =====
0.636151, 1
4.47985, 1
7.61326, 1
7.70465, 1
7.6595, 1
7.6595, 1
8.16749, 1
8.46173, 1
8.46173, 1
8.46173, 1
10.9468, 1
10.0959, 1
9.95351, 1
9.95351, 1
0.880438, 1
0.762627, 1
0.762627, 1
0.762627, 1
8.93946, 0
10.1874, 0
10.1604, 0
10.1226, 1
10.086, 1
10.0742, 1
10.0742, 1
44.2837, 0
0.770124, 1
0.716691, 1
0.704626, 1
0.704626, 1
0.851712, 1
0.777057, 1
0.743232, 1
0.743232, 1
0.797309, 1
0.725196, 1
0.456259, 1
0.344088, 1
0.77184, 1
0.365528, 1
0.365528, 1
0.365528, 1
1.23308, 1
1.18308, 1
0.245186, 1
1.12642, 1
1.16928, 1
1.16928, 1
===== New sim =====
0.898224, 1
0.815446, 1
0.757177, 1
0.729682, 1
0.576197, 1
0.793431, 1
0.756422, 1
0.421008, 1
7.34023, 1
7.30617, 1
7.30617, 1
7.30617, 1
0.744656, 1
0.4848, 1
0.4848, 1
0.4848, 1
0.782317, 1
1.29563, 1
0.747103, 1
0.629795, 1
0.629795, 1
0.629795, 1
0.896272, 1
2.38472, 1
0.251084, 1
0.318563, 1
0.904445, 1
0.76089, 1
0.76089, 1
0.76089, 1
0.716441, 1
0.601584, 1
1.02466, 1
1.56325, 1
0.96241, 1
1.01201, 1
0.950999, 1
1.98506, 1
5.21998, 1
5.23782, 1
5.24705, 1
5.24705, 1
0.506729, 1
0.864083, 1
0.97713, 1
0.68764, 1
===== New sim =====
0.969658, 1
0.906219, 1
0.836589, 1
0.836589, 1
0.86091, 1
0.742331, 1
0.721659, 1
0.721659, 1
0.846436, 1
0.647922, 1
0.647922, 1
0.647922, 1
7.30752, 1
7.27899, 1
7.27378, 1
7.27378, 1
9.55729, 1
9.90105, 1
8.43544, 1
9.05875, 1
9.05875, 1
9.05875, 1
8.27283, 1
8.47353, 1
8.47353, 1
8.47353, 1
0.646733, 1
0.57609, 1
0.515006, 1
0.47622, 1
0.860223, 1
0.739201, 1
0.728235, 1
0.714336, 1
0.979033, 1
0.884706, 1
0.854503, 1
0.792541, 1
0.829622, 1
0.869294, 1
0.860552, 1
0.860552, 1
0.681863, 1
0.621008, 1
0.336977, 1
0.336977, 1
