UAV0 to SENSOR8 Waypoint: (0 0 0)
UAV0 to SENSOR8 Waypoint: (0 0 0)
UAV0 to SENSOR8 Waypoint: (3.99999 1.99589 1.45877)
UAV0 to SENSOR8 Waypoint: (3.99992 1.99261 2.10547)
UAV0 to SENSOR8 Waypoint: (3.99982 1.99065 2.77939)
UAV0 to SENSOR8 Waypoint: (3.99972 1.99003 3.35124)
UAV0 to SENSOR8 Waypoint: (3.99963 1.99053 3.71753)
UAV0 to SENSOR8 Waypoint: (3.99956 1.99182 3.83916)
UAV0 to SENSOR8 Waypoint: (3.99951 1.9935 3.73868)
UAV0 to SENSOR8 Waypoint: (3.9995 1.99525 3.52665)
UAV0 to SENSOR8 Waypoint: (3.99952 1.99677 3.26976)
UAV0 to SENSOR8 Waypoint: (3.99956 1.99784 3.02983)
UAV0 to SENSOR8 Waypoint: (3.99959 1.99845 2.85845)
UAV0 to SENSOR8 Waypoint: (3.64217 2.35055 3.57486)
UAV0 to SENSOR8 Waypoint: (2.10432 3.84274 6.03512)
UAV0 to SENSOR8 Waypoint: (-0.213834 6.17467 9.62895)
UAV0 to SENSOR8 Waypoint: (-2.98335 8.94592 14.0505)
UAV0 to SENSOR8 Waypoint: (-6.00567 11.6422 19.1344)
UAV0 to SENSOR8 Waypoint: (-9.1587 13.5023 24.7614)
UAV0 to SENSOR8 Waypoint: (-12.359 14.2269 30.7348)
UAV0 to SENSOR8 Waypoint: (-15.5724 14.0201 36.9032)
UAV0 to SENSOR8 Waypoint: (-18.7892 13.1009 43.1811)
UAV0 to SENSOR8 Waypoint: (-22.0032 11.8932 49.5596)
UAV0 to SENSOR8 Waypoint: (-25.2178 10.7704 55.9046)
UAV0 to SENSOR8 Waypoint: (-28.398 9.9391 62.2747)
UAV0 to SENSOR8 Waypoint: (-31.4315 9.43851 67.286)
UAV0 to SENSOR8 Waypoint: (-34.2151 9.15391 70.1769)
UAV0 to SENSOR8 Waypoint: (-36.7513 9.0223 70.8897)
UAV0 to SENSOR8 Waypoint: (-39.1039 9.0376 69.8152)
UAV0 to SENSOR8 Waypoint: (-41.3499 9.21376 67.5359)
UAV0 to SENSOR8 Waypoint: (-43.4521 9.55485 64.6727)
UAV0 to SENSOR8 Waypoint: (-45.1936 10.0321 61.8338)
UAV0 to SENSOR8 Waypoint: (-46.3401 10.5746 59.4882)
UAV0 to SENSOR8 Waypoint: (-46.7448 11.0797 57.9388)
UAV0 to SENSOR8 Waypoint: (-46.4423 11.4486 57.3164)
UAV0 to SENSOR8 Waypoint: (-45.6476 11.6278 57.5789)
UAV0 to SENSOR8 Waypoint: (-44.6689 11.6261 58.4695)
UAV0 to SENSOR8 Waypoint: (-43.7694 11.497 59.6596)
UAV0 to SENSOR8 Waypoint: (-43.1042 11.304 60.792)
UAV0 to SENSOR8 Waypoint: (-42.7254 11.1007 61.6709)
UAV0 to SENSOR8 Waypoint: (-42.6184 10.9233 62.0927)
UAV0 to SENSOR8 Waypoint: (-42.7354 10.7932 62.0576)
UAV0 to SENSOR8 Waypoint: (-43.0176 10.7208 61.6871)
UAV0 to SENSOR8 Waypoint: (-43.3943 10.7068 61.1201)
UAV0 to SENSOR8 Waypoint: (-43.7908 10.7436 60.4997)
UAV0 to SENSOR8 Waypoint: (-44.1387 10.8165 59.9515)
UAV0 to SENSOR8 Waypoint: (-44.3871 10.9064 59.5634)
UAV0 to SENSOR8 Waypoint: (-44.5112 10.994 59.3745)
UAV0 to SENSOR8 Waypoint: (-44.5142 11.0638 59.3756)
UAV0 to SENSOR8 Waypoint: (-44.4233 11.107 59.4942)
UAV0 to SENSOR8 Waypoint: (-44.2771 11.1221 59.6475)
UAV0 to SENSOR8 Waypoint: (-44.114 11.1128 59.7848)
UAV0 to SENSOR8 Waypoint: (-43.9661 11.0863 59.8695)
UAV0 to SENSOR8 Waypoint: (-43.8553 11.0508 59.8837)
UAV0 to SENSOR8 Waypoint: (-43.7925 11.0143 59.8453)
UAV0 to SENSOR8 Waypoint: (-43.7785 10.9831 59.7871)
UAV0 to SENSOR8 Waypoint: (-43.8057 10.9614 59.722)
UAV0 to SENSOR8 Waypoint: (-43.8606 10.951 59.6557)
UAV0 to SENSOR8 Waypoint: (-43.928 10.9513 59.593)
UAV0 to SENSOR8 Waypoint: (-43.9937 10.96 59.5373)
UAV0 to SENSOR8 Waypoint: (-44.0466 10.9738 59.4901)
UAV0 to SENSOR8 Waypoint: (-44.0803 10.9892 59.4487)
UAV0 to SENSOR8 Waypoint: (-44.093 11.0033 59.4095)
UAV0 to SENSOR8 Waypoint: (-44.087 11.0138 59.371)
UAV0 to SENSOR8 Waypoint: (-44.0673 11.0198 59.3328)
UAV0 to SENSOR8 Waypoint: (-44.0402 11.0211 59.2952)
UAV0 to SENSOR8 Waypoint: (-44.012 11.0185 59.2591)
UAV0 to SENSOR8 Waypoint: (-43.9878 11.0133 59.2272)
UAV0 to SENSOR8 Waypoint: (-43.9709 11.0069 59.1928)
UAV0 to SENSOR8 Waypoint: (-43.9627 11.0008 59.1582)
UAV0 to SENSOR8 Waypoint: (-43.9627 10.9958 59.1218)
UAV0 to SENSOR8 Waypoint: (-43.9692 10.9926 59.0879)
UAV0 to SENSOR8 Waypoint: (-43.9797 10.9914 59.0554)
UAV0 to SENSOR8 Waypoint: (-43.9915 10.992 59.0241)
UAV0 to SENSOR8 Waypoint: (-44.0024 10.9939 58.9938)
UAV0 to SENSOR8 Waypoint: (-44.0106 10.9964 58.9645)
UAV0 to SENSOR8 Waypoint: (-44.0153 10.9991 58.9362)
UAV0 to SENSOR8 Waypoint: (-44.0164 11.0013 58.9087)
UAV0 to SENSOR8 Waypoint: (-44.0145 11.0029 58.8821)
UAV0 to SENSOR8 Waypoint: (-44.0105 11.0037 58.8563)
UAV0 to SENSOR9 Waypoint: (-44.0057 11.0037 58.8312)
UAV0 to SENSOR9 Waypoint: (-44.0008 11.0031 58.8069)
UAV0 to SENSOR9 Waypoint: (-43.6445 10.6556 59.5469)
UAV0 to SENSOR9 Waypoint: (-42.1154 9.17482 61.989)
UAV0 to SENSOR9 Waypoint: (-39.8323 6.86806 65.42)
UAV0 to SENSOR9 Waypoint: (-37.2138 4.1903 68.9858)
UAV0 to SENSOR9 Waypoint: (-34.5326 1.4706 71.8389)
UAV0 to SENSOR9 Waypoint: (-31.868 -1.23167 73.509)
UAV0 to SENSOR9 Waypoint: (-29.396 -3.73178 73.9161)
UAV0 to SENSOR9 Waypoint: (-26.9391 -6.21263 73.2714)
UAV0 to SENSOR9 Waypoint: (-24.4963 -8.67941 71.8748)
UAV0 to SENSOR9 Waypoint: (-22.0103 -11.1853 70.1745)
UAV0 to SENSOR9 Waypoint: (-19.4364 -13.7805 68.5595)
UAV0 to SENSOR9 Waypoint: (-16.7461 -16.4928 67.252)
UAV0 to SENSOR9 Waypoint: (-13.934 -19.3247 66.5534)
UAV0 to SENSOR9 Waypoint: (-11.0178 -22.199 66.5212)
UAV0 to SENSOR9 Waypoint: (-8.02657 -24.786 67.1223)
UAV0 to SENSOR9 Waypoint: (-5.10505 -26.6212 68.1419)
UAV0 to SENSOR9 Waypoint: (-2.63219 -27.5365 69.3111)
UAV0 to SENSOR9 Waypoint: (-0.943348 -27.6312 70.3194)
UAV0 to SENSOR9 Waypoint: (-0.0723534 -27.1138 70.922)
UAV0 to SENSOR9 Waypoint: (0.0855851 -26.2252 71.0391)
UAV0 to SENSOR9 Waypoint: (-0.35819 -25.1849 70.7295)
UAV0 to SENSOR9 Waypoint: (-1.27755 -24.1722 70.1995)
UAV0 to SENSOR9 Waypoint: (-2.45473 -23.3462 69.6412)
UAV0 to SENSOR9 Waypoint: (-3.64896 -22.8129 69.2092)
UAV0 to SENSOR9 Waypoint: (-4.64758 -22.6116 68.983)
UAV0 to SENSOR9 Waypoint: (-5.30879 -22.7116 68.9646)
UAV0 to SENSOR9 Waypoint: (-5.58668 -23.0274 69.0942)
UAV0 to SENSOR9 Waypoint: (-5.52146 -23.45 69.268)
UAV0 to SENSOR9 Waypoint: (-5.20354 -23.8788 69.4502)
UAV0 to SENSOR9 Waypoint: (-4.74565 -24.2373 69.5941)
UAV0 to SENSOR9 Waypoint: (-4.25792 -24.4791 69.6822)
UAV0 to SENSOR9 Waypoint: (-3.83007 -24.5886 69.7064)
UAV0 to SENSOR9 Waypoint: (-3.51984 -24.5752 69.684)
UAV0 to SENSOR9 Waypoint: (-3.35342 -24.4666 69.6455)
UAV0 to SENSOR9 Waypoint: (-3.33377 -24.3005 69.6051)
UAV0 to SENSOR9 Waypoint: (-3.43359 -24.1176 69.5694)
UAV0 to SENSOR9 Waypoint: (-3.61041 -23.9531 69.5408)
UAV0 to SENSOR9 Waypoint: (-3.81723 -23.8316 69.5192)
UAV0 to SENSOR9 Waypoint: (-4.01183 -23.765 69.5008)
UAV0 to SENSOR9 Waypoint: (-4.16311 -23.7532 69.486)
UAV0 to SENSOR9 Waypoint: (-4.25412 -23.7865 69.472)
UAV0 to SENSOR9 Waypoint: (-4.28195 -23.8496 69.4582)
UAV0 to SENSOR9 Waypoint: (-4.25518 -23.9253 69.4447)
UAV0 to SENSOR10 Waypoint: (-4.19005 -23.9978 69.4316)
UAV0 to SENSOR10 Waypoint: (-4.10596 -24.0553 69.4196)
UAV0 to SENSOR10 Waypoint: (-4.37283 -24.4157 70.1535)
UAV0 to SENSOR10 Waypoint: (-5.82994 -25.7433 72.6351)
UAV0 to SENSOR10 Waypoint: (-8.12368 -27.4492 76.3525)
UAV0 to SENSOR10 Waypoint: (-10.9162 -28.843 80.9964)
UAV0 to SENSOR10 Waypoint: (-13.8984 -29.6938 86.1683)
UAV0 to SENSOR10 Waypoint: (-16.67 -30.0144 90.9794)
UAV0 to SENSOR10 Waypoint: (-18.8272 -30.0089 94.4325)
UAV0 to SENSOR10 Waypoint: (-20.3651 -29.821 96.1226)
UAV0 to SENSOR10 Waypoint: (-21.3682 -29.5191 96.1314)
UAV0 to SENSOR10 Waypoint: (-21.8802 -29.1398 94.8145)
UAV0 to SENSOR10 Waypoint: (-21.894 -28.7092 92.6494)
UAV0 to SENSOR10 Waypoint: (-21.3849 -28.2749 90.1651)
UAV0 to SENSOR10 Waypoint: (-20.3207 -27.8884 87.6579)
UAV0 to SENSOR10 Waypoint: (-18.7506 -27.6085 85.7107)
UAV0 to SENSOR10 Waypoint: (-16.9657 -27.4785 84.6352)
UAV0 to SENSOR10 Waypoint: (-15.3793 -27.4987 84.5668)
UAV0 to SENSOR10 Waypoint: (-14.3059 -27.6306 85.3532)
UAV0 to SENSOR10 Waypoint: (-13.8375 -27.8124 86.5764)
UAV0 to SENSOR10 Waypoint: (-13.8859 -27.9914 87.824)
UAV0 to SENSOR10 Waypoint: (-14.286 -28.1344 88.853)
UAV0 to SENSOR10 Waypoint: (-14.8718 -28.227 89.4769)
UAV0 to SENSOR10 Waypoint: (-15.5062 -28.2672 89.6296)
UAV0 to SENSOR10 Waypoint: (-16.084 -28.2598 89.3848)
UAV0 to SENSOR10 Waypoint: (-16.5293 -28.2138 88.9157)
UAV0 to SENSOR10 Waypoint: (-16.7959 -28.1429 88.3669)
UAV0 to SENSOR10 Waypoint: (-16.8714 -28.0628 87.8255)
UAV0 to SENSOR10 Waypoint: (-16.7773 -27.9888 87.4223)
UAV0 to SENSOR10 Waypoint: (-16.5626 -27.9328 87.2035)
UAV0 to SENSOR10 Waypoint: (-16.2907 -27.9013 87.1789)
UAV0 to SENSOR10 Waypoint: (-16.0242 -27.8946 87.3025)
UAV0 to SENSOR10 Waypoint: (-15.8106 -27.9081 87.4799)
UAV0 to SENSOR10 Waypoint: (-15.6757 -27.9348 87.6572)
UAV0 to SENSOR10 Waypoint: (-15.6252 -27.967 87.7913)
UAV0 to SENSOR11 Waypoint: (-15.649 -27.9979 87.8572)
UAV0 to SENSOR11 Waypoint: (-15.7269 -28.0226 87.85)
UAV0 to SENSOR11 Waypoint: (-15.4761 -28.1191 88.5937)
UAV0 to SENSOR11 Waypoint: (-14.0299 -28.4733 91.202)
UAV0 to SENSOR11 Waypoint: (-11.7386 -28.9276 95.0251)
UAV0 to SENSOR11 Waypoint: (-9.03956 -29.2573 99.1903)
UAV0 to SENSOR11 Waypoint: (-6.29356 -29.4912 102.624)
UAV0 to SENSOR11 Waypoint: (-3.64149 -29.6245 104.719)
UAV0 to SENSOR8 Waypoint: (-1.11226 -29.6682 105.358)
UAV0 to SENSOR8 Waypoint: (1.32356 -29.6426 104.746)
UAV0 to SENSOR8 Waypoint: (3.72796 -29.5486 103.284)
UAV0 to SENSOR8 Waypoint: (6.16387 -29.4016 101.391)
UAV0 to SENSOR8 Waypoint: (8.6866 -29.2248 99.4831)
UAV0 to SENSOR8 Waypoint: (11.3329 -29.0455 97.9202)
UAV0 to SENSOR8 Waypoint: (14.1131 -28.8983 96.9549)
UAV0 to SENSOR8 Waypoint: (17.0101 -28.8065 96.6893)
UAV0 to SENSOR8 Waypoint: (19.9871 -28.7773 97.0646)
UAV0 to SENSOR8 Waypoint: (22.8979 -28.8013 97.8695)
UAV0 to SENSOR8 Waypoint: (25.3719 -28.8591 98.9078)
UAV0 to SENSOR8 Waypoint: (27.0597 -28.9298 99.9271)
UAV0 to SENSOR8 Waypoint: (27.8959 -28.9977 100.669)
UAV0 to SENSOR8 Waypoint: (28.0009 -29.0519 100.989)
UAV0 to SENSOR8 Waypoint: (27.514 -29.0871 100.87)
UAV0 to SENSOR8 Waypoint: (26.5877 -29.1015 100.463)
UAV0 to SENSOR8 Waypoint: (25.4622 -29.0966 99.9329)
UAV0 to SENSOR8 Waypoint: (24.2884 -29.0759 99.452)
UAV0 to SENSOR8 Waypoint: (23.3316 -29.0463 99.104)
UAV0 to SENSOR8 Waypoint: (22.704 -29.0146 98.9582)
UAV0 to SENSOR8 Waypoint: (22.4511 -28.9871 98.9902)
UAV0 to SENSOR8 Waypoint: (22.5321 -28.9677 99.1103)
UAV0 to SENSOR8 Waypoint: (22.8553 -28.9583 99.2613)
UAV0 to SENSOR8 Waypoint: (23.3088 -28.9581 99.4058)
UAV0 to SENSOR8 Waypoint: (23.7847 -28.9651 99.517)
UAV0 to SENSOR8 Waypoint: (24.2032 -28.9768 99.5788)
UAV0 to SENSOR8 Waypoint: (24.4867 -28.9895 99.5858)
UAV0 to SENSOR8 Waypoint: (24.6317 -29.0014 99.564)
UAV0 to SENSOR8 Waypoint: (24.6372 -29.0106 99.5331)
UAV0 to SENSOR8 Waypoint: (24.5314 -29.0159 99.5022)
UAV0 to SENSOR8 Waypoint: (24.356 -29.0173 99.4756)
UAV0 to SENSOR8 Waypoint: (24.1562 -29.0154 99.4543)
UAV0 to SENSOR8 Waypoint: (23.9717 -29.0112 99.4374)
UAV0 to SENSOR8 Waypoint: (23.8312 -29.006 99.4234)
UAV0 to SENSOR8 Waypoint: (23.7487 -29.0006 99.4107)
UAV0 to SENSOR8 Waypoint: (23.7287 -28.9965 99.3985)
UAV0 to SENSOR8 Waypoint: (23.76 -28.9937 99.3865)
UAV0 to SENSOR8 Waypoint: (23.8243 -28.9926 99.3749)
UAV0 to SENSOR8 Waypoint: (23.9059 -28.993 99.3638)
UAV0 to SENSOR8 Waypoint: (23.9863 -28.9945 99.3534)
UAV0 to SENSOR8 Waypoint: (24.052 -28.9966 99.3434)
UAV0 to SENSOR8 Waypoint: (24.0947 -28.9988 99.331)
UAV0 to SENSOR9 Waypoint: (24.1119 -29.0007 99.3212)
UAV0 to SENSOR9 Waypoint: (24.106 -29.0021 99.3124)
UAV0 to SENSOR9 Waypoint: (24.1125 -28.9832 99.1462)
UAV0 to SENSOR9 Waypoint: (24.1186 -28.975 99.1443)
UAV0 to SENSOR9 Waypoint: (24.1213 -28.9763 99.1417)
UAV0 to SENSOR9 Waypoint: (24.1264 -28.9686 99.1403)
UAV0 to SENSOR9 Waypoint: (24.1291 -28.9669 99.1386)
UAV0 to SENSOR9 Waypoint: (24.1333 -28.9644 99.1365)
UAV0 to SENSOR9 Waypoint: (24.1405 -28.955 99.133)
UAV0 to SENSOR9 Waypoint: (24.1451 -28.9531 99.1309)
UAV0 to SENSOR9 Waypoint: (24.1492 -28.9483 99.1286)
UAV0 to SENSOR9 Waypoint: (24.1542 -28.9429 99.1253)
UAV0 to SENSOR9 Waypoint: (24.1612 -28.9378 99.122)
UAV0 to SENSOR9 Waypoint: (24.1679 -28.9299 99.1182)
UAV0 to SENSOR9 Waypoint: (24.1744 -28.9244 99.1153)
UAV0 to SENSOR9 Waypoint: (24.181 -28.9184 99.1127)
UAV0 to SENSOR9 Waypoint: (24.1876 -28.9109 99.1091)
UAV0 to SENSOR9 Waypoint: (24.1948 -28.9051 99.1058)
UAV0 to SENSOR9 Waypoint: (24.2015 -28.898 99.102)
UAV0 to SENSOR9 Waypoint: (24.2084 -28.891 99.0985)
UAV0 to SENSOR9 Waypoint: (24.2155 -28.8848 99.0949)
UAV0 to SENSOR9 Waypoint: (24.2222 -28.8775 99.0911)
UAV0 to SENSOR9 Waypoint: (24.2292 -28.8708 99.0876)
UAV0 to SENSOR9 Waypoint: (24.2362 -28.8642 99.0838)
UAV0 to SENSOR9 Waypoint: (24.2429 -28.8569 99.08)
UAV0 to SENSOR9 Waypoint: (24.2501 -28.8503 99.0764)
UAV0 to SENSOR9 Waypoint: (24.257 -28.8433 99.0725)
UAV0 to SENSOR9 Waypoint: (24.2638 -28.8361 99.0687)
UAV0 to SENSOR9 Waypoint: (24.271 -28.8294 99.065)
UAV0 to SENSOR9 Waypoint: (24.2778 -28.8223 99.0609)
UAV0 to SENSOR9 Waypoint: (24.2847 -28.8151 99.0571)
UAV0 to SENSOR9 Waypoint: (24.2919 -28.8083 99.0525)
UAV0 to SENSOR9 Waypoint: (24.2987 -28.8011 99.0492)
UAV0 to SENSOR9 Waypoint: (24.3057 -28.7939 99.0453)
UAV0 to SENSOR9 Waypoint: (24.3129 -28.787 99.0414)
UAV0 to SENSOR9 Waypoint: (24.3198 -28.7797 99.0372)
UAV0 to SENSOR9 Waypoint: (24.3268 -28.7724 99.0312)
UAV0 to SENSOR9 Waypoint: (24.3739 -28.7335 97.6852)
UAV0 to SENSOR9 Waypoint: (24.5873 -28.5488 94.5073)
UAV0 to SENSOR9 Waypoint: (25.0344 -28.1561 90.0914)
UAV0 to SENSOR9 Waypoint: (25.7392 -27.5845 84.8255)
UAV0 to SENSOR9 Waypoint: (26.6999 -26.8894 78.9427)
UAV0 to SENSOR9 Waypoint: (27.9612 -26.1216 72.8577)
UAV0 to SENSOR9 Waypoint: (29.6334 -25.3555 67.2379)
UAV0 to SENSOR9 Waypoint: (31.7975 -24.6974 62.8817)
UAV0 to SENSOR9 Waypoint: (34.2329 -24.2927 60.5866)
UAV0 to SENSOR9 Waypoint: (36.2486 -24.2243 60.7543)
UAV0 to SENSOR9 Waypoint: (37.3253 -24.4274 63.0749)
UAV0 to SENSOR9 Waypoint: (37.4647 -24.7512 66.5404)
UAV0 to SENSOR9 Waypoint: (37.0122 -25.0612 70.0693)
UAV0 to SENSOR9 Waypoint: (36.3112 -25.2988 73.0709)
UAV0 to SENSOR9 Waypoint: (35.5733 -25.4519 74.9167)
UAV0 to SENSOR9 Waypoint: (34.9092 -25.525 75.6058)
UAV0 to SENSOR9 Waypoint: (34.382 -25.5245 75.321)
UAV0 to SENSOR9 Waypoint: (34.0366 -25.4578 74.4047)
UAV0 to SENSOR9 Waypoint: (33.8994 -25.3392 73.1962)
UAV0 to SENSOR9 Waypoint: (33.9696 -25.1907 72.0236)
UAV0 to SENSOR9 Waypoint: (34.2108 -25.0402 71.1587)
UAV0 to SENSOR9 Waypoint: (34.5529 -24.9153 70.7764)
UAV0 to SENSOR9 Waypoint: (34.91 -24.836 70.9199)
UAV0 to SENSOR9 Waypoint: (35.2056 -24.8076 71.4759)
UAV0 to SENSOR9 Waypoint: (35.3956 -24.8234 72.2955)
UAV0 to SENSOR9 Waypoint: (35.4706 -24.8687 73.2046)
UAV0 to SENSOR9 Waypoint: (35.447 -24.9274 73.9974)
UAV0 to SENSOR9 Waypoint: (35.3536 -24.986 74.5815)
UAV0 to SENSOR9 Waypoint: (35.2225 -25.0345 74.916)
UAV0 to SENSOR9 Waypoint: (35.0831 -25.0674 75.0175)
UAV0 to SENSOR9 Waypoint: (34.9595 -25.0825 74.9497)
UAV0 to SENSOR9 Waypoint: (34.8688 -25.0805 74.8465)
UAV0 to SENSOR9 Waypoint: (34.8202 -25.0648 74.7699)
UAV0 to SENSOR9 Waypoint: (34.8138 -25.041 74.7688)
UAV0 to SENSOR9 Waypoint: (34.8427 -25.0145 74.8425)
UAV0 to SENSOR9 Waypoint: (34.8918 -24.9919 74.9714)
UAV0 to SENSOR9 Waypoint: (34.95 -24.9753 75.1556)
UAV0 to SENSOR9 Waypoint: (35.0045 -24.9665 75.372)
UAV0 to SENSOR9 Waypoint: (35.0465 -24.9655 75.6024)
UAV0 to SENSOR9 Waypoint: (35.0713 -24.9707 75.8213)
UAV0 to SENSOR9 Waypoint: (35.0784 -24.9799 76.0264)
UAV0 to SENSOR9 Waypoint: (35.0705 -24.9905 76.1913)
UAV0 to SENSOR9 Waypoint: (35.052 -25.0005 76.3291)
UAV0 to SENSOR9 Waypoint: (35.0285 -25.0082 76.4355)
UAV0 to SENSOR9 Waypoint: (35.0051 -25.0129 76.5232)
UAV0 to SENSOR9 Waypoint: (34.9857 -25.0143 76.6038)
UAV0 to SENSOR9 Waypoint: (34.9729 -25.0129 76.6872)
UAV0 to SENSOR9 Waypoint: (34.9675 -25.0095 76.7805)
UAV0 to SENSOR9 Waypoint: (34.9688 -25.0052 76.8864)
UAV0 to SENSOR9 Waypoint: (34.9753 -25.0009 77.0038)
UAV0 to SENSOR9 Waypoint: (34.9848 -24.9972 77.1285)
UAV0 to SENSOR9 Waypoint: (34.9946 -24.9949 77.2521)
UAV0 to SENSOR9 Waypoint: (35.0032 -24.9939 77.3897)
UAV0 to SENSOR9 Waypoint: (35.0095 -24.9942 77.512)
UAV0 to SENSOR9 Waypoint: (35.0127 -24.9953 77.6177)
UAV0 to SENSOR9 Waypoint: (35.0129 -24.997 77.7053)
UAV0 to SENSOR9 Waypoint: (35.0109 -24.9989 77.7844)
UAV0 to SENSOR9 Waypoint: (35.0073 -25.0005 77.854)
UAV0 to SENSOR9 Waypoint: (35.0032 -25.0016 77.9211)
UAV0 to SENSOR9 Waypoint: (34.9993 -25.0022 77.9899)
UAV0 to SENSOR9 Waypoint: (34.9964 -25.0023 78.063)
UAV0 to SENSOR9 Waypoint: (34.9946 -25.0019 78.1411)
UAV0 to SENSOR9 Waypoint: (34.9941 -25.0013 78.2231)
UAV0 to SENSOR9 Waypoint: (34.9947 -25.0005 78.307)
UAV0 to SENSOR9 Waypoint: (34.996 -24.9998 78.3901)
UAV0 to SENSOR9 Waypoint: (34.9977 -24.9992 78.4701)
UAV0 to SENSOR9 Waypoint: (34.9993 -24.9989 78.5452)
UAV0 to SENSOR9 Waypoint: (35.0007 -24.9988 78.6148)
UAV0 to SENSOR9 Waypoint: (35.0016 -24.9989 78.679)
UAV0 to SENSOR9 Waypoint: (35.002 -24.9992 78.7388)
UAV0 to SENSOR9 Waypoint: (35.0019 -24.9995 78.7956)
UAV0 to SENSOR9 Waypoint: (35.0014 -24.9998 78.849)
UAV0 to SENSOR9 Waypoint: (35.0008 -25 78.906)
UAV0 to SENSOR9 Waypoint: (35 -25.0002 78.9612)
UAV0 to SENSOR9 Waypoint: (34.9994 -25.0003 79.0168)
UAV0 to SENSOR9 Waypoint: (34.999 -25.0002 79.0722)
UAV0 to SENSOR9 Waypoint: (34.9988 -25.0002 79.127)
UAV0 to SENSOR9 Waypoint: (34.9987 -25 79.1794)
UAV0 to SENSOR9 Waypoint: (34.9989 -24.9999 79.234)
UAV0 to SENSOR9 Waypoint: (34.9991 -24.9998 79.2836)
UAV0 to SENSOR9 Waypoint: (34.9994 -24.9997 79.3338)
UAV0 to SENSOR9 Waypoint: (34.9997 -24.9997 79.3836)
UAV0 to SENSOR9 Waypoint: (34.9999 -24.9997 79.43)
UAV0 to SENSOR9 Waypoint: (35 -24.9997 79.4752)
UAV0 to SENSOR9 Waypoint: (35.0001 -24.9997 79.5192)
UAV0 to SENSOR9 Waypoint: (35 -24.9998 79.5621)
UAV0 to SENSOR9 Waypoint: (34.9999 -24.9998 79.6027)
UAV0 to SENSOR9 Waypoint: (34.9998 -24.9999 79.6448)
UAV0 to SENSOR9 Waypoint: (34.9997 -24.9999 79.6839)
UAV0 to SENSOR9 Waypoint: (34.9996 -24.9999 79.7221)
UAV0 to SENSOR9 Waypoint: (34.9995 -24.9999 79.7582)
UAV0 to SENSOR9 Waypoint: (34.9995 -24.9999 79.7954)
UAV0 to SENSOR9 Waypoint: (34.9995 -24.9999 79.8299)
UAV0 to SENSOR9 Waypoint: (34.9996 -24.9999 79.8635)
UAV0 to SENSOR9 Waypoint: (34.9996 -24.9998 79.8955)
UAV0 to SENSOR9 Waypoint: (34.9997 -24.9998 79.9286)
UAV0 to SENSOR9 Waypoint: (34.9997 -24.9998 79.9588)
UAV0 to SENSOR9 Waypoint: (34.9997 -24.9998 79.99)
UAV0 to SENSOR9 Waypoint: (34.9998 -24.9998 80.0191)
UAV0 to SENSOR9 Waypoint: (34.9998 -24.9998 80.0474)
UAV0 to SENSOR9 Waypoint: (34.9997 -24.9998 80.075)
UAV0 to SENSOR9 Waypoint: (34.9997 -24.9998 80.1019)
UAV0 to SENSOR9 Waypoint: (34.9997 -24.9999 80.1279)
UAV0 to SENSOR9 Waypoint: (34.9997 -24.9999 80.1527)
UAV0 to SENSOR9 Waypoint: (34.9997 -24.9999 80.1776)
UAV0 to SENSOR9 Waypoint: (34.9997 -24.9999 80.2023)
UAV0 to SENSOR9 Waypoint: (34.9997 -24.9999 80.2247)
UAV0 to SENSOR9 Waypoint: (34.9997 -24.9998 80.2474)
UAV0 to SENSOR10 Waypoint: (34.9997 -24.9998 80.27)
UAV0 to SENSOR10 Waypoint: (34.9997 -24.9998 80.291)
UAV0 to SENSOR10 Waypoint: (35.03 -24.9709 79.4803)
UAV0 to SENSOR10 Waypoint: (35.2243 -24.7888 76.7957)
UAV0 to SENSOR10 Waypoint: (35.6429 -24.3899 72.6534)
UAV0 to SENSOR10 Waypoint: (36.378 -23.7717 67.899)
UAV0 to SENSOR10 Waypoint: (37.5292 -22.9079 63.1083)
UAV0 to SENSOR10 Waypoint: (39.2041 -21.9079 58.9821)
UAV0 to SENSOR10 Waypoint: (41.5048 -20.9402 56.173)
UAV0 to SENSOR10 Waypoint: (44.1922 -20.2498 55.1182)
UAV0 to SENSOR10 Waypoint: (47.0996 -19.9498 55.8681)
UAV0 to SENSOR10 Waypoint: (49.5235 -20.0162 57.9822)
UAV0 to SENSOR10 Waypoint: (51.0146 -20.3051 60.7167)
UAV0 to SENSOR10 Waypoint: (51.5978 -20.6703 63.2671)
UAV0 to SENSOR10 Waypoint: (51.5111 -21.0137 65.0812)
UAV0 to SENSOR10 Waypoint: (50.9871 -21.2893 65.9397)
UAV0 to SENSOR10 Waypoint: (50.2009 -21.4758 65.9047)
UAV0 to SENSOR10 Waypoint: (49.2872 -21.5643 65.2011)
UAV0 to SENSOR10 Waypoint: (48.3772 -21.5551 64.1515)
UAV0 to SENSOR10 Waypoint: (47.5986 -21.4607 63.0371)
UAV0 to SENSOR10 Waypoint: (47.0568 -21.3073 62.0962)
UAV0 to SENSOR10 Waypoint: (46.8089 -21.1303 61.4877)
UAV0 to SENSOR10 Waypoint: (46.8474 -20.9672 61.2795)
UAV0 to SENSOR10 Waypoint: (47.105 -20.8465 61.4509)
UAV0 to SENSOR10 Waypoint: (47.4779 -20.7817 61.8577)
UAV0 to SENSOR10 Waypoint: (47.8667 -20.7713 62.3754)
UAV0 to SENSOR10 Waypoint: (48.1961 -20.8036 62.8776)
UAV0 to SENSOR10 Waypoint: (48.4226 -20.8626 63.2638)
UAV0 to SENSOR10 Waypoint: (48.5317 -20.9318 63.4783)
UAV0 to SENSOR10 Waypoint: (48.5314 -20.9977 63.5135)
UAV0 to SENSOR10 Waypoint: (48.4443 -21.05 63.411)
UAV0 to SENSOR10 Waypoint: (48.3007 -21.0829 63.2677)
UAV0 to SENSOR10 Waypoint: (48.1359 -21.0945 63.1193)
UAV0 to SENSOR10 Waypoint: (47.9824 -21.0872 63.0121)
UAV0 to SENSOR10 Waypoint: (47.8647 -21.0661 62.9642)
UAV0 to SENSOR10 Waypoint: (47.796 -21.0378 62.9779)
UAV0 to SENSOR10 Waypoint: (47.7776 -21.0089 63.015)
UAV0 to SENSOR10 Waypoint: (47.8016 -20.9845 63.0575)
UAV0 to SENSOR10 Waypoint: (47.8548 -20.9681 63.0983)
UAV0 to SENSOR10 Waypoint: (47.9217 -20.9606 63.1349)
UAV0 to SENSOR10 Waypoint: (47.9878 -20.9615 63.1672)
UAV0 to SENSOR10 Waypoint: (48.0418 -20.9688 63.196)
UAV0 to SENSOR10 Waypoint: (48.0771 -20.98 63.222)
UAV0 to SENSOR10 Waypoint: (48.0915 -20.9922 63.2461)
UAV0 to SENSOR10 Waypoint: (48.0869 -21.0031 63.2688)
UAV0 to SENSOR10 Waypoint: (48.0683 -21.0111 63.2903)
UAV0 to SENSOR10 Waypoint: (48.0418 -21.0155 63.3111)
UAV0 to SENSOR10 Waypoint: (48.0136 -21.0163 63.3312)
UAV0 to SENSOR10 Waypoint: (47.989 -21.014 63.3506)
UAV0 to SENSOR10 Waypoint: (47.9715 -21.0098 63.3697)
UAV0 to SENSOR10 Waypoint: (47.9626 -21.0047 63.3879)
UAV0 to SENSOR10 Waypoint: (47.962 -20.9999 63.4057)
UAV0 to SENSOR10 Waypoint: (47.968 -20.9961 63.4228)
UAV0 to SENSOR10 Waypoint: (47.9783 -20.9938 63.4396)
UAV0 to SENSOR10 Waypoint: (47.99 -20.993 63.4558)
UAV0 to SENSOR11 Waypoint: (48.0009 -20.9935 63.4716)
UAV0 to SENSOR11 Waypoint: (48.0093 -20.9951 63.487)
UAV0 to SENSOR11 Waypoint: (47.8716 -20.7996 63.9002)
UAV0 to SENSOR11 Waypoint: (47.8766 -20.7901 63.8897)
UAV0 to SENSOR11 Waypoint: (47.8669 -20.7906 63.8762)
UAV0 to SENSOR11 Waypoint: (47.8631 -20.7724 63.8939)
UAV0 to SENSOR11 Waypoint: (47.8583 -20.7761 63.8742)
UAV0 to SENSOR11 Waypoint: (47.8454 -20.7588 63.8938)
UAV0 to SENSOR11 Waypoint: (47.8492 -20.7532 63.8811)
UAV0 to SENSOR11 Waypoint: (47.8436 -20.7466 63.8844)
UAV0 to SENSOR11 Waypoint: (47.8422 -20.7371 63.8829)
UAV0 to SENSOR11 Waypoint: (47.8355 -20.7325 63.8802)
UAV0 to SENSOR11 Waypoint: (47.8331 -20.722 63.8861)
UAV0 to SENSOR11 Waypoint: (47.8287 -20.7169 63.8784)
UAV0 to SENSOR11 Waypoint: (47.8224 -20.7117 63.8837)
UAV0 to SENSOR11 Waypoint: (47.8175 -20.7076 63.8835)
UAV0 to SENSOR11 Waypoint: (47.8202 -20.6978 63.8839)
UAV0 to SENSOR11 Waypoint: (47.8098 -20.6984 63.8783)
UAV0 to SENSOR11 Waypoint: (47.8034 -20.6896 63.8885)
UAV0 to SENSOR11 Waypoint: (47.8025 -20.6877 63.8833)
UAV0 to SENSOR11 Waypoint: (47.7948 -20.6805 63.8859)
UAV0 to SENSOR11 Waypoint: (47.6058 -20.368 64.5263)
UAV0 to SENSOR11 Waypoint: (46.7824 -18.929 67.0113)
UAV0 to SENSOR11 Waypoint: (45.6377 -16.6244 70.7606)
UAV0 to SENSOR11 Waypoint: (44.5554 -13.821 75.4137)
UAV0 to SENSOR11 Waypoint: (43.8164 -10.8108 80.4763)
UAV0 to SENSOR11 Waypoint: (43.4349 -7.82148 84.9305)
UAV0 to SENSOR11 Waypoint: (43.3069 -5.00009 87.7959)
UAV0 to SENSOR11 Waypoint: (43.3376 -2.37794 88.9329)
UAV0 to SENSOR11 Waypoint: (43.4912 0.0810027 88.4187)
UAV0 to SENSOR11 Waypoint: (43.7526 2.4509 86.7407)
UAV0 to SENSOR11 Waypoint: (44.1024 4.77431 84.4033)
UAV0 to SENSOR11 Waypoint: (44.5068 6.92907 81.9609)
UAV0 to SENSOR11 Waypoint: (44.9077 8.62466 79.8911)
UAV0 to SENSOR11 Waypoint: (45.2351 9.6173 78.4761)
UAV0 to SENSOR11 Waypoint: (45.437 9.82551 77.8127)
UAV0 to SENSOR11 Waypoint: (45.4983 9.36878 77.8572)
UAV0 to SENSOR11 Waypoint: (45.4414 8.51326 78.4122)
UAV0 to SENSOR11 Waypoint: (45.309 7.54352 79.2524)
UAV0 to SENSOR11 Waypoint: (45.1479 6.68128 80.1204)
UAV0 to SENSOR11 Waypoint: (44.9953 6.05378 80.8013)
UAV0 to SENSOR11 Waypoint: (44.8749 5.70579 81.161)
UAV0 to SENSOR11 Waypoint: (44.7982 5.62632 81.1575)
UAV0 to SENSOR11 Waypoint: (44.768 5.77353 80.8617)
UAV0 to SENSOR11 Waypoint: (44.7807 6.08272 80.3926)
UAV0 to SENSOR11 Waypoint: (44.8267 6.47444 79.8731)
UAV0 to SENSOR11 Waypoint: (44.8924 6.87239 79.3734)
UAV0 to SENSOR11 Waypoint: (44.9629 7.20758 79.0018)
UAV0 to SENSOR11 Waypoint: (45.0248 7.43336 78.7858)
UAV0 to SENSOR11 Waypoint: (45.0689 7.53195 78.7223)
UAV0 to SENSOR11 Waypoint: (45.091 7.51325 78.7762)
UAV0 to SENSOR11 Waypoint: (45.0924 7.40857 78.8478)
UAV0 to SENSOR11 Waypoint: (45.0775 7.25581 78.8993)
UAV0 to SENSOR11 Waypoint: (45.0525 7.09189 78.9091)
UAV0 to SENSOR11 Waypoint: (45.0238 6.94708 78.8857)
UAV0 to SENSOR11 Waypoint: (44.9971 6.84202 78.8377)
UAV0 to SENSOR11 Waypoint: (44.9764 6.78631 78.7772)
UAV0 to SENSOR11 Waypoint: (44.9641 6.77911 78.7072)
UAV0 to SENSOR11 Waypoint: (44.9606 6.8114 78.624)
UAV0 to SENSOR11 Waypoint: (44.9645 6.86932 78.537)
UAV0 to SENSOR11 Waypoint: (44.9736 6.93751 78.4496)
UAV0 to SENSOR11 Waypoint: (44.9853 7.00208 78.3665)
UAV0 to SENSOR11 Waypoint: (44.997 7.05264 78.2906)
UAV0 to SENSOR11 Waypoint: (45.0067 7.08341 78.2232)
UAV0 to SENSOR11 Waypoint: (45.0131 7.09326 78.164)
UAV0 to SENSOR11 Waypoint: (45.0159 7.08492 78.1112)
UAV0 to SENSOR11 Waypoint: (45.0152 7.06369 78.0626)
UAV0 to SENSOR11 Waypoint: (45.012 7.03598 78.0138)
UAV0 to SENSOR11 Waypoint: (45.0074 7.00796 77.9635)
UAV0 to SENSOR11 Waypoint: (45.0024 6.98452 77.912)
UAV0 to SENSOR11 Waypoint: (44.998 6.96874 77.8612)
UAV0 to SENSOR11 Waypoint: (44.9948 6.96175 77.8152)
UAV0 to SENSOR11 Waypoint: (44.9932 6.96287 77.765)
UAV0 to SENSOR11 Waypoint: (44.993 6.97018 77.7128)
UAV0 to SENSOR11 Waypoint: (44.994 6.9811 77.6488)
UAV0 to SENSOR11 Waypoint: (44.9958 6.99299 77.5913)
UAV0 to SENSOR11 Waypoint: (44.9978 7.0036 77.5428)
UAV0 to SENSOR11 Waypoint: (44.9998 7.01137 77.5009)
UAV0 to SENSOR11 Waypoint: (45.0013 7.01555 77.4612)
UAV0 to SENSOR11 Waypoint: (45.0022 7.01619 77.4222)
UAV0 to SENSOR11 Waypoint: (45.0025 7.01392 77.3833)
UAV0 to SENSOR11 Waypoint: (45.0023 7.00976 77.3446)
UAV0 to SENSOR11 Waypoint: (45.0016 7.00482 77.3074)
UAV0 to SENSOR11 Waypoint: (45.0007 7.00012 77.2683)
UAV0 to SENSOR11 Waypoint: (44.9999 6.99642 77.2318)
UAV0 to SENSOR11 Waypoint: (44.9992 6.99415 77.1962)
UAV0 to SENSOR11 Waypoint: (44.9987 6.9934 77.1616)
UAV0 to SENSOR11 Waypoint: (44.9985 6.99397 77.1288)
UAV0 to SENSOR11 Waypoint: (44.9985 6.99549 77.0947)
UAV0 to SENSOR11 Waypoint: (44.9988 6.9975 77.063)
UAV0 to SENSOR11 Waypoint: (44.9991 6.99953 77.0321)
UAV0 to SENSOR11 Waypoint: (44.9995 7.00125 77.0028)
UAV0 to SENSOR11 Waypoint: (44.9998 7.00241 76.9724)
UAV0 to SENSOR11 Waypoint: (45 7.00293 76.9441)
UAV0 to SENSOR11 Waypoint: (45.0002 7.00287 76.9166)
UAV0 to SENSOR11 Waypoint: (45.0002 7.00235 76.8899)
UAV0 to SENSOR11 Waypoint: (45.0001 7.00156 76.8639)
UAV0 to SENSOR11 Waypoint: (45 7.00069 76.8386)
UAV0 to SENSOR11 Waypoint: (44.9998 6.99992 76.8141)
UAV0 to SENSOR11 Waypoint: (44.9997 6.99935 76.7903)
UAV0 to SENSOR11 Waypoint: (44.9996 6.99904 76.7672)
UAV0 to SENSOR11 Waypoint: (44.9995 6.99899 76.7447)
UAV0 to SENSOR11 Waypoint: (44.9995 6.99915 76.723)
UAV0 to SENSOR11 Waypoint: (44.9995 6.99945 76.7018)
UAV0 to SENSOR12 Waypoint: (44.9995 6.99981 76.6813)
UAV0 to SENSOR12 Waypoint: (44.9996 7.00016 76.6614)
UAV0 to SENSOR12 Waypoint: (44.9405 6.94151 76.1506)
UAV0 to SENSOR12 Waypoint: (44.9347 6.93397 76.1461)
UAV0 to SENSOR12 Waypoint: (44.928 6.92865 76.1438)
UAV0 to SENSOR12 Waypoint: (44.9222 6.9223 76.1405)
UAV0 to SENSOR12 Waypoint: (44.9161 6.91472 76.1359)
UAV0 to SENSOR12 Waypoint: (44.9084 6.90881 76.1331)
UAV0 to SENSOR12 Waypoint: (44.9029 6.90164 76.1297)
UAV0 to SENSOR12 Waypoint: (44.8961 6.89464 76.1259)
UAV0 to SENSOR12 Waypoint: (44.8887 6.88812 76.1221)
UAV0 to SENSOR12 Waypoint: (44.8826 6.88036 76.1183)
UAV0 to SENSOR12 Waypoint: (44.8754 6.87368 76.1136)
UAV0 to SENSOR12 Waypoint: (44.8684 6.86664 76.1105)
UAV0 to SENSOR12 Waypoint: (44.862 6.85907 76.1066)
UAV0 to SENSOR12 Waypoint: (44.8547 6.85232 76.1026)
UAV0 to SENSOR12 Waypoint: (44.8479 6.845 76.0986)
UAV0 to SENSOR12 Waypoint: (44.8412 6.83764 76.0946)
UAV0 to SENSOR12 Waypoint: (44.8339 6.83068 76.0905)
UAV0 to SENSOR12 Waypoint: (44.8272 6.82327 76.0864)
UAV0 to SENSOR12 Waypoint: (44.8202 6.81598 76.0815)
UAV0 to SENSOR12 Waypoint: (44.813 6.80878 76.0782)
UAV0 to SENSOR12 Waypoint: (44.8062 6.80138 76.074)
UAV0 to SENSOR12 Waypoint: (44.7991 6.79407 76.0697)
UAV0 to SENSOR12 Waypoint: (44.792 6.7868 76.0655)
UAV0 to SENSOR12 Waypoint: (44.785 6.77931 76.0612)
UAV0 to SENSOR12 Waypoint: (44.7779 6.77194 76.0569)
UAV0 to SENSOR12 Waypoint: (44.7707 6.76457 76.0525)
UAV0 to SENSOR12 Waypoint: (44.7637 6.75705 76.0481)
UAV0 to SENSOR12 Waypoint: (44.7565 6.7496 76.0437)
UAV0 to SENSOR12 Waypoint: (44.7493 6.74215 76.0392)
UAV0 to SENSOR12 Waypoint: (44.7422 6.73459 76.0347)
UAV0 to SENSOR12 Waypoint: (44.735 6.72705 76.0302)
UAV0 to SENSOR12 Waypoint: (44.7277 6.71953 76.0256)
UAV0 to SENSOR12 Waypoint: (44.7131 6.70435 75.6612)
UAV0 to SENSOR12 Waypoint: (44.6135 6.60035 73.2968)
UAV0 to SENSOR12 Waypoint: (44.3121 6.29137 69.3988)
UAV0 to SENSOR12 Waypoint: (43.7633 5.72703 64.4572)
UAV0 to SENSOR12 Waypoint: (42.9609 4.89824 58.772)
UAV0 to SENSOR12 Waypoint: (41.907 3.81208 52.5618)
UAV0 to SENSOR12 Waypoint: (40.5914 2.45401 46.0854)
UAV0 to SENSOR12 Waypoint: (38.9236 0.739526 39.934)
UAV0 to SENSOR12 Waypoint: (36.7991 -1.28161 35.0055)
UAV0 to SENSOR12 Waypoint: (34.1634 -3.19044 32.2454)
UAV0 to SENSOR12 Waypoint: (31.3111 -4.49773 32.186)
UAV0 to SENSOR12 Waypoint: (29.13 -4.93804 34.5157)
UAV0 to SENSOR12 Waypoint: (28.0623 -4.68195 38.2017)
UAV0 to SENSOR12 Waypoint: (27.9471 -4.06638 42.1842)
UAV0 to SENSOR12 Waypoint: (28.3917 -3.38501 45.5052)
UAV0 to SENSOR12 Waypoint: (29.0883 -2.78293 47.6431)
UAV0 to SENSOR12 Waypoint: (29.8628 -2.3161 48.5001)
UAV0 to SENSOR12 Waypoint: (30.6137 -2.01091 48.2648)
UAV0 to SENSOR12 Waypoint: (31.2648 -1.88424 47.3016)
UAV0 to SENSOR12 Waypoint: (31.7475 -1.93698 45.9759)
UAV0 to SENSOR12 Waypoint: (32.0103 -2.14657 44.6431)
UAV0 to SENSOR12 Waypoint: (32.0356 -2.46281 43.604)
UAV0 to SENSOR12 Waypoint: (31.8525 -2.81352 43.0643)
UAV0 to SENSOR12 Waypoint: (31.5344 -3.12357 43.1021)
UAV0 to SENSOR12 Waypoint: (31.1771 -3.33843 43.6185)
UAV0 to SENSOR12 Waypoint: (30.8633 -3.43776 44.4528)
UAV0 to SENSOR12 Waypoint: (30.6435 -3.43249 45.3958)
UAV0 to SENSOR12 Waypoint: (30.5338 -3.35142 46.2606)
UAV0 to SENSOR12 Waypoint: (30.5252 -3.22836 46.9164)
UAV0 to SENSOR12 Waypoint: (30.5948 -3.09403 47.305)
UAV0 to SENSOR12 Waypoint: (30.7142 -2.97269 47.4344)
UAV0 to SENSOR12 Waypoint: (30.8543 -2.88107 47.3648)
UAV0 to SENSOR12 Waypoint: (30.9891 -2.82866 47.2332)
UAV0 to SENSOR12 Waypoint: (31.097 -2.81686 47.1154)
UAV0 to SENSOR12 Waypoint: (31.1647 -2.83986 47.0682)
UAV0 to SENSOR12 Waypoint: (31.1884 -2.88658 47.1203)
UAV0 to SENSOR12 Waypoint: (31.1734 -2.94339 47.2304)
UAV0 to SENSOR12 Waypoint: (31.1309 -2.99799 47.3945)
UAV0 to SENSOR12 Waypoint: (31.0743 -3.04119 47.599)
UAV0 to SENSOR12 Waypoint: (31.0166 -3.06785 47.8233)
UAV0 to SENSOR12 Waypoint: (30.9684 -3.07693 48.0452)
UAV0 to SENSOR12 Waypoint: (30.9359 -3.0707 48.2461)
UAV0 to SENSOR12 Waypoint: (30.9213 -3.05359 48.4151)
UAV0 to SENSOR12 Waypoint: (30.9232 -3.0309 48.5491)
UAV0 to SENSOR12 Waypoint: (30.9379 -3.00771 48.6529)
UAV0 to SENSOR12 Waypoint: (30.9601 -2.98811 48.736)
UAV0 to SENSOR12 Waypoint: (30.9844 -2.97473 48.81)
UAV0 to SENSOR12 Waypoint: (31.0061 -2.96856 48.8856)
UAV0 to SENSOR12 Waypoint: (31.0221 -2.96915 48.9706)
UAV0 to SENSOR12 Waypoint: (31.0307 -2.97496 49.0685)
UAV0 to SENSOR12 Waypoint: (31.0321 -2.98387 49.1787)
UAV0 to SENSOR12 Waypoint: (31.0276 -2.99365 49.2974)
UAV0 to SENSOR12 Waypoint: (31.0191 -3.00242 49.4191)
UAV0 to SENSOR12 Waypoint: (31.0091 -3.00886 49.538)
UAV0 to SENSOR12 Waypoint: (30.9996 -3.01237 49.647)
UAV0 to SENSOR12 Waypoint: (30.9922 -3.01296 49.7508)
UAV0 to SENSOR12 Waypoint: (30.9876 -3.01116 49.8416)
UAV0 to SENSOR12 Waypoint: (30.9861 -3.00779 49.9228)
UAV0 to SENSOR12 Waypoint: (30.9872 -3.00376 49.997)
UAV0 to SENSOR12 Waypoint: (30.9903 -2.99992 50.0658)
UAV0 to SENSOR12 Waypoint: (30.9943 -2.99688 50.1371)
UAV0 to SENSOR12 Waypoint: (30.9984 -2.99501 50.2082)
UAV0 to SENSOR12 Waypoint: (31.0019 -2.99438 50.2813)
UAV0 to SENSOR12 Waypoint: (31.0042 -2.99483 50.3562)
UAV0 to SENSOR12 Waypoint: (31.0052 -2.99605 50.4303)
UAV0 to SENSOR12 Waypoint: (31.0051 -2.99767 50.5077)
UAV0 to SENSOR12 Waypoint: (31.004 -2.99932 50.5815)
UAV0 to SENSOR12 Waypoint: (31.0025 -3.00071 50.652)
UAV0 to SENSOR12 Waypoint: (31.0007 -3.00165 50.7185)
UAV0 to SENSOR12 Waypoint: (30.9992 -3.00208 50.781)
UAV0 to SENSOR12 Waypoint: (30.9981 -3.00203 50.8398)
UAV0 to SENSOR12 Waypoint: (30.9975 -3.00162 50.8959)
UAV0 to SENSOR12 Waypoint: (30.9974 -3.00098 50.9501)
UAV0 to SENSOR12 Waypoint: (30.9977 -3.00029 51.0039)
UAV0 to SENSOR12 Waypoint: (30.9983 -2.99966 51.0578)
UAV0 to SENSOR12 Waypoint: (30.999 -2.9992 51.1116)
UAV0 to SENSOR12 Waypoint: (30.9997 -2.99896 51.1649)
UAV0 to SENSOR12 Waypoint: (31.0002 -2.99891 51.2173)
UAV0 to SENSOR12 Waypoint: (31.0005 -2.99904 51.2686)
UAV0 to SENSOR12 Waypoint: (31.0006 -2.99928 51.3186)
UAV0 to SENSOR12 Waypoint: (31.0006 -2.99957 51.3673)
UAV0 to SENSOR12 Waypoint: (31.0003 -2.99984 51.4134)
UAV0 to SENSOR12 Waypoint: (31.0001 -3.00006 51.4612)
UAV0 to SENSOR12 Waypoint: (30.9998 -3.00019 51.5057)
UAV0 to SENSOR12 Waypoint: (30.9995 -3.00023 51.5488)
UAV0 to SENSOR12 Waypoint: (30.9994 -3.0002 51.5908)
UAV0 to SENSOR12 Waypoint: (30.9993 -3.00012 51.6316)
UAV0 to SENSOR12 Waypoint: (30.9993 -3 51.6713)
UAV0 to SENSOR12 Waypoint: (30.9994 -2.99988 51.7088)
UAV0 to SENSOR12 Waypoint: (30.9995 -2.99979 51.7419)
UAV0 to SENSOR12 Waypoint: (30.9996 -2.99972 51.7762)
UAV0 to SENSOR12 Waypoint: (30.9997 -2.99969 51.8138)
UAV0 to SENSOR12 Waypoint: (30.9998 -2.99969 51.8494)
UAV0 to SENSOR12 Waypoint: (30.9998 -2.99972 51.883)
UAV0 to SENSOR12 Waypoint: (30.9998 -2.99976 51.9176)
UAV0 to SENSOR12 Waypoint: (30.9998 -2.99981 51.9495)
UAV0 to SENSOR12 Waypoint: (30.9998 -2.99986 51.9803)
UAV0 to SENSOR12 Waypoint: (30.9997 -2.99989 52.0101)
UAV0 to SENSOR12 Waypoint: (30.9997 -2.99991 52.0389)
UAV0 to SENSOR12 Waypoint: (30.9996 -2.99991 52.0669)
UAV0 to SENSOR12 Waypoint: (30.9996 -2.9999 52.094)
UAV0 to SENSOR12 Waypoint: (30.9996 -2.99989 52.1203)
UAV0 to SENSOR12 Waypoint: (30.9996 -2.99987 52.1459)
UAV0 to SENSOR12 Waypoint: (30.9996 -2.99985 52.1707)
UAV0 to SENSOR12 Waypoint: (30.9997 -2.99983 52.1948)
UAV0 to SENSOR12 Waypoint: (30.9997 -2.99982 52.2183)
UAV0 to SENSOR12 Waypoint: (30.9997 -2.99982 52.241)
UAV0 to SENSOR12 Waypoint: (30.9997 -2.99982 52.2631)
UAV0 to SENSOR12 Waypoint: (30.9997 -2.99983 52.2845)
UAV0 to SENSOR12 Waypoint: (30.9997 -2.99983 52.3053)
UAV0 to SENSOR12 Waypoint: (30.9997 -2.99984 52.3255)
UAV0 to SENSOR13 Waypoint: (30.9997 -2.99985 52.3451)
UAV0 to SENSOR13 Waypoint: (30.9997 -2.99985 52.3643)
UAV0 to SENSOR13 Waypoint: (30.8189 -2.87231 52.2955)
UAV0 to SENSOR13 Waypoint: (29.9999 -2.28958 52.0333)
UAV0 to SENSOR13 Waypoint: (28.6397 -1.39909 51.654)
UAV0 to SENSOR13 Waypoint: (26.8015 -0.518038 51.2835)
UAV0 to SENSOR13 Waypoint: (24.6 0.305075 51.0122)
UAV0 to SENSOR13 Waypoint: (22.1445 0.882556 50.9066)
UAV0 to SENSOR13 Waypoint: (19.5214 1.15961 50.9704)
UAV0 to SENSOR13 Waypoint: (16.7996 1.18217 51.1178)
UAV0 to SENSOR13 Waypoint: (14.0207 0.978467 51.304)
UAV0 to SENSOR13 Waypoint: (11.2113 0.647603 51.4893)
UAV0 to SENSOR13 Waypoint: (8.38678 0.276901 51.6406)
UAV0 to SENSOR13 Waypoint: (5.55666 -0.0651383 51.7372)
UAV0 to SENSOR13 Waypoint: (2.72529 -0.322023 51.7722)
UAV0 to SENSOR13 Waypoint: (0.0448429 -0.467945 51.8086)
UAV0 to SENSOR13 Waypoint: (-2.06066 -0.499947 51.9242)
UAV0 to SENSOR13 Waypoint: (-3.34643 -0.437027 52.0615)
UAV0 to SENSOR13 Waypoint: (-3.78497 -0.311485 52.1363)
UAV0 to SENSOR13 Waypoint: (-3.50495 -0.159988 52.1079)
UAV0 to SENSOR13 Waypoint: (-2.68315 -0.0129346 52.0303)
UAV0 to SENSOR13 Waypoint: (-1.569 0.105008 51.9667)
UAV0 to SENSOR13 Waypoint: (-0.41588 0.179141 51.9627)
UAV0 to SENSOR13 Waypoint: (0.564158 0.205948 52.0077)
UAV0 to SENSOR13 Waypoint: (1.23651 0.191209 52.0643)
UAV0 to SENSOR13 Waypoint: (1.55436 0.145494 52.1048)
UAV0 to SENSOR13 Waypoint: (1.53271 0.0862861 52.1209)
UAV0 to SENSOR13 Waypoint: (1.25372 0.0240973 52.1207)
UAV0 to SENSOR13 Waypoint: (0.817321 -0.0289919 52.1175)
UAV0 to SENSOR13 Waypoint: (0.322699 -0.0662597 52.1194)
UAV0 to SENSOR13 Waypoint: (-0.1069 -0.0832103 52.1266)
UAV0 to SENSOR13 Waypoint: (-0.433024 -0.0825177 52.1352)
UAV0 to SENSOR13 Waypoint: (-0.617147 -0.0672935 52.1407)
UAV0 to SENSOR13 Waypoint: (-0.652377 -0.0443524 52.1416)
UAV0 to SENSOR13 Waypoint: (-0.569087 -0.018342 52.1389)
UAV0 to SENSOR14 Waypoint: (-0.405214 0.00533349 52.135)
UAV0 to SENSOR14 Waypoint: (-0.206173 0.0230785 52.1318)
UAV0 to SENSOR14 Waypoint: (-0.0138497 0.0330864 52.1296)
UAV0 to SENSOR14 Waypoint: (0.139929 0.0352729 52.1279)
UAV0 to SENSOR14 Waypoint: (0.236777 0.0309243 52.1261)
UAV0 to SENSOR14 Waypoint: (0.272101 0.0221851 52.1235)
UAV0 to SENSOR14 Waypoint: (0.252915 0.0115025 52.1204)
UAV0 to SENSOR14 Waypoint: (0.194043 0.0011296 52.1169)
UAV0 to SENSOR14 Waypoint: (0.11409 -0.00720659 52.1136)
UAV0 to SENSOR14 Waypoint: (0.0313547 -0.012498 52.1105)
UAV0 to SENSOR14 Waypoint: (-0.0392742 -0.0144793 52.1076)
UAV0 to SENSOR14 Waypoint: (-0.0881677 -0.013514 52.1049)
UAV0 to SENSOR14 Waypoint: (-0.111687 -0.0103141 52.102)
UAV0 to SENSOR14 Waypoint: (-0.110635 -0.00611483 52.0992)
UAV0 to SENSOR14 Waypoint: (-0.0909064 -0.00167449 52.0963)
UAV0 to SENSOR14 Waypoint: (-0.0597137 0.00213769 52.0935)
UAV0 to SENSOR14 Waypoint: (-0.024885 0.00479651 52.0908)
UAV0 to SENSOR14 Waypoint: (-0.024885 0.00479651 52.0908)
UAV0 to SENSOR14 Waypoint: (-0.024885 0.00479651 52.0908)
UAV0 to SENSOR14 Waypoint: (-0.024885 0.00479651 52.0908)
UAV0 to SENSOR14 Waypoint: (-0.024885 0.00479651 52.0908)
UAV0 to SENSOR14 Waypoint: (-0.024885 0.00479651 52.0908)
UAV0 to SENSOR14 Waypoint: (-0.024885 0.00479651 52.0908)
UAV0 to SENSOR14 Waypoint: (-0.024885 0.00479651 52.0908)
UAV0 to SENSOR14 Waypoint: (-0.024885 0.00479651 52.0908)
UAV0 to SENSOR14 Waypoint: (-0.024885 0.00479651 52.0908)
UAV0 to SENSOR14 Waypoint: (-0.024885 0.00479651 52.0908)
UAV0 to SENSOR14 Waypoint: (-0.024885 0.00479651 52.0908)
UAV0 to SENSOR14 Waypoint: (-0.024885 0.00479651 52.0908)
UAV0 to SENSOR14 Waypoint: (-0.024885 0.00479651 52.0908)
UAV0 to SENSOR15 Waypoint: (-0.024885 0.00479651 52.0908)
UAV0 to SENSOR15 Waypoint: (-0.024885 0.00479651 52.0908)
UAV0 to SENSOR15 Waypoint: (-0.024885 0.00479651 52.0908)
UAV0 to SENSOR15 Waypoint: (-0.024885 0.00479651 52.0908)
UAV0 to SENSOR15 Waypoint: (-0.024885 0.00479651 52.0908)
UAV0 to SENSOR15 Waypoint: (-0.024885 0.00479651 52.0908)
UAV0 to SENSOR15 Waypoint: (-0.024885 0.00479651 52.0908)
UAV0 to SENSOR15 Waypoint: (-0.024885 0.00479651 52.0908)
UAV0 to SENSOR15 Waypoint: (-0.024885 0.00479651 52.0908)
UAV0 to SENSOR15 Waypoint: (-0.024885 0.00479651 52.0908)
UAV0 to SENSOR15 Waypoint: (-0.024885 0.00479651 52.0908)
UAV0 to SENSOR15 Waypoint: (-0.024885 0.00479651 52.0908)
UAV0 to SENSOR15 Waypoint: (-0.024885 0.00479651 52.0908)
UAV0 to SENSOR15 Waypoint: (-0.024885 0.00479651 52.0908)
UAV0 to SENSOR15 Waypoint: (-0.024885 0.00479651 52.0908)
UAV0 to SENSOR15 Waypoint: (-0.024885 0.00479651 52.0908)
UAV0 to SENSOR15 Waypoint: (-0.024885 0.00479651 52.0908)
UAV0 to SENSOR15 Waypoint: (-0.024885 0.00479651 52.0908)
UAV0 to SENSOR15 Waypoint: (-0.024885 0.00479651 52.0908)
UAV0 to SENSOR15 Waypoint: (-0.024885 0.00479651 52.0908)
UAV0 to SENSOR15 Waypoint: (-0.024885 0.00479651 52.0908)
UAV0 to SENSOR15 Waypoint: (-0.024885 0.00479651 52.0908)
UAV0 to SENSOR15 Waypoint: (-0.024885 0.00479651 52.0908)
UAV0 to SENSOR15 Waypoint: (-0.024885 0.00479651 52.0908)
UAV0 to SENSOR15 Waypoint: (-0.024885 0.00479651 52.0908)
UAV0 to SENSOR15 Waypoint: (-0.024885 0.00479651 52.0908)
UAV0 to SENSOR15 Waypoint: (-0.024885 0.00479651 52.0908)
UAV0 to SENSOR15 Waypoint: (-0.024885 0.00479651 52.0908)
UAV0 to SENSOR15 Waypoint: (-0.024885 0.00479651 52.0908)
UAV0 to SENSOR15 Waypoint: (-0.024885 0.00479651 52.0908)
UAV0 to SENSOR15 Waypoint: (-0.024885 0.00479651 52.0908)
UAV0 to SENSOR15 Waypoint: (-0.024885 0.00479651 52.0908)
UAV0 to SENSOR15 Waypoint: (-0.024885 0.00479651 52.0908)
UAV0 to SENSOR15 Waypoint: (-0.024885 0.00479651 52.0908)
UAV0 to SENSOR15 Waypoint: (-0.024885 0.00479651 52.0908)
UAV0 to SENSOR15 Waypoint: (-0.024885 0.00479651 52.0908)
UAV0 to SENSOR15 Waypoint: (-0.024885 0.00479651 52.0908)
UAV0 to SENSOR15 Waypoint: (-0.024885 0.00479651 52.0908)
UAV0 to SENSOR15 Waypoint: (-0.024885 0.00479651 52.0908)
UAV0 to SENSOR15 Waypoint: (-0.024885 0.00479651 52.0908)
UAV0 to SENSOR15 Waypoint: (-0.024885 0.00479651 52.0908)
UAV0 to SENSOR15 Waypoint: (-0.024885 0.00479651 52.0908)
UAV0 to SENSOR15 Waypoint: (-0.024885 0.00479651 52.0908)
UAV0 to SENSOR15 Waypoint: (-0.024885 0.00479651 52.0908)
UAV0 to SENSOR15 Waypoint: (-0.024885 0.00479651 52.0908)
UAV0 to SENSOR15 Waypoint: (-0.024885 0.00479651 52.0908)
UAV0 to SENSOR15 Waypoint: (-0.024885 0.00479651 52.0908)
UAV0 to SENSOR15 Waypoint: (-0.024885 0.00479651 52.0908)
UAV0 to SENSOR15 Waypoint: (-0.024885 0.00479651 52.0908)
UAV0 to SENSOR15 Waypoint: (-0.024885 0.00479651 52.0908)
UAV0 to SENSOR15 Waypoint: (-0.024885 0.00479651 52.0908)
UAV0 to SENSOR15 Waypoint: (-0.024885 0.00479651 52.0908)
UAV0 to SENSOR15 Waypoint: (-0.024885 0.00479651 52.0908)
UAV0 to SENSOR15 Waypoint: (-0.024885 0.00479651 52.0908)
UAV0 to SENSOR15 Waypoint: (-0.024885 0.00479651 52.0908)
UAV0 to SENSOR15 Waypoint: (-0.024885 0.00479651 52.0908)
UAV0 to SENSOR15 Waypoint: (-0.024885 0.00479651 52.0908)
UAV0 to SENSOR15 Waypoint: (-0.024885 0.00479651 52.0908)
UAV0 to SENSOR15 Waypoint: (-0.024885 0.00479651 52.0908)
UAV0 to SENSOR15 Waypoint: (-0.024885 0.00479651 52.0908)
UAV0 to SENSOR15 Waypoint: (-0.024885 0.00479651 52.0908)
UAV0 to SENSOR15 Waypoint: (-0.024885 0.00479651 52.0908)
UAV0 to SENSOR15 Waypoint: (-0.024885 0.00479651 52.0908)
UAV0 to SENSOR15 Waypoint: (-0.024885 0.00479651 52.0908)
UAV0 to SENSOR15 Waypoint: (-0.024885 0.00479651 52.0908)
UAV0 to SENSOR15 Waypoint: (-0.024885 0.00479651 52.0908)
UAV0 to SENSOR15 Waypoint: (-0.024885 0.00479651 52.0908)
UAV0 to SENSOR15 Waypoint: (-0.024885 0.00479651 52.0908)
UAV0 to SENSOR15 Waypoint: (-0.024885 0.00479651 52.0908)
UAV0 to SENSOR15 Waypoint: (-0.024885 0.00479651 52.0908)
UAV0 to SENSOR15 Waypoint: (-0.024885 0.00479651 52.0908)
UAV0 to SENSOR15 Waypoint: (-0.024885 0.00479651 52.0908)
UAV0 to SENSOR15 Waypoint: (-0.024885 0.00479651 52.0908)
UAV0 to SENSOR15 Waypoint: (-0.024885 0.00479651 52.0908)
UAV0 to SENSOR15 Waypoint: (-0.024885 0.00479651 52.0908)
UAV0 to SENSOR15 Waypoint: (-0.024885 0.00479651 52.0908)
UAV0 to SENSOR15 Waypoint: (-0.024885 0.00479651 52.0908)
UAV0 to SENSOR15 Waypoint: (-0.024885 0.00479651 52.0908)
UAV0 to SENSOR15 Waypoint: (-0.024885 0.00479651 52.0908)
UAV0 to SENSOR15 Waypoint: (-0.024885 0.00479651 52.0908)
UAV0 to SENSOR15 Waypoint: (-0.024885 0.00479651 52.0908)
UAV0 to SENSOR15 Waypoint: (-0.024885 0.00479651 52.0908)
UAV0 to SENSOR15 Waypoint: (-0.024885 0.00479651 52.0908)
UAV0 to SENSOR15 Waypoint: (-0.024885 0.00479651 52.0908)
UAV0 to SENSOR15 Waypoint: (-0.024885 0.00479651 52.0908)
UAV0 to SENSOR15 Waypoint: (-0.024885 0.00479651 52.0908)
UAV0 to SENSOR15 Waypoint: (-0.024885 0.00479651 52.0908)
UAV0 to SENSOR15 Waypoint: (-0.024885 0.00479651 52.0908)
UAV0 to SENSOR15 Waypoint: (-0.024885 0.00479651 52.0908)
UAV0 to SENSOR15 Waypoint: (-0.024885 0.00479651 52.0908)
UAV0 to SENSOR15 Waypoint: (-0.024885 0.00479651 52.0908)
UAV0 to SENSOR15 Waypoint: (-0.024885 0.00479651 52.0908)
UAV0 to SENSOR15 Waypoint: (-0.024885 0.00479651 52.0908)
UAV0 to SENSOR15 Waypoint: (-0.024885 0.00479651 52.0908)
UAV0 to SENSOR15 Waypoint: (-0.024885 0.00479651 52.0908)
UAV0 to SENSOR15 Waypoint: (-0.024885 0.00479651 52.0908)
UAV0 to SENSOR15 Waypoint: (-0.024885 0.00479651 52.0908)
UAV0 to SENSOR15 Waypoint: (-0.024885 0.00479651 52.0908)
UAV0 to SENSOR15 Waypoint: (-0.024885 0.00479651 52.0908)
UAV0 to SENSOR15 Waypoint: (-0.024885 0.00479651 52.0908)
UAV0 to SENSOR15 Waypoint: (-0.024885 0.00479651 52.0908)
UAV0 to SENSOR15 Waypoint: (-0.024885 0.00479651 52.0908)
UAV0 to SENSOR15 Waypoint: (-0.024885 0.00479651 52.0908)
UAV0 to SENSOR15 Waypoint: (-0.024885 0.00479651 52.0908)
UAV0 to SENSOR15 Waypoint: (-0.024885 0.00479651 52.0908)
UAV0 to SENSOR15 Waypoint: (-0.024885 0.00479651 52.0908)
UAV0 to SENSOR15 Waypoint: (-0.024885 0.00479651 52.0908)
UAV0 to SENSOR15 Waypoint: (-0.024885 0.00479651 52.0908)
UAV0 to SENSOR15 Waypoint: (-0.024885 0.00479651 52.0908)
UAV0 to SENSOR15 Waypoint: (-0.024885 0.00479651 52.0908)
UAV0 to SENSOR15 Waypoint: (-0.024885 0.00479651 52.0908)
UAV0 to SENSOR15 Waypoint: (-0.024885 0.00479651 52.0908)
UAV0 to SENSOR15 Waypoint: (-0.024885 0.00479651 52.0908)
UAV0 to SENSOR15 Waypoint: (-0.024885 0.00479651 52.0908)
UAV0 to SENSOR15 Waypoint: (-0.024885 0.00479651 52.0908)
UAV0 to SENSOR15 Waypoint: (-0.024885 0.00479651 52.0908)
UAV0 to SENSOR15 Waypoint: (-0.024885 0.00479651 52.0908)
UAV0 to SENSOR15 Waypoint: (-0.024885 0.00479651 52.0908)
UAV0 to SENSOR15 Waypoint: (-0.024885 0.00479651 52.0908)
UAV0 to SENSOR15 Waypoint: (-0.024885 0.00479651 52.0908)
UAV0 to SENSOR15 Waypoint: (-0.024885 0.00479651 52.0908)
UAV0 to SENSOR15 Waypoint: (-0.024885 0.00479651 52.0908)
UAV0 to SENSOR15 Waypoint: (-0.024885 0.00479651 52.0908)
UAV0 to SENSOR15 Waypoint: (-0.024885 0.00479651 52.0908)
UAV0 to SENSOR15 Waypoint: (-0.024885 0.00479651 52.0908)
UAV0 to SENSOR15 Waypoint: (-0.024885 0.00479651 52.0908)
UAV0 to SENSOR15 Waypoint: (-0.024885 0.00479651 52.0908)
UAV0 to SENSOR15 Waypoint: (-0.024885 0.00479651 52.0908)
UAV0 to SENSOR15 Waypoint: (-0.024885 0.00479651 52.0908)
UAV0 to SENSOR15 Waypoint: (-0.024885 0.00479651 52.0908)
UAV0 to SENSOR15 Waypoint: (-0.024885 0.00479651 52.0908)
UAV0 to SENSOR15 Waypoint: (-0.024885 0.00479651 52.0908)
UAV0 to SENSOR15 Waypoint: (-0.024885 0.00479651 52.0908)
UAV0 to SENSOR15 Waypoint: (-0.024885 0.00479651 52.0908)
UAV0 to SENSOR15 Waypoint: (-0.024885 0.00479651 52.0908)
UAV0 to SENSOR15 Waypoint: (-0.024885 0.00479651 52.0908)
UAV0 to SENSOR15 Waypoint: (-0.024885 0.00479651 52.0908)
UAV0 to SENSOR15 Waypoint: (-0.024885 0.00479651 52.0908)
UAV0 to SENSOR15 Waypoint: (-0.024885 0.00479651 52.0908)
UAV0 to SENSOR15 Waypoint: (-0.024885 0.00479651 52.0908)
UAV0 to SENSOR15 Waypoint: (-0.024885 0.00479651 52.0908)
UAV0 to SENSOR15 Waypoint: (-0.024885 0.00479651 52.0908)
UAV0 to SENSOR15 Waypoint: (-0.024885 0.00479651 52.0908)
UAV0 to SENSOR15 Waypoint: (-0.024885 0.00479651 52.0908)
UAV0 to SENSOR15 Waypoint: (-0.024885 0.00479651 52.0908)
UAV0 to SENSOR15 Waypoint: (-0.024885 0.00479651 52.0908)
UAV0 to SENSOR15 Waypoint: (-0.024885 0.00479651 52.0908)
UAV0 to SENSOR15 Waypoint: (-0.024885 0.00479651 52.0908)
UAV0 to SENSOR15 Waypoint: (-0.024885 0.00479651 52.0908)
UAV0 to SENSOR15 Waypoint: (-0.024885 0.00479651 52.0908)
UAV0 to SENSOR15 Waypoint: (-0.024885 0.00479651 52.0908)
UAV0 to SENSOR15 Waypoint: (-0.024885 0.00479651 52.0908)
UAV0 to SENSOR15 Waypoint: (-0.024885 0.00479651 52.0908)
UAV0 to SENSOR15 Waypoint: (-0.024885 0.00479651 52.0908)
UAV0 to SENSOR15 Waypoint: (-0.024885 0.00479651 52.0908)
UAV0 to SENSOR15 Waypoint: (-0.024885 0.00479651 52.0908)
UAV0 to SENSOR15 Waypoint: (-0.024885 0.00479651 52.0908)
UAV0 to SENSOR15 Waypoint: (-0.024885 0.00479651 52.0908)
UAV0 to SENSOR15 Waypoint: (-0.024885 0.00479651 52.0908)
UAV0 to SENSOR15 Waypoint: (-0.024885 0.00479651 52.0908)
UAV0 to SENSOR15 Waypoint: (-0.024885 0.00479651 52.0908)
UAV0 to SENSOR15 Waypoint: (-0.024885 0.00479651 52.0908)
UAV0 to SENSOR15 Waypoint: (-0.024885 0.00479651 52.0908)
UAV0 to SENSOR15 Waypoint: (-0.024885 0.00479651 52.0908)
UAV0 to SENSOR15 Waypoint: (-0.024885 0.00479651 52.0908)
UAV0 to SENSOR15 Waypoint: (-0.024885 0.00479651 52.0908)
UAV0 to SENSOR15 Waypoint: (-0.024885 0.00479651 52.0908)
UAV0 to SENSOR15 Waypoint: (-0.024885 0.00479651 52.0908)
UAV0 to SENSOR15 Waypoint: (-0.024885 0.00479651 52.0908)
UAV0 to SENSOR15 Waypoint: (-0.024885 0.00479651 52.0908)
UAV0 to SENSOR15 Waypoint: (-0.024885 0.00479651 52.0908)
UAV0 to SENSOR15 Waypoint: (-0.024885 0.00479651 52.0908)
UAV0 to SENSOR15 Waypoint: (-0.024885 0.00479651 52.0908)
UAV0 to SENSOR15 Waypoint: (-0.024885 0.00479651 52.0908)
UAV0 to SENSOR15 Waypoint: (-0.024885 0.00479651 52.0908)
UAV0 to SENSOR15 Waypoint: (-0.024885 0.00479651 52.0908)
UAV0 to SENSOR15 Waypoint: (-0.024885 0.00479651 52.0908)
UAV0 to SENSOR15 Waypoint: (-0.024885 0.00479651 52.0908)
UAV0 to SENSOR15 Waypoint: (-0.024885 0.00479651 52.0908)
UAV0 to SENSOR15 Waypoint: (-0.024885 0.00479651 52.0908)
UAV0 to SENSOR15 Waypoint: (-0.024885 0.00479651 52.0908)
UAV0 to SENSOR15 Waypoint: (-0.024885 0.00479651 52.0908)
UAV0 to SENSOR15 Waypoint: (-0.024885 0.00479651 52.0908)
UAV0 to SENSOR15 Waypoint: (-0.024885 0.00479651 52.0908)
UAV0 to SENSOR15 Waypoint: (-0.024885 0.00479651 52.0908)
UAV0 to SENSOR15 Waypoint: (-0.024885 0.00479651 52.0908)
UAV0 to SENSOR15 Waypoint: (-0.024885 0.00479651 52.0908)
UAV0 to SENSOR15 Waypoint: (-0.024885 0.00479651 52.0908)
UAV0 to SENSOR15 Waypoint: (-0.024885 0.00479651 52.0908)
UAV0 to SENSOR15 Waypoint: (-0.024885 0.00479651 52.0908)
UAV0 to SENSOR15 Waypoint: (-0.024885 0.00479651 52.0908)
UAV0 to SENSOR15 Waypoint: (-0.024885 0.00479651 52.0908)
UAV0 to SENSOR15 Waypoint: (-0.024885 0.00479651 52.0908)
UAV0 to SENSOR15 Waypoint: (-0.024885 0.00479651 52.0908)
UAV0 to SENSOR15 Waypoint: (-0.024885 0.00479651 52.0908)
UAV0 to SENSOR15 Waypoint: (-0.024885 0.00479651 52.0908)
UAV0 to SENSOR15 Waypoint: (-0.024885 0.00479651 52.0908)
UAV0 to SENSOR15 Waypoint: (-0.024885 0.00479651 52.0908)
UAV0 to SENSOR15 Waypoint: (-0.024885 0.00479651 52.0908)
UAV0 to SENSOR15 Waypoint: (-0.024885 0.00479651 52.0908)
UAV0 to SENSOR15 Waypoint: (-0.024885 0.00479651 52.0908)
UAV0 to SENSOR15 Waypoint: (-0.024885 0.00479651 52.0908)
UAV0 to SENSOR15 Waypoint: (-0.024885 0.00479651 52.0908)
UAV0 to SENSOR15 Waypoint: (-0.024885 0.00479651 52.0908)
UAV0 to SENSOR15 Waypoint: (-0.024885 0.00479651 52.0908)
UAV0 to SENSOR15 Waypoint: (-0.024885 0.00479651 52.0908)
UAV0 to SENSOR15 Waypoint: (-0.024885 0.00479651 52.0908)
UAV0 to SENSOR15 Waypoint: (-0.024885 0.00479651 52.0908)
UAV0 to SENSOR15 Waypoint: (-0.024885 0.00479651 52.0908)
UAV0 to SENSOR15 Waypoint: (-0.024885 0.00479651 52.0908)
UAV0 to SENSOR15 Waypoint: (-0.024885 0.00479651 52.0908)
UAV0 to SENSOR15 Waypoint: (-0.024885 0.00479651 52.0908)
UAV0 to SENSOR15 Waypoint: (-0.024885 0.00479651 52.0908)
UAV0 to SENSOR15 Waypoint: (-0.024885 0.00479651 52.0908)
UAV0 to SENSOR15 Waypoint: (-0.024885 0.00479651 52.0908)
UAV0 to SENSOR15 Waypoint: (-0.024885 0.00479651 52.0908)
UAV0 to SENSOR15 Waypoint: (-0.024885 0.00479651 52.0908)
UAV0 to SENSOR15 Waypoint: (-0.024885 0.00479651 52.0908)
UAV0 to SENSOR15 Waypoint: (-0.024885 0.00479651 52.0908)
UAV0 to SENSOR15 Waypoint: (-0.024885 0.00479651 52.0908)
UAV0 to SENSOR15 Waypoint: (-0.024885 0.00479651 52.0908)
UAV0 to SENSOR15 Waypoint: (-0.024885 0.00479651 52.0908)
UAV0 to SENSOR15 Waypoint: (-0.024885 0.00479651 52.0908)
UAV0 to SENSOR15 Waypoint: (-0.024885 0.00479651 52.0908)
UAV0 to SENSOR15 Waypoint: (-0.024885 0.00479651 52.0908)
UAV0 to SENSOR15 Waypoint: (-0.024885 0.00479651 52.0908)
UAV0 to SENSOR15 Waypoint: (-0.024885 0.00479651 52.0908)
UAV0 to SENSOR15 Waypoint: (-0.024885 0.00479651 52.0908)
UAV0 to SENSOR15 Waypoint: (-0.024885 0.00479651 52.0908)
UAV0 to SENSOR15 Waypoint: (-0.024885 0.00479651 52.0908)
UAV0 to SENSOR15 Waypoint: (-0.024885 0.00479651 52.0908)
UAV0 to SENSOR15 Waypoint: (-0.024885 0.00479651 52.0908)
UAV0 to SENSOR15 Waypoint: (-0.024885 0.00479651 52.0908)
UAV0 to SENSOR15 Waypoint: (-0.024885 0.00479651 52.0908)
UAV0 to SENSOR15 Waypoint: (-0.024885 0.00479651 52.0908)
UAV0 to SENSOR15 Waypoint: (-0.024885 0.00479651 52.0908)
UAV0 to SENSOR15 Waypoint: (-0.024885 0.00479651 52.0908)
UAV0 to SENSOR15 Waypoint: (-0.024885 0.00479651 52.0908)
UAV0 to SENSOR15 Waypoint: (-0.024885 0.00479651 52.0908)
UAV0 to SENSOR15 Waypoint: (-0.024885 0.00479651 52.0908)
UAV0 to SENSOR15 Waypoint: (-0.024885 0.00479651 52.0908)
UAV0 to SENSOR15 Waypoint: (-0.024885 0.00479651 52.0908)
UAV0 to SENSOR15 Waypoint: (-0.024885 0.00479651 52.0908)
UAV0 to SENSOR15 Waypoint: (-0.024885 0.00479651 52.0908)
UAV0 to SENSOR15 Waypoint: (-0.024885 0.00479651 52.0908)
UAV0 to SENSOR15 Waypoint: (-0.024885 0.00479651 52.0908)
UAV0 to SENSOR15 Waypoint: (-0.024885 0.00479651 52.0908)
UAV0 to SENSOR15 Waypoint: (-0.024885 0.00479651 52.0908)
UAV0 to SENSOR15 Waypoint: (-0.024885 0.00479651 52.0908)
UAV0 to SENSOR15 Waypoint: (-0.024885 0.00479651 52.0908)
UAV0 to SENSOR15 Waypoint: (-0.024885 0.00479651 52.0908)
UAV0 to SENSOR15 Waypoint: (-0.024885 0.00479651 52.0908)
UAV0 to SENSOR15 Waypoint: (-0.024885 0.00479651 52.0908)
UAV0 to SENSOR15 Waypoint: (-0.024885 0.00479651 52.0908)
UAV0 to SENSOR15 Waypoint: (-0.024885 0.00479651 52.0908)
UAV0 to SENSOR15 Waypoint: (-0.024885 0.00479651 52.0908)
UAV0 to SENSOR15 Waypoint: (-0.024885 0.00479651 52.0908)
UAV0 to SENSOR15 Waypoint: (-0.024885 0.00479651 52.0908)
UAV0 to SENSOR15 Waypoint: (-0.024885 0.00479651 52.0908)
UAV0 to SENSOR15 Waypoint: (-0.024885 0.00479651 52.0908)
UAV0 to SENSOR15 Waypoint: (-0.024885 0.00479651 52.0908)
UAV0 to SENSOR15 Waypoint: (-0.024885 0.00479651 52.0908)
UAV0 to SENSOR15 Waypoint: (-0.024885 0.00479651 52.0908)
UAV0 to SENSOR15 Waypoint: (-0.024885 0.00479651 52.0908)
UAV0 to SENSOR15 Waypoint: (-0.024885 0.00479651 52.0908)
UAV0 to SENSOR15 Waypoint: (-0.024885 0.00479651 52.0908)
UAV0 to SENSOR15 Waypoint: (-0.024885 0.00479651 52.0908)
UAV0 to SENSOR15 Waypoint: (-0.024885 0.00479651 52.0908)
UAV0 to SENSOR15 Waypoint: (-0.024885 0.00479651 52.0908)
UAV0 to SENSOR15 Waypoint: (-0.024885 0.00479651 52.0908)
UAV0 to SENSOR15 Waypoint: (-0.024885 0.00479651 52.0908)
UAV0 to SENSOR15 Waypoint: (-0.024885 0.00479651 52.0908)
UAV0 to SENSOR15 Waypoint: (-0.024885 0.00479651 52.0908)
UAV0 to SENSOR15 Waypoint: (-0.024885 0.00479651 52.0908)
UAV0 to SENSOR15 Waypoint: (-0.024885 0.00479651 52.0908)
UAV0 to SENSOR15 Waypoint: (-0.024885 0.00479651 52.0908)
UAV0 to SENSOR15 Waypoint: (-0.024885 0.00479651 52.0908)
