UAV2 to SENSOR0 Waypoint: (0 0 0)
UAV2 to SENSOR0 Waypoint: (0 0 0)
UAV2 to SENSOR0 Waypoint: (2.01109 3.02193 9.58972)
UAV2 to SENSOR0 Waypoint: (2.0219 3.04372 17.7869)
UAV2 to SENSOR0 Waypoint: (2.03147 3.06313 21.8794)
UAV2 to SENSOR0 Waypoint: (2.03995 3.08046 22.5331)
UAV2 to SENSOR0 Waypoint: (2.04659 3.09416 20.7266)
UAV2 to SENSOR0 Waypoint: (2.05035 3.10211 17.2996)
UAV2 to SENSOR0 Waypoint: (2.05045 3.10266 12.8921)
UAV2 to SENSOR0 Waypoint: (2.04638 3.09474 8.19652)
UAV2 to SENSOR0 Waypoint: (2.03797 3.07792 3.5363)
UAV2 to SENSOR0 Waypoint: (2.02681 3.05534 0.0346826)
UAV2 to SENSOR0 Waypoint: (2.07103 3.14441 0.497195)
UAV2 to SENSOR0 Waypoint: (2.10506 3.21276 1.28835)
UAV2 to SENSOR0 Waypoint: (2.11476 3.23206 2.17674)
UAV2 to SENSOR0 Waypoint: (2.10416 3.21039 2.96171)
UAV2 to SENSOR0 Waypoint: (2.08026 3.16197 3.50858)
UAV2 to SENSOR0 Waypoint: (2.05016 3.10115 3.7628)
UAV2 to SENSOR0 Waypoint: (2.02002 3.04035 3.73934)
UAV2 to SENSOR0 Waypoint: (1.97711 2.95397 3.2753)
UAV2 to SENSOR0 Waypoint: (1.97711 2.95397 3.2753)
UAV2 to SENSOR0 Waypoint: (1.96903 2.93781 3.01653)
UAV2 to SENSOR0 Waypoint: (1.96999 2.93986 2.83145)
UAV2 to SENSOR0 Waypoint: (1.97805 2.9562 2.7571)
UAV2 to SENSOR0 Waypoint: (1.9903 2.98096 2.78609)
UAV2 to SENSOR0 Waypoint: (2.00362 3.00783 2.88105)
UAV2 to SENSOR0 Waypoint: (2.0154 3.03156 3.00848)
UAV2 to SENSOR0 Waypoint: (2.02389 3.04864 3.14523)
UAV2 to SENSOR0 Waypoint: (2.02831 3.0575 3.2706)
UAV2 to SENSOR0 Waypoint: (2.02877 3.05839 3.36998)
UAV2 to SENSOR0 Waypoint: (2.02604 3.05285 3.4369)
UAV2 to SENSOR0 Waypoint: (2.02126 3.04318 3.47291)
UAV2 to SENSOR0 Waypoint: (2.01567 3.0319 3.49375)
UAV2 to SENSOR0 Waypoint: (2.0104 3.02129 3.51382)
UAV2 to SENSOR0 Waypoint: (2.0063 3.01304 3.53826)
UAV2 to SENSOR0 Waypoint: (2.00384 3.0081 3.56766)
UAV2 to SENSOR0 Waypoint: (2.0031 3.00663 3.60004)
UAV2 to SENSOR0 Waypoint: (2.00385 3.00815 3.63608)
UAV2 to SENSOR0 Waypoint: (2.00564 3.01177 3.67376)
UAV2 to SENSOR0 Waypoint: (2.00794 3.01641 3.71076)
UAV2 to SENSOR0 Waypoint: (2.01025 3.02107 3.74749)
UAV2 to SENSOR0 Waypoint: (2.01216 3.02492 3.78358)
UAV2 to SENSOR0 Waypoint: (2.01343 3.02748 3.81796)
UAV2 to SENSOR0 Waypoint: (2.01397 3.02856 3.85362)
UAV2 to SENSOR0 Waypoint: (2.01384 3.02827 3.88679)
UAV2 to SENSOR0 Waypoint: (2.01321 3.027 3.91904)
UAV2 to SENSOR0 Waypoint: (2.01228 3.02514 3.95039)
UAV2 to SENSOR0 Waypoint: (2.01129 3.02313 3.98086)
UAV2 to SENSOR0 Waypoint: (2.01041 3.02137 4.01046)
UAV2 to SENSOR0 Waypoint: (2.00978 3.0201 4.03921)
UAV2 to SENSOR0 Waypoint: (2.00946 3.01944 4.06713)
UAV2 to SENSOR0 Waypoint: (2.00942 3.01938 4.09424)
UAV2 to SENSOR0 Waypoint: (2.00963 3.0198 4.12057)
UAV2 to SENSOR0 Waypoint: (2.00999 3.02053 4.14613)
UAV2 to SENSOR0 Waypoint: (2.01041 3.02138 4.17095)
UAV2 to SENSOR0 Waypoint: (2.01081 3.02219 4.19445)
UAV2 to SENSOR0 Waypoint: (2.01111 3.02278 4.21877)
UAV2 to SENSOR0 Waypoint: (2.01129 3.02315 4.24081)
UAV2 to SENSOR0 Waypoint: (2.01134 3.02325 4.26363)
UAV2 to SENSOR0 Waypoint: (2.01128 3.02313 4.28488)
UAV2 to SENSOR0 Waypoint: (2.01115 3.02285 4.30556)
UAV2 to SENSOR0 Waypoint: (2.01097 3.0225 4.3257)
UAV2 to SENSOR0 Waypoint: (2.0108 3.02215 4.34529)
UAV2 to SENSOR0 Waypoint: (2.01066 3.02187 4.36444)
UAV2 to SENSOR0 Waypoint: (2.01056 3.02168 4.38288)
UAV2 to SENSOR0 Waypoint: (2.01053 3.0216 4.40072)
UAV2 to SENSOR0 Waypoint: (2.01054 3.02163 4.41806)
UAV2 to SENSOR0 Waypoint: (2.01059 3.02172 4.43492)
UAV2 to SENSOR0 Waypoint: (2.01066 3.02187 4.45132)
UAV2 to SENSOR0 Waypoint: (2.01073 3.02202 4.46726)
UAV2 to SENSOR0 Waypoint: (2.0108 3.02215 4.48275)
UAV2 to SENSOR0 Waypoint: (2.01084 3.02224 4.49743)
UAV2 to SENSOR0 Waypoint: (2.01087 3.02229 4.51226)
UAV2 to SENSOR0 Waypoint: (2.01087 3.02229 4.52694)
UAV2 to SENSOR0 Waypoint: (2.01085 3.02226 4.54057)
UAV2 to SENSOR0 Waypoint: (2.01082 3.0222 4.55387)
UAV2 to SENSOR0 Waypoint: (2.01079 3.02214 4.56682)
UAV2 to SENSOR0 Waypoint: (2.01076 3.02208 4.57942)
UAV2 to SENSOR0 Waypoint: (2.01074 3.02203 4.59166)
UAV2 to SENSOR0 Waypoint: (2.01073 3.02201 4.60355)
UAV2 to SENSOR0 Waypoint: (2.01072 3.022 4.6151)
UAV2 to SENSOR0 Waypoint: (2.01073 3.02201 4.62604)
UAV2 to SENSOR0 Waypoint: (2.01074 3.02203 4.63736)
UAV2 to SENSOR0 Waypoint: (2.01075 3.02206 4.64786)
UAV2 to SENSOR0 Waypoint: (2.01077 3.02208 4.65783)
UAV2 to SENSOR0 Waypoint: (2.01078 3.02211 4.66816)
UAV2 to SENSOR0 Waypoint: (2.01078 3.02212 4.67776)
UAV2 to SENSOR0 Waypoint: (2.01079 3.02213 4.68711)
UAV2 to SENSOR0 Waypoint: (2.01079 3.02212 4.6962)
UAV2 to SENSOR0 Waypoint: (2.01078 3.02212 4.70505)
UAV2 to SENSOR0 Waypoint: (2.01078 3.02211 4.71364)
UAV2 to SENSOR0 Waypoint: (2.01077 3.02209 4.72199)
UAV2 to SENSOR0 Waypoint: (2.01077 3.02208 4.72989)
UAV2 to SENSOR0 Waypoint: (2.01076 3.02208 4.73807)
UAV2 to SENSOR0 Waypoint: (2.01076 3.02207 4.74566)
UAV2 to SENSOR0 Waypoint: (2.01076 3.02207 4.75304)
UAV2 to SENSOR0 Waypoint: (2.01076 3.02208 4.76022)
UAV2 to SENSOR0 Waypoint: (2.01076 3.02208 4.76721)
UAV2 to SENSOR0 Waypoint: (2.01077 3.02208 4.77382)
UAV2 to SENSOR0 Waypoint: (2.01077 3.02209 4.7805)
UAV2 to SENSOR0 Waypoint: (2.01077 3.02209 4.78609)
UAV2 to SENSOR0 Waypoint: (2.01077 3.0221 4.79198)
UAV2 to SENSOR0 Waypoint: (2.01077 3.0221 4.79828)
UAV2 to SENSOR0 Waypoint: (2.01077 3.02209 4.80461)
UAV2 to SENSOR0 Waypoint: (2.01077 3.02209 4.81047)
UAV2 to SENSOR0 Waypoint: (2.01077 3.02209 4.81613)
UAV2 to SENSOR0 Waypoint: (2.01077 3.02209 4.82159)
UAV2 to SENSOR0 Waypoint: (2.01077 3.02209 4.82686)
UAV2 to SENSOR0 Waypoint: (2.01077 3.02209 4.83195)
UAV2 to SENSOR0 Waypoint: (2.01077 3.02209 4.83687)
UAV2 to SENSOR0 Waypoint: (2.01077 3.02209 4.84164)
UAV2 to SENSOR0 Waypoint: (2.01077 3.02209 4.84615)
UAV2 to SENSOR0 Waypoint: (2.01077 3.02209 4.85082)
UAV2 to SENSOR0 Waypoint: (2.01077 3.02209 4.85637)
UAV2 to SENSOR0 Waypoint: (2.01077 3.02209 4.8607)
UAV2 to SENSOR0 Waypoint: (2.01077 3.02209 4.86452)
UAV2 to SENSOR0 Waypoint: (2.01077 3.02209 4.86816)
UAV2 to SENSOR0 Waypoint: (2.01077 3.02209 4.87172)
UAV2 to SENSOR0 Waypoint: (2.01077 3.02209 4.87526)
UAV2 to SENSOR0 Waypoint: (2.01077 3.02209 4.87876)
UAV2 to SENSOR0 Waypoint: (2.01077 3.02209 4.8822)
UAV2 to SENSOR0 Waypoint: (2.01077 3.02209 4.88558)
UAV2 to SENSOR0 Waypoint: (2.01077 3.02209 4.88889)
UAV2 to SENSOR0 Waypoint: (2.01077 3.02209 4.89211)
UAV2 to SENSOR0 Waypoint: (2.01077 3.02209 4.89525)
UAV2 to SENSOR0 Waypoint: (2.01077 3.02209 4.8983)
UAV2 to SENSOR0 Waypoint: (2.01077 3.02209 4.90126)
UAV2 to SENSOR0 Waypoint: (2.01075 3.0221 4.90273)
UAV2 to SENSOR0 Waypoint: (2.33929 3.34561 5.61139)
UAV2 to SENSOR0 Waypoint: (3.84761 4.80802 8.04381)
UAV2 to SENSOR0 Waypoint: (6.15823 7.14696 11.6567)
UAV2 to SENSOR0 Waypoint: (8.92789 9.93616 16.0913)
UAV2 to SENSOR0 Waypoint: (11.9544 12.5961 21.1969)
UAV2 to SENSOR0 Waypoint: (15.0719 14.459 26.8516)
UAV2 to SENSOR0 Waypoint: (17.8887 15.2278 32.9179)
UAV2 to SENSOR0 Waypoint: (19.8019 14.9832 39.2747)
UAV2 to SENSOR0 Waypoint: (20.54 14.0617 45.7756)
UAV2 to SENSOR0 Waypoint: (20.2801 12.8334 52.3454)
UAV2 to SENSOR0 Waypoint: (19.2818 11.6898 58.9738)
UAV2 to SENSOR0 Waypoint: (17.9629 10.8886 65.6802)
UAV2 to SENSOR0 Waypoint: (16.7212 10.5477 72.469)
UAV2 to SENSOR0 Waypoint: (15.8398 10.6384 79.3191)
UAV2 to SENSOR0 Waypoint: (15.4451 11.0383 86.0632)
UAV2 to SENSOR0 Waypoint: (15.5176 11.5771 93.0989)
UAV2 to SENSOR0 Waypoint: (15.9134 12.0894 99.7915)
UAV2 to SENSOR0 Waypoint: (16.42 12.4819 105.34)
UAV2 to SENSOR0 Waypoint: (16.8963 12.7711 108.71)
UAV2 to SENSOR0 Waypoint: (17.3017 12.9721 109.782)
UAV2 to SENSOR0 Waypoint: (17.6226 13.0844 108.948)
UAV2 to SENSOR0 Waypoint: (17.8395 13.0939 106.848)
UAV2 to SENSOR0 Waypoint: (17.9315 12.9913 103.887)
UAV2 to SENSOR0 Waypoint: (17.8847 12.7808 100.777)
UAV2 to SENSOR0 Waypoint: (17.705 12.4886 98.0333)
UAV2 to SENSOR0 Waypoint: (17.4291 12.167 95.9211)
UAV2 to SENSOR0 Waypoint: (17.2197 11.9451 95.1854)
UAV2 to SENSOR0 Waypoint: (17.2053 11.8946 95.732)
UAV2 to SENSOR0 Waypoint: (17.1508 11.8763 96.721)
UAV2 to SENSOR0 Waypoint: (17.0088 11.9142 98.7249)
UAV2 to SENSOR0 Waypoint: (17.0088 11.9142 98.7249)
UAV2 to SENSOR0 Waypoint: (16.9509 11.95 99.2813)
UAV2 to SENSOR0 Waypoint: (16.9122 11.9861 99.4216)
UAV2 to SENSOR0 Waypoint: (16.8941 12.0171 99.1803)
UAV2 to SENSOR0 Waypoint: (16.8962 12.0392 98.7242)
UAV2 to SENSOR0 Waypoint: (16.9144 12.0504 98.1429)
UAV2 to SENSOR0 Waypoint: (16.9432 12.0509 97.5895)
UAV2 to SENSOR0 Waypoint: (16.9759 12.0423 97.1493)
UAV2 to SENSOR0 Waypoint: (17.0064 12.0276 96.8786)
UAV2 to SENSOR0 Waypoint: (17.0284 12.0116 96.7892)
UAV2 to SENSOR0 Waypoint: (17.0408 11.9966 96.8525)
UAV2 to SENSOR0 Waypoint: (17.0433 11.9854 96.9644)
UAV2 to SENSOR0 Waypoint: (17.0376 11.9792 97.0772)
UAV2 to SENSOR0 Waypoint: (17.0266 11.9778 97.1538)
UAV2 to SENSOR0 Waypoint: (17.0133 11.9806 97.1727)
UAV2 to SENSOR0 Waypoint: (17.0004 11.9861 97.1443)
UAV2 to SENSOR0 Waypoint: (16.9901 11.9929 97.094)
UAV2 to SENSOR0 Waypoint: (16.9836 11.9995 97.0354)
UAV2 to SENSOR0 Waypoint: (16.9813 12.0048 96.9722)
UAV2 to SENSOR0 Waypoint: (16.9826 12.0083 96.9074)
UAV2 to SENSOR0 Waypoint: (16.9866 12.0096 96.8455)
UAV2 to SENSOR0 Waypoint: (16.992 12.009 96.7843)
UAV2 to SENSOR0 Waypoint: (16.9976 12.007 96.7298)
UAV2 to SENSOR0 Waypoint: (17.0025 12.0042 96.6811)
UAV2 to SENSOR0 Waypoint: (17.0058 12.0013 96.636)
UAV2 to SENSOR0 Waypoint: (17.0074 11.9988 96.5921)
UAV2 to SENSOR0 Waypoint: (17.0073 11.9971 96.5485)
UAV2 to SENSOR0 Waypoint: (17.0059 11.9962 96.5053)
UAV2 to SENSOR0 Waypoint: (17.0037 11.9962 96.4627)
UAV2 to SENSOR0 Waypoint: (17.0013 11.9969 96.4207)
UAV2 to SENSOR0 Waypoint: (16.9991 11.998 96.3797)
UAV2 to SENSOR0 Waypoint: (16.9975 11.9993 96.3396)
UAV2 to SENSOR0 Waypoint: (16.9966 12.0004 96.3006)
UAV2 to SENSOR0 Waypoint: (16.9964 12.0013 96.2627)
UAV2 to SENSOR0 Waypoint: (16.9968 12.0017 96.2258)
UAV2 to SENSOR0 Waypoint: (16.9976 12.0019 96.1907)
UAV2 to SENSOR0 Waypoint: (16.9987 12.0016 96.1547)
UAV2 to SENSOR0 Waypoint: (16.9996 12.0012 96.1213)
UAV2 to SENSOR0 Waypoint: (17.0004 12.0007 96.0888)
UAV2 to SENSOR0 Waypoint: (17.0009 12.0002 96.0571)
UAV2 to SENSOR0 Waypoint: (17.0011 11.9998 96.027)
UAV2 to SENSOR0 Waypoint: (17.001 11.9995 95.9958)
UAV2 to SENSOR0 Waypoint: (17.0007 11.9994 95.9669)
UAV2 to SENSOR0 Waypoint: (17.0003 11.9995 95.9387)
UAV2 to SENSOR0 Waypoint: (16.9998 11.9996 95.9114)
UAV2 to SENSOR0 Waypoint: (16.9995 11.9999 95.8847)
UAV2 to SENSOR0 Waypoint: (16.9992 12.0001 95.8589)
UAV2 to SENSOR0 Waypoint: (16.9991 12.0003 95.8337)
UAV2 to SENSOR0 Waypoint: (16.9991 12.0004 95.8093)
UAV2 to SENSOR0 Waypoint: (16.9992 12.0005 95.7857)
UAV2 to SENSOR0 Waypoint: (16.9994 12.0005 95.7627)
UAV2 to SENSOR1 Waypoint: (16.9996 12.0004 95.7404)
UAV2 to SENSOR1 Waypoint: (16.9997 12.0003 95.7187)
UAV2 to SENSOR1 Waypoint: (16.9207 12.0786 95.1413)
UAV2 to SENSOR1 Waypoint: (16.8935 12.1123 95.1234)
UAV2 to SENSOR1 Waypoint: (16.8853 12.1155 95.1203)
UAV2 to SENSOR1 Waypoint: (16.8791 12.1225 95.1167)
UAV2 to SENSOR1 Waypoint: (16.8738 12.1311 95.113)
UAV2 to SENSOR1 Waypoint: (16.8651 12.1361 95.1092)
UAV2 to SENSOR1 Waypoint: (16.86 12.1437 95.1057)
UAV2 to SENSOR1 Waypoint: (16.8534 12.1509 95.1018)
UAV2 to SENSOR1 Waypoint: (16.8455 12.157 95.098)
UAV2 to SENSOR1 Waypoint: (16.8397 12.165 95.0941)
UAV2 to SENSOR1 Waypoint: (16.8325 12.1719 95.0901)
UAV2 to SENSOR1 Waypoint: (16.8252 12.1785 95.0857)
UAV2 to SENSOR1 Waypoint: (16.8191 12.1864 95.0822)
UAV2 to SENSOR1 Waypoint: (16.8118 12.1932 95.0782)
UAV2 to SENSOR1 Waypoint: (16.8047 12.2002 95.0742)
UAV2 to SENSOR1 Waypoint: (16.7981 12.208 95.0701)
UAV2 to SENSOR1 Waypoint: (16.791 12.2148 95.066)
UAV2 to SENSOR1 Waypoint: (16.784 12.2219 95.0613)
UAV2 to SENSOR1 Waypoint: (16.7773 12.2294 95.0571)
UAV2 to SENSOR1 Waypoint: (16.7701 12.2365 95.0535)
UAV2 to SENSOR1 Waypoint: (16.7631 12.2438 95.0487)
UAV2 to SENSOR1 Waypoint: (16.7562 12.2513 95.0444)
UAV2 to SENSOR1 Waypoint: (16.7491 12.2585 95.0406)
UAV2 to SENSOR1 Waypoint: (16.742 12.2658 95.0363)
UAV2 to SENSOR1 Waypoint: (16.735 12.2734 95.0319)
UAV2 to SENSOR1 Waypoint: (16.7277 12.2809 95.0274)
UAV2 to SENSOR1 Waypoint: (16.7033 12.306 94.7199)
UAV2 to SENSOR1 Waypoint: (16.509 12.5082 92.762)
UAV2 to SENSOR1 Waypoint: (16.0458 12.9852 89.5334)
UAV2 to SENSOR1 Waypoint: (15.2362 13.8208 85.6623)
UAV2 to SENSOR1 Waypoint: (13.9901 15.1097 81.7775)
UAV2 to SENSOR1 Waypoint: (12.2207 16.9319 78.5031)
UAV2 to SENSOR1 Waypoint: (9.91968 19.2966 76.4423)
UAV2 to SENSOR1 Waypoint: (7.17986 22.1003 75.8767)
UAV2 to SENSOR1 Waypoint: (4.14568 25.1818 76.8696)
UAV2 to SENSOR1 Waypoint: (0.982007 28.2503 78.9509)
UAV2 to SENSOR1 Waypoint: (-2.09594 30.7822 81.5764)
UAV2 to SENSOR1 Waypoint: (-4.69326 32.4266 84.1417)
UAV2 to SENSOR1 Waypoint: (-6.51205 33.2332 86.1073)
UAV2 to SENSOR1 Waypoint: (-7.53592 33.3888 87.1421)
UAV2 to SENSOR1 Waypoint: (-7.94062 33.0149 87.2332)
UAV2 to SENSOR1 Waypoint: (-7.80006 32.2202 86.4968)
UAV2 to SENSOR1 Waypoint: (-7.13205 31.133 85.3176)
UAV2 to SENSOR1 Waypoint: (-5.98835 29.9363 83.9777)
UAV2 to SENSOR1 Waypoint: (-4.56283 28.8305 82.9246)
UAV2 to SENSOR1 Waypoint: (-3.13572 27.9961 82.3888)
UAV2 to SENSOR1 Waypoint: (-1.97838 27.5421 82.437)
UAV2 to SENSOR1 Waypoint: (-1.28595 27.4871 82.9195)
UAV2 to SENSOR1 Waypoint: (-1.08201 27.7449 83.6483)
UAV2 to SENSOR1 Waypoint: (-1.27864 28.1831 84.4217)
UAV2 to SENSOR1 Waypoint: (-1.73616 28.6738 85.0876)
UAV2 to SENSOR1 Waypoint: (-2.31075 29.118 85.5546)
UAV2 to SENSOR1 Waypoint: (-2.87929 29.4517 85.7895)
UAV2 to SENSOR1 Waypoint: (-3.35035 29.6442 85.8085)
UAV2 to SENSOR1 Waypoint: (-3.66688 29.6919 85.6802)
UAV2 to SENSOR1 Waypoint: (-3.80519 29.613 85.5053)
UAV2 to SENSOR1 Waypoint: (-3.77569 29.4447 85.3466)
UAV2 to SENSOR1 Waypoint: (-3.6165 29.2338 85.2306)
UAV2 to SENSOR1 Waypoint: (-3.38132 29.0258 85.198)
UAV2 to SENSOR1 Waypoint: (-3.12249 28.8543 85.2592)
UAV2 to SENSOR1 Waypoint: (-2.9046 28.7494 85.3599)
UAV2 to SENSOR1 Waypoint: (-2.74519 28.7083 85.4848)
UAV2 to SENSOR1 Waypoint: (-2.66165 28.7261 85.6159)
UAV2 to SENSOR1 Waypoint: (-2.65453 28.7878 85.7372)
UAV2 to SENSOR1 Waypoint: (-2.70876 28.8734 85.8376)
UAV2 to SENSOR1 Waypoint: (-2.80193 28.9628 85.9129)
UAV2 to SENSOR1 Waypoint: (-2.90975 29.04 85.9648)
UAV2 to SENSOR1 Waypoint: (-3.01058 29.094 86.0009)
UAV2 to SENSOR1 Waypoint: (-3.08845 29.1205 86.035)
UAV2 to SENSOR1 Waypoint: (-3.13464 29.1204 86.0729)
UAV2 to SENSOR1 Waypoint: (-3.14772 29.0993 86.1241)
UAV2 to SENSOR1 Waypoint: (-3.13249 29.0654 86.1719)
UAV2 to SENSOR1 Waypoint: (-3.09751 29.0273 86.2184)
UAV2 to SENSOR1 Waypoint: (-3.053 28.9925 86.265)
UAV2 to SENSOR1 Waypoint: (-3.00868 28.9663 86.3119)
UAV2 to SENSOR1 Waypoint: (-2.97223 28.9515 86.3588)
UAV2 to SENSOR1 Waypoint: (-2.94798 28.9483 86.4053)
UAV2 to SENSOR1 Waypoint: (-2.93846 28.9547 86.4509)
UAV2 to SENSOR1 Waypoint: (-2.94161 28.968 86.4955)
UAV2 to SENSOR1 Waypoint: (-2.95401 28.9835 86.539)
UAV2 to SENSOR1 Waypoint: (-2.97194 28.9989 86.5814)
UAV2 to SENSOR1 Waypoint: (-2.99104 29.0113 86.6225)
UAV2 to SENSOR1 Waypoint: (-3.00773 29.0191 86.6625)
UAV2 to SENSOR1 Waypoint: (-3.01954 29.022 86.7014)
UAV2 to SENSOR1 Waypoint: (-3.02531 29.0204 86.7392)
UAV2 to SENSOR1 Waypoint: (-3.02553 29.0156 86.7757)
UAV2 to SENSOR1 Waypoint: (-3.02132 29.0091 86.811)
UAV2 to SENSOR1 Waypoint: (-3.01435 29.0025 86.8445)
UAV2 to SENSOR1 Waypoint: (-3.00641 28.9968 86.8783)
UAV2 to SENSOR1 Waypoint: (-2.99907 28.9929 86.9119)
UAV2 to SENSOR1 Waypoint: (-2.99349 28.9911 86.9432)
UAV2 to SENSOR1 Waypoint: (-2.99027 28.9912 86.9729)
UAV2 to SENSOR1 Waypoint: (-2.98948 28.9929 87.003)
UAV2 to SENSOR1 Waypoint: (-2.99077 28.9954 87.0329)
UAV2 to SENSOR1 Waypoint: (-2.99345 28.9983 87.0607)
UAV2 to SENSOR1 Waypoint: (-2.99676 29.0009 87.0871)
UAV2 to SENSOR1 Waypoint: (-2.99999 29.0028 87.1145)
UAV2 to SENSOR1 Waypoint: (-3.0026 29.0038 87.1395)
UAV2 to SENSOR1 Waypoint: (-3.00427 29.004 87.1653)
UAV2 to SENSOR1 Waypoint: (-3.0049 29.0035 87.1894)
UAV2 to SENSOR1 Waypoint: (-3.0046 29.0025 87.2128)
UAV2 to SENSOR2 Waypoint: (-3.0036 29.0013 87.2357)
UAV2 to SENSOR2 Waypoint: (-3.00224 29.0001 87.2579)
UAV2 to SENSOR2 Waypoint: (-3.12907 29.1257 86.9189)
UAV2 to SENSOR2 Waypoint: (-3.76611 29.743 85.89)
UAV2 to SENSOR2 Waypoint: (-4.85522 30.8534 84.4459)
UAV2 to SENSOR2 Waypoint: (-6.40638 32.4391 82.9187)
UAV2 to SENSOR2 Waypoint: (-8.40008 34.4645 81.5241)
UAV2 to SENSOR2 Waypoint: (-10.7388 36.8629 80.6339)
UAV2 to SENSOR2 Waypoint: (-13.3571 39.5068 80.3768)
UAV2 to SENSOR2 Waypoint: (-16.0531 42.0916 80.8361)
UAV2 to SENSOR2 Waypoint: (-18.3451 44.067 81.9143)
UAV2 to SENSOR2 Waypoint: (-19.8481 45.1868 83.245)
UAV2 to SENSOR2 Waypoint: (-20.5195 45.4835 84.4016)
UAV2 to SENSOR2 Waypoint: (-20.4944 45.1477 85.1087)
UAV2 to SENSOR2 Waypoint: (-19.9723 44.4188 85.2966)
UAV2 to SENSOR2 Waypoint: (-19.0925 43.4403 85.0528)
UAV2 to SENSOR2 Waypoint: (-18.0668 42.4392 84.6041)
UAV2 to SENSOR2 Waypoint: (-17.0771 41.5726 84.1291)
UAV2 to SENSOR2 Waypoint: (-16.2825 40.9634 83.7484)
UAV2 to SENSOR2 Waypoint: (-15.7862 40.67 83.5182)
UAV2 to SENSOR2 Waypoint: (-15.617 40.683 83.4453)
UAV2 to SENSOR2 Waypoint: (-15.7368 40.9353 83.5082)
UAV2 to SENSOR2 Waypoint: (-16.0571 41.3254 83.6233)
UAV2 to SENSOR2 Waypoint: (-16.4782 41.7547 83.7635)
UAV2 to SENSOR2 Waypoint: (-16.9066 42.1416 83.9025)
UAV2 to SENSOR2 Waypoint: (-17.2615 42.4231 84.0152)
UAV2 to SENSOR2 Waypoint: (-17.4974 42.5732 84.0821)
UAV2 to SENSOR2 Waypoint: (-17.5993 42.5942 84.0955)
UAV2 to SENSOR2 Waypoint: (-17.5772 42.509 84.0788)
UAV2 to SENSOR2 Waypoint: (-17.4601 42.3536 84.0557)
UAV2 to SENSOR3 Waypoint: (-17.2885 42.1703 84.0366)
UAV2 to SENSOR3 Waypoint: (-17.1048 41.9983 84.0244)
UAV2 to SENSOR3 Waypoint: (-17.0985 42.0135 83.8679)
UAV2 to SENSOR3 Waypoint: (-17.7264 42.6365 83.3984)
UAV2 to SENSOR3 Waypoint: (-18.8835 43.7859 82.716)
UAV2 to SENSOR3 Waypoint: (-20.4615 45.2403 82.0297)
UAV2 to SENSOR3 Waypoint: (-22.1605 46.7118 81.6369)
UAV2 to SENSOR3 Waypoint: (-23.6547 47.9168 81.636)
UAV2 to SENSOR3 Waypoint: (-24.6939 48.6812 81.9506)
UAV2 to SENSOR3 Waypoint: (-25.1915 48.9629 82.4093)
UAV2 to SENSOR3 Waypoint: (-25.1907 48.8283 82.8677)
UAV2 to SENSOR3 Waypoint: (-24.8145 48.4063 83.1915)
UAV2 to SENSOR3 Waypoint: (-24.2152 47.8351 83.3552)
UAV2 to SENSOR3 Waypoint: (-23.5389 47.2447 83.3748)
UAV2 to SENSOR3 Waypoint: (-22.9134 46.7361 83.305)
UAV2 to SENSOR3 Waypoint: (-22.4332 46.3789 83.2162)
UAV2 to SENSOR3 Waypoint: (-22.1515 46.2035 83.13)
UAV2 to SENSOR3 Waypoint: (-22.0761 46.2036 83.0524)
UAV2 to SENSOR3 Waypoint: (-22.1778 46.343 82.9995)
UAV2 to SENSOR3 Waypoint: (-22.4026 46.5686 82.9768)
UAV2 to SENSOR4 Waypoint: (-22.6861 46.8239 82.9731)
UAV2 to SENSOR4 Waypoint: (-22.9522 47.0433 82.9631)
UAV2 to SENSOR4 Waypoint: (-23.0344 47.1047 82.9771)
UAV2 to SENSOR4 Waypoint: (-23.0381 47.0947 82.9738)
UAV2 to SENSOR4 Waypoint: (-23.039 47.0906 82.97)
UAV2 to SENSOR4 Waypoint: (-23.0449 47.0805 82.9694)
UAV2 to SENSOR4 Waypoint: (-23.0469 47.0741 82.9658)
UAV2 to SENSOR4 Waypoint: (-23.0509 47.0664 82.9641)
UAV2 to SENSOR4 Waypoint: (-23.0542 47.0585 82.9616)
UAV2 to SENSOR4 Waypoint: (-23.0574 47.0515 82.9591)
UAV2 to SENSOR4 Waypoint: (-23.0609 47.0435 82.9571)
UAV2 to SENSOR4 Waypoint: (-23.064 47.0362 82.9545)
UAV2 to SENSOR4 Waypoint: (-23.0674 47.0285 82.9524)
UAV2 to SENSOR4 Waypoint: (-23.0705 47.0209 82.95)
UAV2 to SENSOR4 Waypoint: (-23.0737 47.0134 82.9478)
UAV2 to SENSOR4 Waypoint: (-23.0769 47.0057 82.9453)
UAV2 to SENSOR4 Waypoint: (-23.08 46.9982 82.9433)
UAV2 to SENSOR4 Waypoint: (-23.083 46.9906 82.9411)
UAV2 to SENSOR4 Waypoint: (-23.0861 46.983 82.9389)
UAV2 to SENSOR4 Waypoint: (-23.0891 46.9754 82.9367)
UAV2 to SENSOR4 Waypoint: (-23.0921 46.9677 82.9345)
UAV2 to SENSOR4 Waypoint: (-23.095 46.9601 82.9324)
UAV2 to SENSOR4 Waypoint: (-23.0981 46.9521 82.9302)
UAV2 to SENSOR4 Waypoint: (-23.1008 46.9448 82.9281)
UAV2 to SENSOR4 Waypoint: (-23.1037 46.9373 82.926)
UAV2 to SENSOR4 Waypoint: (-23.1065 46.9296 82.9239)
UAV2 to SENSOR4 Waypoint: (-23.1093 46.922 82.9218)
UAV2 to SENSOR4 Waypoint: (-23.1121 46.9143 82.9198)
UAV2 to SENSOR4 Waypoint: (-23.1149 46.9067 82.9178)
UAV2 to SENSOR4 Waypoint: (-23.1176 46.8991 82.9157)
UAV2 to SENSOR4 Waypoint: (-23.1203 46.8914 82.9138)
UAV2 to SENSOR4 Waypoint: (-23.1229 46.8838 82.9118)
UAV2 to SENSOR4 Waypoint: (-23.1256 46.8762 82.9098)
UAV2 to SENSOR4 Waypoint: (-23.1282 46.8685 82.9079)
UAV2 to SENSOR4 Waypoint: (-23.1308 46.8609 82.906)
UAV2 to SENSOR4 Waypoint: (-23.1334 46.8533 82.9041)
UAV2 to SENSOR4 Waypoint: (-23.1359 46.8456 82.9018)
UAV2 to SENSOR4 Waypoint: (-23.1385 46.8381 82.9004)
UAV2 to SENSOR4 Waypoint: (-23.141 46.8304 82.8986)
UAV2 to SENSOR4 Waypoint: (-23.1434 46.8228 82.8968)
UAV2 to SENSOR4 Waypoint: (-23.1459 46.8153 82.895)
UAV2 to SENSOR4 Waypoint: (-23.1483 46.8076 82.8933)
UAV2 to SENSOR4 Waypoint: (-23.1508 46.8 82.8915)
UAV2 to SENSOR4 Waypoint: (-23.1575 46.7904 82.8906)
UAV2 to SENSOR4 Waypoint: (-23.1602 46.7819 82.8907)
UAV2 to SENSOR4 Waypoint: (-23.1653 46.7705 82.8893)
UAV2 to SENSOR4 Waypoint: (-23.1781 46.7619 82.8897)
UAV2 to SENSOR4 Waypoint: (-23.1821 46.7525 82.8923)
UAV2 to SENSOR4 Waypoint: (-23.1839 46.7385 82.8911)
UAV2 to SENSOR4 Waypoint: (-23.192 46.7271 82.8913)
UAV2 to SENSOR4 Waypoint: (-23.1961 46.7128 82.8918)
UAV2 to SENSOR4 Waypoint: (-23.1998 46.6992 82.8912)
UAV2 to SENSOR4 Waypoint: (-23.2073 46.6869 82.8913)
UAV2 to SENSOR4 Waypoint: (-23.2113 46.6721 82.9001)
UAV2 to SENSOR4 Waypoint: (-23.469 46.0492 83.9745)
UAV2 to SENSOR4 Waypoint: (-24.0966 44.4526 86.2446)
UAV2 to SENSOR4 Waypoint: (-24.7697 42.2306 88.9032)
UAV2 to SENSOR4 Waypoint: (-25.3602 39.8151 91.2654)
UAV2 to SENSOR4 Waypoint: (-25.7859 37.5549 92.9218)
UAV2 to SENSOR4 Waypoint: (-26.0239 35.8068 93.7085)
UAV2 to SENSOR4 Waypoint: (-26.0885 34.6866 93.6353)
UAV2 to SENSOR4 Waypoint: (-26.0047 34.1816 92.8735)
UAV2 to SENSOR4 Waypoint: (-25.8092 34.2974 91.6695)
UAV2 to SENSOR4 Waypoint: (-25.5348 34.9444 90.2183)
UAV2 to SENSOR4 Waypoint: (-25.2312 35.966 88.9072)
UAV2 to SENSOR4 Waypoint: (-24.9504 37.1421 87.9793)
UAV2 to SENSOR4 Waypoint: (-24.738 38.2488 87.5213)
UAV2 to SENSOR4 Waypoint: (-24.6307 39.0308 87.576)
UAV2 to SENSOR4 Waypoint: (-24.6177 39.4517 87.9545)
UAV2 to SENSOR4 Waypoint: (-24.6796 39.5075 88.482)
UAV2 to SENSOR4 Waypoint: (-24.7857 39.2814 88.9899)
UAV2 to SENSOR4 Waypoint: (-24.9061 38.8845 89.3543)
UAV2 to SENSOR4 Waypoint: (-25.0172 38.4246 89.5125)
UAV2 to SENSOR4 Waypoint: (-25.1028 37.9909 89.4589)
UAV2 to SENSOR4 Waypoint: (-25.154 37.6482 89.2847)
UAV2 to SENSOR4 Waypoint: (-25.169 37.4348 89.0213)
UAV2 to SENSOR4 Waypoint: (-25.1524 37.3612 88.7412)
UAV2 to SENSOR4 Waypoint: (-25.1133 37.4125 88.4597)
UAV2 to SENSOR4 Waypoint: (-25.0626 37.5559 88.2466)
UAV2 to SENSOR4 Waypoint: (-25.0115 37.7479 88.1172)
UAV2 to SENSOR4 Waypoint: (-24.9692 37.9444 88.0705)
UAV2 to SENSOR4 Waypoint: (-24.9412 38.1097 88.0854)
UAV2 to SENSOR4 Waypoint: (-24.9295 38.2213 88.1053)
UAV2 to SENSOR4 Waypoint: (-24.9324 38.2713 88.1095)
UAV2 to SENSOR4 Waypoint: (-24.9464 38.2642 88.0944)
UAV2 to SENSOR4 Waypoint: (-24.9668 38.2131 88.0639)
UAV2 to SENSOR4 Waypoint: (-24.9887 38.1359 88.023)
UAV2 to SENSOR4 Waypoint: (-25.008 38.0513 87.9758)
UAV2 to SENSOR4 Waypoint: (-25.022 37.9755 87.9253)
UAV2 to SENSOR4 Waypoint: (-25.0293 37.9198 87.8736)
UAV2 to SENSOR4 Waypoint: (-25.0301 37.8896 87.8215)
UAV2 to SENSOR4 Waypoint: (-25.0256 37.8847 87.7561)
UAV2 to SENSOR4 Waypoint: (-25.0176 37.9009 87.6976)
UAV2 to SENSOR4 Waypoint: (-25.0083 37.9309 87.6471)
UAV2 to SENSOR4 Waypoint: (-24.9996 37.9667 87.6034)
UAV2 to SENSOR4 Waypoint: (-24.9928 38.0009 87.5619)
UAV2 to SENSOR4 Waypoint: (-24.9887 38.0278 87.5208)
UAV2 to SENSOR4 Waypoint: (-24.9875 38.0443 87.4795)
UAV2 to SENSOR4 Waypoint: (-24.9888 38.0497 87.4385)
UAV2 to SENSOR4 Waypoint: (-24.9918 38.0454 87.3978)
UAV2 to SENSOR4 Waypoint: (-24.9956 38.0341 87.3578)
UAV2 to SENSOR4 Waypoint: (-24.9995 38.0194 87.3186)
UAV2 to SENSOR4 Waypoint: (-25.0027 38.0043 87.2803)
UAV2 to SENSOR4 Waypoint: (-25.0048 37.9917 87.2431)
UAV2 to SENSOR4 Waypoint: (-25.0057 37.9832 87.2009)
UAV2 to SENSOR4 Waypoint: (-25.0055 37.9794 87.1648)
UAV2 to SENSOR4 Waypoint: (-25.0044 37.98 87.132)
UAV2 to SENSOR4 Waypoint: (-25.0028 37.9841 87.1006)
UAV2 to SENSOR4 Waypoint: (-25.0012 37.9899 87.0699)
UAV2 to SENSOR4 Waypoint: (-24.9997 37.9964 87.0397)
UAV2 to SENSOR4 Waypoint: (-24.9986 38.0021 87.01)
UAV2 to SENSOR4 Waypoint: (-24.9981 38.0064 86.981)
UAV2 to SENSOR4 Waypoint: (-24.9981 38.0086 86.9526)
UAV2 to SENSOR4 Waypoint: (-24.9984 38.009 86.9249)
UAV2 to SENSOR4 Waypoint: (-24.999 38.0077 86.8979)
UAV2 to SENSOR4 Waypoint: (-24.9997 38.0054 86.8724)
UAV2 to SENSOR4 Waypoint: (-25.0004 38.0026 86.8459)
UAV2 to SENSOR4 Waypoint: (-25.0009 38 86.8219)
UAV2 to SENSOR4 Waypoint: (-25.0012 37.998 86.7971)
UAV2 to SENSOR4 Waypoint: (-25.0013 37.9968 86.774)
UAV2 to SENSOR5 Waypoint: (-25.0012 37.9964 86.7515)
UAV2 to SENSOR5 Waypoint: (-25.001 37.9967 86.7295)
UAV2 to SENSOR5 Waypoint: (-25.3326 37.6707 87.4671)
UAV2 to SENSOR5 Waypoint: (-26.8381 36.2113 89.9069)
UAV2 to SENSOR5 Waypoint: (-29.1356 33.8867 93.4808)
UAV2 to SENSOR5 Waypoint: (-31.8729 31.0833 97.7338)
UAV2 to SENSOR5 Waypoint: (-34.6343 28.1584 101.866)
UAV2 to SENSOR5 Waypoint: (-36.9247 25.3077 105.01)
UAV2 to SENSOR5 Waypoint: (-38.6384 22.5982 106.726)
UAV2 to SENSOR5 Waypoint: (-39.7241 20.0309 106.991)
UAV2 to SENSOR5 Waypoint: (-40.2747 17.5644 106.023)
UAV2 to SENSOR5 Waypoint: (-40.3028 15.1284 104.244)
UAV2 to SENSOR5 Waypoint: (-39.7957 12.6629 102.077)
UAV2 to SENSOR5 Waypoint: (-38.7366 10.2014 99.9805)
UAV2 to SENSOR5 Waypoint: (-37.2073 8.06583 98.435)
UAV2 to SENSOR5 Waypoint: (-35.5552 6.62324 97.7477)
UAV2 to SENSOR5 Waypoint: (-34.1628 6.05489 97.9202)
UAV2 to SENSOR5 Waypoint: (-33.2704 6.26507 98.6805)
UAV2 to SENSOR5 Waypoint: (-32.9242 6.99404 99.7146)
UAV2 to SENSOR5 Waypoint: (-33.0383 7.94664 100.74)
UAV2 to SENSOR5 Waypoint: (-33.4645 8.88416 101.548)
UAV2 to SENSOR5 Waypoint: (-34.0498 9.64947 102.025)
UAV2 to SENSOR5 Waypoint: (-34.6627 10.1597 102.141)
UAV2 to SENSOR5 Waypoint: (-35.2024 10.3891 101.939)
UAV2 to SENSOR5 Waypoint: (-35.599 10.3506 101.561)
UAV2 to SENSOR5 Waypoint: (-35.815 10.0974 101.11)
UAV2 to SENSOR5 Waypoint: (-35.847 9.70959 100.688)
UAV2 to SENSOR5 Waypoint: (-35.7228 9.27825 100.383)
UAV2 to SENSOR5 Waypoint: (-35.4947 8.8881 100.212)
UAV2 to SENSOR5 Waypoint: (-35.2298 8.60572 100.21)
UAV2 to SENSOR5 Waypoint: (-34.9688 8.44598 100.313)
UAV2 to SENSOR5 Waypoint: (-34.7684 8.41822 100.456)
UAV2 to SENSOR5 Waypoint: (-34.6504 8.49777 100.586)
UAV2 to SENSOR5 Waypoint: (-34.6173 8.64721 100.683)
UAV2 to SENSOR5 Waypoint: (-34.6565 8.82568 100.723)
UAV2 to SENSOR6 Waypoint: (-34.7461 8.99659 100.714)
UAV2 to SENSOR6 Waypoint: (-34.8607 9.1324 100.687)
UAV2 to SENSOR6 Waypoint: (-34.9741 9.26787 100.093)
UAV2 to SENSOR6 Waypoint: (-34.9805 9.27153 100.093)
UAV2 to SENSOR6 Waypoint: (-34.9605 9.281 100.09)
UAV2 to SENSOR6 Waypoint: (-34.9871 9.29708 100.087)
UAV2 to SENSOR6 Waypoint: (-34.9734 9.30591 100.083)
UAV2 to SENSOR6 Waypoint: (-34.9635 9.30908 100.081)
UAV2 to SENSOR6 Waypoint: (-34.9957 9.32509 100.079)
UAV2 to SENSOR6 Waypoint: (-34.9603 9.33663 100.074)
UAV2 to SENSOR6 Waypoint: (-34.9755 9.34977 100.07)
UAV2 to SENSOR6 Waypoint: (-34.9887 9.35492 100.067)
UAV2 to SENSOR6 Waypoint: (-34.9479 9.36545 100.064)
UAV2 to SENSOR6 Waypoint: (-34.9925 9.38369 100.058)
UAV2 to SENSOR6 Waypoint: (-35.0923 9.44884 98.7219)
UAV2 to SENSOR6 Waypoint: (-35.1522 9.68514 95.6041)
UAV2 to SENSOR6 Waypoint: (-35.2093 10.1655 91.296)
UAV2 to SENSOR6 Waypoint: (-35.2282 10.9526 86.3445)
UAV2 to SENSOR6 Waypoint: (-35.2175 12.1411 81.3768)
UAV2 to SENSOR6 Waypoint: (-35.1778 13.8384 77.0688)
UAV2 to SENSOR6 Waypoint: (-35.1028 16.0675 74.0982)
UAV2 to SENSOR6 Waypoint: (-35.0231 18.5102 73.0123)
UAV2 to SENSOR6 Waypoint: (-34.955 20.4807 73.9115)
UAV2 to SENSOR6 Waypoint: (-34.9174 21.549 76.2083)
UAV2 to SENSOR6 Waypoint: (-34.9078 21.7459 79.0754)
UAV2 to SENSOR6 Waypoint: (-34.9184 21.3629 81.7295)
UAV2 to SENSOR6 Waypoint: (-34.9394 20.6907 83.6538)
UAV2 to SENSOR6 Waypoint: (-34.9641 19.9291 84.6458)
UAV2 to SENSOR6 Waypoint: (-34.9884 19.206 84.7537)
UAV2 to SENSOR6 Waypoint: (-35.0095 18.5975 84.1679)
UAV2 to SENSOR6 Waypoint: (-35.0251 18.1676 83.2115)
UAV2 to SENSOR6 Waypoint: (-35.0336 17.9562 82.1599)
UAV2 to SENSOR6 Waypoint: (-35.0346 17.9689 81.2545)
UAV2 to SENSOR6 Waypoint: (-35.0289 18.1758 80.6726)
UAV2 to SENSOR6 Waypoint: (-35.0191 18.4898 80.5026)
UAV2 to SENSOR6 Waypoint: (-35.0076 18.8408 80.7352)
UAV2 to SENSOR6 Waypoint: (-34.9971 19.1471 81.2124)
UAV2 to SENSOR6 Waypoint: (-34.9895 19.3606 81.8364)
UAV2 to SENSOR6 Waypoint: (-34.9854 19.4646 82.4305)
UAV2 to SENSOR6 Waypoint: (-34.9847 19.4674 82.8993)
UAV2 to SENSOR6 Waypoint: (-34.9868 19.392 83.1866)
UAV2 to SENSOR6 Waypoint: (-34.9907 19.2654 83.2857)
UAV2 to SENSOR6 Waypoint: (-34.9953 19.1263 83.2315)
UAV2 to SENSOR6 Waypoint: (-34.9998 18.993 83.1317)
UAV2 to SENSOR6 Waypoint: (-35.0035 18.8881 83.0354)
UAV2 to SENSOR6 Waypoint: (-35.0059 18.8234 82.9797)
UAV2 to SENSOR6 Waypoint: (-35.0068 18.8036 82.9857)
UAV2 to SENSOR6 Waypoint: (-35.0064 18.8226 83.0307)
UAV2 to SENSOR6 Waypoint: (-35.005 18.8687 83.0968)
UAV2 to SENSOR6 Waypoint: (-35.0031 18.9281 83.1779)
UAV2 to SENSOR6 Waypoint: (-35.0011 18.9876 83.2698)
UAV2 to SENSOR6 Waypoint: (-34.9994 19.0368 83.3666)
UAV2 to SENSOR6 Waypoint: (-34.9982 19.0693 83.4598)
UAV2 to SENSOR6 Waypoint: (-34.9976 19.0829 83.5505)
UAV2 to SENSOR6 Waypoint: (-34.9976 19.0794 83.6293)
UAV2 to SENSOR6 Waypoint: (-34.9981 19.0628 83.6969)
UAV2 to SENSOR6 Waypoint: (-34.9989 19.0389 83.7534)
UAV2 to SENSOR6 Waypoint: (-34.9997 19.0135 83.8043)
UAV2 to SENSOR6 Waypoint: (-35.0005 18.9914 83.8552)
UAV2 to SENSOR6 Waypoint: (-35.0011 18.9755 83.9058)
UAV2 to SENSOR6 Waypoint: (-35.0014 18.9672 83.9587)
UAV2 to SENSOR6 Waypoint: (-35.0014 18.9665 84.013)
UAV2 to SENSOR6 Waypoint: (-35.0013 18.9717 84.0679)
UAV2 to SENSOR6 Waypoint: (-35.001 18.9808 84.1225)
UAV2 to SENSOR6 Waypoint: (-35.0007 18.9913 84.1763)
UAV2 to SENSOR6 Waypoint: (-35.0003 19.0013 84.229)
UAV2 to SENSOR6 Waypoint: (-35.0001 19.009 84.2803)
UAV2 to SENSOR6 Waypoint: (-34.9999 19.0136 84.3302)
UAV2 to SENSOR6 Waypoint: (-34.9998 19.0148 84.3786)
UAV2 to SENSOR6 Waypoint: (-34.9999 19.0133 84.4257)
UAV2 to SENSOR6 Waypoint: (-35 19.0098 84.4713)
UAV2 to SENSOR6 Waypoint: (-35.0001 19.0053 84.5157)
UAV2 to SENSOR6 Waypoint: (-35.0003 19.0009 84.5587)
UAV2 to SENSOR6 Waypoint: (-35.0004 18.9973 84.6005)
UAV2 to SENSOR6 Waypoint: (-35.0005 18.9949 84.6411)
UAV2 to SENSOR6 Waypoint: (-35.0005 18.994 84.6805)
UAV2 to SENSOR6 Waypoint: (-35.0005 18.9943 84.7187)
UAV2 to SENSOR6 Waypoint: (-35.0005 18.9956 84.7559)
UAV2 to SENSOR6 Waypoint: (-35.0004 18.9973 84.791)
UAV2 to SENSOR6 Waypoint: (-35.0004 18.9993 84.8272)
UAV2 to SENSOR6 Waypoint: (-35.0003 19.0009 84.8609)
UAV2 to SENSOR6 Waypoint: (-35.0003 19.0021 84.8938)
UAV2 to SENSOR6 Waypoint: (-35.0002 19.0027 84.9257)
UAV2 to SENSOR6 Waypoint: (-35.0002 19.0027 84.9568)
UAV2 to SENSOR6 Waypoint: (-35.0002 19.0023 84.9871)
UAV2 to SENSOR6 Waypoint: (-35.0003 19.0016 85.0165)
UAV2 to SENSOR6 Waypoint: (-35.0003 19.0008 85.0451)
UAV2 to SENSOR6 Waypoint: (-35.0003 19 85.0721)
UAV2 to SENSOR6 Waypoint: (-35.0003 18.9995 85.1001)
UAV2 to SENSOR6 Waypoint: (-35.0004 18.9991 85.1262)
UAV2 to SENSOR6 Waypoint: (-35.0004 18.9991 85.1515)
UAV2 to SENSOR6 Waypoint: (-35.0004 18.9992 85.1761)
UAV2 to SENSOR6 Waypoint: (-35.0003 18.9994 85.2)
UAV2 to SENSOR6 Waypoint: (-35.0003 18.9998 85.2226)
UAV2 to SENSOR6 Waypoint: (-35.0003 19.0001 85.2461)
UAV2 to SENSOR7 Waypoint: (-35.0003 19.0004 85.2679)
UAV2 to SENSOR7 Waypoint: (-35.0003 19.0006 85.2891)
UAV2 to SENSOR7 Waypoint: (-35.0616 18.9397 84.6328)
UAV2 to SENSOR7 Waypoint: (-35.2984 18.7103 82.0766)
UAV2 to SENSOR7 Waypoint: (-35.7252 18.272 78.0623)
UAV2 to SENSOR7 Waypoint: (-36.4223 17.5571 73.1884)
UAV2 to SENSOR7 Waypoint: (-37.481 16.4749 68.07)
UAV2 to SENSOR7 Waypoint: (-39.0026 14.9019 63.3701)
UAV2 to SENSOR7 Waypoint: (-41.0864 12.7685 59.7903)
UAV2 to SENSOR7 Waypoint: (-43.6473 10.1023 57.9874)
UAV2 to SENSOR7 Waypoint: (-46.2395 7.07354 58.2404)
UAV2 to SENSOR7 Waypoint: (-48.1049 4.21407 60.354)
UAV2 to SENSOR7 Waypoint: (-48.9478 2.2476 63.4228)
UAV2 to SENSOR7 Waypoint: (-48.9649 1.30122 66.5685)
UAV2 to SENSOR7 Waypoint: (-48.5084 1.12921 69.0164)
UAV2 to SENSOR7 Waypoint: (-47.824 1.47589 70.2996)
UAV2 to SENSOR7 Waypoint: (-47.0663 2.16148 70.4785)
UAV2 to SENSOR7 Waypoint: (-46.3299 3.04625 69.7813)
UAV2 to SENSOR7 Waypoint: (-45.6845 4.03348 68.5983)
UAV2 to SENSOR7 Waypoint: (-45.2373 4.93177 67.3019)
UAV2 to SENSOR7 Waypoint: (-45.0056 5.66506 66.1019)
UAV2 to SENSOR7 Waypoint: (-45.0082 6.11655 65.2822)
UAV2 to SENSOR7 Waypoint: (-45.2049 6.24892 64.9222)
UAV2 to SENSOR7 Waypoint: (-45.519 6.09937 65.0217)
UAV2 to SENSOR7 Waypoint: (-45.86 5.76439 65.4414)
UAV2 to SENSOR7 Waypoint: (-46.1548 5.35518 66.0413)
UAV2 to SENSOR7 Waypoint: (-46.3593 4.96767 66.6613)
UAV2 to SENSOR7 Waypoint: (-46.4592 4.66638 67.17)
UAV2 to SENSOR7 Waypoint: (-46.4624 4.48256 67.4819)
UAV2 to SENSOR7 Waypoint: (-46.3899 4.42067 67.595)
UAV2 to SENSOR7 Waypoint: (-46.2696 4.46493 67.5119)
UAV2 to SENSOR7 Waypoint: (-46.1295 4.58889 67.3363)
UAV2 to SENSOR7 Waypoint: (-45.9966 4.75693 67.1382)
UAV2 to SENSOR7 Waypoint: (-45.8922 4.93197 66.9681)
UAV2 to SENSOR7 Waypoint: (-45.8295 5.0797 66.8629)
UAV2 to SENSOR7 Waypoint: (-45.8089 5.18721 66.8384)
UAV2 to SENSOR7 Waypoint: (-45.8266 5.23884 66.8773)
UAV2 to SENSOR7 Waypoint: (-45.8711 5.23781 66.9358)
UAV2 to SENSOR7 Waypoint: (-45.9287 5.19562 66.9958)
UAV2 to SENSOR7 Waypoint: (-45.9867 5.12838 67.0497)
